#
# A fatal error has been detected by the Java Runtime Environment:
#
#  SIGSEGV (0xb) at pc=0x00007f908415f009, pid=20894, tid=20895
#
# JRE version: OpenJDK Runtime Environment (9.0) (build 9-internal+0-2016-04-14-195246.buildd.src)
# Java VM: OpenJDK 64-Bit Server VM (9-internal+0-2016-04-14-195246.buildd.src, mixed mode, tiered, compressed oops, g1 gc, linux-amd64)
# Problematic frame:
# C  [libjava.so+0x1d009]  JNU_GetEnv+0x19
#
# Core dump will be written. Default location: Core dumps may be processed with "/usr/share/apport/apport %p %s %c %P" (or dumping to /home/orgho/Documents/nand2tetris/tools/core.20894)
#
# If you would like to submit a bug report, please visit:
#   http://bugreport.java.com/bugreport/crash.jsp
# The crash happened outside the Java Virtual Machine in native code.
# See problematic frame for where to report the bug.
#

---------------  S U M M A R Y ------------

Command Line: HardwareSimulatorMain

Host: Intel(R) Core(TM) i7-6700HQ CPU @ 2.60GHz, 8 cores, 15G, Ubuntu 16.04 LTS
Time: Tue Nov  1 22:47:15 2016 CDT elapsed time: 5 seconds (0d 0h 0m 5s)

---------------  T H R E A D  ---------------

Current thread (0x00007f9080011000):  JavaThread "main" [_thread_in_native, id=20895, stack(0x00007f9086e97000,0x00007f9086f98000)]

Stack: [0x00007f9086e97000,0x00007f9086f98000],  sp=0x00007f9086f94f00,  free space=1015k
Native frames: (J=compiled Java code, j=interpreted, Vv=VM code, C=native code)
C  [libjava.so+0x1d009]  JNU_GetEnv+0x19
C  [libfontmanager.so+0x33f8e]
C  [libfreetype.so.6+0x14d1b]  FT_Stream_Seek+0x1b

Java frames: (J=compiled Java code, j=interpreted, Vv=VM code)
j  sun.font.FreetypeFontScaler.initNativeScaler(Lsun/font/Font2D;IIZI)J+0 java.desktop@9-internal
j  sun.font.FreetypeFontScaler.<init>(Lsun/font/Font2D;IZI)V+26 java.desktop@9-internal
v  ~StubRoutines::call_stub
j  sun.reflect.NativeConstructorAccessorImpl.newInstance0(Ljava/lang/reflect/Constructor;[Ljava/lang/Object;)Ljava/lang/Object;+0 java.base@9-internal
j  sun.reflect.NativeConstructorAccessorImpl.newInstance([Ljava/lang/Object;)Ljava/lang/Object;+85 java.base@9-internal
j  sun.reflect.DelegatingConstructorAccessorImpl.newInstance([Ljava/lang/Object;)Ljava/lang/Object;+5 java.base@9-internal
j  java.lang.reflect.Constructor.newInstance([Ljava/lang/Object;)Ljava/lang/Object;+65 java.base@9-internal
j  sun.font.FontScaler.getScaler(Lsun/font/Font2D;IZI)Lsun/font/FontScaler;+39 java.desktop@9-internal
j  sun.font.TrueTypeFont.getScaler()Lsun/font/FontScaler;+21 java.desktop@9-internal
j  sun.font.FileFontStrike.<init>(Lsun/font/FileFont;Lsun/font/FontStrikeDesc;)V+204 java.desktop@9-internal
j  sun.font.FileFont.createStrike(Lsun/font/FontStrikeDesc;)Lsun/font/FontStrike;+18 java.desktop@9-internal
j  sun.font.Font2D.getStrike(Lsun/font/FontStrikeDesc;Z)Lsun/font/FontStrike;+92 java.desktop@9-internal
j  sun.font.Font2D.getStrike(Lsun/font/FontStrikeDesc;)Lsun/font/FontStrike;+3 java.desktop@9-internal
j  sun.font.CompositeStrike.getStrikeForSlot(I)Lsun/font/PhysicalStrike;+23 java.desktop@9-internal
j  sun.font.CompositeStrike.getFontMetrics()Lsun/font/StrikeMetrics;+31 java.desktop@9-internal
j  sun.font.FontDesignMetrics.initMatrixAndMetrics()V+28 java.desktop@9-internal
j  sun.font.FontDesignMetrics.<init>(Ljava/awt/Font;Ljava/awt/font/FontRenderContext;)V+62 java.desktop@9-internal
j  sun.font.FontDesignMetrics.getMetrics(Ljava/awt/Font;Ljava/awt/font/FontRenderContext;)Lsun/font/FontDesignMetrics;+128 java.desktop@9-internal
j  sun.swing.SwingUtilities2.getFontMetrics(Ljavax/swing/JComponent;Ljava/awt/Font;)Ljava/awt/FontMetrics;+15 java.desktop@9-internal
j  javax.swing.JComponent.getFontMetrics(Ljava/awt/Font;)Ljava/awt/FontMetrics;+2 java.desktop@9-internal
j  javax.swing.text.PlainView.calculateLongestLine()V+19 java.desktop@9-internal
j  javax.swing.text.PlainView.updateMetrics()V+19 java.desktop@9-internal
j  javax.swing.text.PlainView.updateDamage(Ljavax/swing/event/DocumentEvent;Ljava/awt/Shape;Ljavax/swing/text/ViewFactory;)V+7 java.desktop@9-internal
j  javax.swing.text.PlainView.insertUpdate(Ljavax/swing/event/DocumentEvent;Ljava/awt/Shape;Ljavax/swing/text/ViewFactory;)V+4 java.desktop@9-internal
j  javax.swing.text.FieldView.insertUpdate(Ljavax/swing/event/DocumentEvent;Ljava/awt/Shape;Ljavax/swing/text/ViewFactory;)V+8 java.desktop@9-internal
j  javax.swing.plaf.basic.BasicTextUI$RootView.insertUpdate(Ljavax/swing/event/DocumentEvent;Ljava/awt/Shape;Ljavax/swing/text/ViewFactory;)V+14 java.desktop@9-internal
j  javax.swing.plaf.basic.BasicTextUI$UpdateHandler.insertUpdate(Ljavax/swing/event/DocumentEvent;)V+101 java.desktop@9-internal
j  javax.swing.text.AbstractDocument.fireInsertUpdate(Ljavax/swing/event/DocumentEvent;)V+39 java.desktop@9-internal
j  javax.swing.text.AbstractDocument.handleInsertString(ILjava/lang/String;Ljavax/swing/text/AttributeSet;)V+150 java.desktop@9-internal
j  javax.swing.text.AbstractDocument.insertString(ILjava/lang/String;Ljavax/swing/text/AttributeSet;)V+46 java.desktop@9-internal
j  javax.swing.text.PlainDocument.insertString(ILjava/lang/String;Ljavax/swing/text/AttributeSet;)V+104 java.desktop@9-internal
j  javax.swing.text.AbstractDocument.replace(IILjava/lang/String;Ljavax/swing/text/AttributeSet;)V+74 java.desktop@9-internal
j  javax.swing.text.JTextComponent.setText(Ljava/lang/String;)V+25 java.desktop@9-internal
j  SimulatorsGUI.BinaryComponent.jbInit()V+32
j  SimulatorsGUI.BinaryComponent.<init>()V+270
j  SimulatorsGUI.PinsComponent.<init>()V+135
j  SimulatorsGUI.HardwareSimulatorComponent.<init>()V+72
j  HardwareSimulatorMain.main([Ljava/lang/String;)V+35
v  ~StubRoutines::call_stub

siginfo: si_signo: 11 (SIGSEGV), si_code: 1 (SEGV_MAPERR), si_addr: 0x0000000000000000

Register to memory mapping:

RAX=0x0000000000000000 is an unknown value
RBX=0x0000000000000000 is an unknown value
RCX=0x0000000000000000 is an unknown value
RDX=0x0000000000010002 is an unknown value
RSP=0x00007f9086f94f00 is pointing into the stack for thread: 0x00007f9080011000
RBP=0x00007f9086f94f10 is pointing into the stack for thread: 0x00007f9080011000
RSI=0x0000000000010002 is an unknown value
RDI=0x0000000000000000 is an unknown value
R8 =0x0000000000000000 is an unknown value
R9 =0x0000000000000000 is an unknown value
R10=0x00000000000001db is an unknown value
R11=0x00007f908415eff0: JNU_GetEnv+0x0000000000000000 in /usr/lib/jvm/java-9-openjdk-amd64/lib/amd64/libjava.so at 0x00007f9084142000
R12=0x00007f90802390c0 is an unknown value
R13=0x0000000000000000 is an unknown value
R14=0x0000000000000000 is an unknown value
R15=0x00007f9080290a90 is an unknown value


Registers:
RAX=0x0000000000000000, RBX=0x0000000000000000, RCX=0x0000000000000000, RDX=0x0000000000010002
RSP=0x00007f9086f94f00, RBP=0x00007f9086f94f10, RSI=0x0000000000010002, RDI=0x0000000000000000
R8 =0x0000000000000000, R9 =0x0000000000000000, R10=0x00000000000001db, R11=0x00007f908415eff0
R12=0x00007f90802390c0, R13=0x0000000000000000, R14=0x0000000000000000, R15=0x00007f9080290a90
RIP=0x00007f908415f009, EFLAGS=0x0000000000010246, CSGSFS=0x0000000000000033, ERR=0x0000000000000004
  TRAPNO=0x000000000000000e

Top of Stack: (sp=0x00007f9086f94f00)
0x00007f9086f94f00:   0000000000000000 a85e270edc520f00
0x00007f9086f94f10:   00007f9086f94f50 00007f8fda4a3f8e
0x00007f9086f94f20:   00007f9080290090 00007f90802390c0
0x00007f9086f94f30:   0000000000000000 0000000000000000
0x00007f9086f94f40:   00007f90802390c0 00007f9080290a90
0x00007f9086f94f50:   0000000000000000 00007f8fda1dad1b
0x00007f9086f94f60:   0000000000000000 00007f8fda46cd80
0x00007f9086f94f70:   0000000000000000 00007f8fda1ee8d0
0x00007f9086f94f80:   0000000000000002 0000003200000008
0x00007f9086f94f90:   0000000000000000 0000000000000000
0x00007f9086f94fa0:   0000006e0000005b 0000000000000000
0x00007f9086f94fb0:   0000000000000000 0000007c00000077
0x00007f9086f94fc0:   0202020202020202 0202020202020202
0x00007f9086f94fd0:   0000000000000000 0000000000000000
0x00007f9086f94fe0:   468b45f04e8b41d0 00007f9080000020
0x00007f9086f94ff0:   0000000000000070 00007f9086f950a4
0x00007f9086f95000:   00007f9080290090 00007f9080290a90
0x00007f9086f95010:   00007f9086f950a4 00007f908686c5a4
0x00007f9086f95020:   00007f90857e4f00 00007f9086f95054
0x00007f9086f95030:   00007f8fda4699e0 a85e270edc520f00
0x00007f9086f95040:   0000000000000070 00007f9080239180
0x00007f9086f95050:   00007f8fda4699e0 00007f9086f95168
0x00007f9086f95060:   00007f9080290090 00007f9080290a90
0x00007f9086f95070:   00007f908028fc10 00007f8fda1dd4b2
0x00007f9086f95080:   0000000100000000 00007f9086f95170
0x00007f9086f95090:   0000000000000000 0000000000000000
0x00007f9086f950a0:   0000000086f95168 a85e270edc520f00
0x00007f9086f950b0:   00007f9080239180 00007f9086f95170
0x00007f9086f950c0:   0000000000000000 00007f908028ffb8
0x00007f9086f950d0:   00007f9086f95370 00007f908028ff18
0x00007f9086f950e0:   00007f9080290090 00007f8fda1df571
0x00007f9086f950f0:   00007f9086f95170 00007f8fda1df366 

Instructions: (pc=0x00007f908415f009)
0x00007f908415efe9:   ff eb ea 0f 1f 40 00 55 89 f2 48 89 e5 48 83 ec
0x00007f908415eff9:   10 64 48 8b 04 25 28 00 00 00 48 89 45 f8 31 c0
0x00007f908415f009:   48 8b 07 48 8d 75 f0 ff 50 30 48 8b 4d f8 64 48
0x00007f908415f019:   33 0c 25 28 00 00 00 48 8b 45 f0 75 02 c9 c3 e8 


---------------  P R O C E S S  ---------------

Java Threads: ( => current thread )
  0x00007f8fbc001000 JavaThread "SeedGenerator Thread" daemon [_thread_blocked, id=20953, stack(0x00007f8fd968e000,0x00007f8fd978f000)]
  0x00007f90807bb800 JavaThread "SeedGenerator Thread" daemon [_thread_in_Java, id=20932, stack(0x00007f8fd938d000,0x00007f8fd948e000)]
  0x00007f9080427000 JavaThread "AWT-XAWT" daemon [_thread_in_native, id=20930, stack(0x00007f8fd998f000,0x00007f8fd9a90000)]
  0x00007f908040a000 JavaThread "Java2D Disposer" daemon [_thread_blocked, id=20929, stack(0x00007f8fd9ea0000,0x00007f8fd9fa1000)]
  0x00007f9080317000 JavaThread "Service Thread" daemon [_thread_blocked, id=20927, stack(0x00007f8fdbeff000,0x00007f8fdc000000)]
  0x00007f9080261000 JavaThread "Common-Cleaner" daemon [_thread_blocked, id=20926, stack(0x00007f90080c0000,0x00007f90081c1000)]
  0x00007f9080239800 JavaThread "Sweeper thread" daemon [_thread_blocked, id=20925, stack(0x00007f90088ec000,0x00007f90089ed000)]
  0x00007f908022f800 JavaThread "C1 CompilerThread3" daemon [_thread_blocked, id=20924, stack(0x00007f90089ed000,0x00007f9008aee000)]
  0x00007f908022d800 JavaThread "C2 CompilerThread2" daemon [_thread_in_native, id=20923, stack(0x00007f9008aee000,0x00007f9008bef000)]
  0x00007f908022b800 JavaThread "C2 CompilerThread1" daemon [_thread_in_native, id=20922, stack(0x00007f9008bef000,0x00007f9008cf0000)]
  0x00007f9080229800 JavaThread "C2 CompilerThread0" daemon [_thread_in_native, id=20921, stack(0x00007f9008cf0000,0x00007f9008df1000)]
  0x00007f9080225800 JavaThread "Signal Dispatcher" daemon [_thread_blocked, id=20920, stack(0x00007f90180ed000,0x00007f90181ee000)]
  0x00007f9080223800 JavaThread "Surrogate Locker Thread (Concurrent GC)" daemon [_thread_blocked, id=20919, stack(0x00007f90181ee000,0x00007f90182ef000)]
  0x00007f9080212000 JavaThread "Finalizer" daemon [_thread_blocked, id=20918, stack(0x00007f90182ef000,0x00007f90183f0000)]
  0x00007f908020e000 JavaThread "Reference Handler" daemon [_thread_blocked, id=20917, stack(0x00007f90480ae000,0x00007f90481af000)]
=>0x00007f9080011000 JavaThread "main" [_thread_in_native, id=20895, stack(0x00007f9086e97000,0x00007f9086f98000)]

Other Threads:
  0x00007f9080203800 VMThread [stack: 0x00007f90481af000,0x00007f90482b0000] [id=20916]
  0x00007f908031a000 WatcherThread [stack: 0x00007f8fdbdfe000,0x00007f8fdbeff000] [id=20928]

Threads with active compile tasks:
C2 CompilerThread2 647       4       java.util.Properties::saveConvert (434 bytes)
C2 CompilerThread1 644       4       java.lang.StringLatin1::inflate (34 bytes)
C2 CompilerThread0 610       4       java.util.HashMap::putVal (300 bytes)

VM state:not at safepoint (normal execution)

VM Mutex/Monitor currently owned by a thread: None

heap address: 0x00000006c7e00000, size: 3970 MB, Compressed Oops mode: Zero based, Oop shift amount: 3
Narrow klass base: 0x0000000000000000, Narrow klass shift: 3
Compressed class space size: 1073741824 Address: 0x00000007c0000000

Heap:
 garbage-first heap   total 256000K, used 7168K [0x00000006c7e00000, 0x00000006c7f007d0, 0x00000007c0000000)
  region size 1024K, 8 young (8192K), 0 survivors (0K)
 Metaspace       used 12199K, capacity 12596K, committed 12928K, reserved 1060864K
  class space    used 1449K, capacity 1582K, committed 1664K, reserved 1048576K

Heap Regions: E=young(eden), S=young(survivor), O=old, HS=humongous(starts), HC=humongous(continues), CS=collection set, F=free, A=archive, TS=gc time stamp, AC=allocation context, TAMS=top-at-mark-start (previous, next)
|   0|0x00000006c7e00000, 0x00000006c7e00000, 0x00000006c7f00000|  0%| F|  |TS  0|AC  0|TAMS 0x00000006c7e00000, 0x00000006c7e00000|
|   1|0x00000006c7f00000, 0x00000006c7f00000, 0x00000006c8000000|  0%| F|  |TS  0|AC  0|TAMS 0x00000006c7f00000, 0x00000006c7f00000|
|   2|0x00000006c8000000, 0x00000006c8000000, 0x00000006c8100000|  0%| F|  |TS  0|AC  0|TAMS 0x00000006c8000000, 0x00000006c8000000|
|   3|0x00000006c8100000, 0x00000006c8100000, 0x00000006c8200000|  0%| F|  |TS  0|AC  0|TAMS 0x00000006c8100000, 0x00000006c8100000|
|   4|0x00000006c8200000, 0x00000006c8200000, 0x00000006c8300000|  0%| F|  |TS  0|AC  0|TAMS 0x00000006c8200000, 0x00000006c8200000|
|   5|0x00000006c8300000, 0x00000006c8300000, 0x00000006c8400000|  0%| F|  |TS  0|AC  0|TAMS 0x00000006c8300000, 0x00000006c8300000|
|   6|0x00000006c8400000, 0x00000006c8400000, 0x00000006c8500000|  0%| F|  |TS  0|AC  0|TAMS 0x00000006c8400000, 0x00000006c8400000|
|   7|0x00000006c8500000, 0x00000006c8500000, 0x00000006c8600000|  0%| F|  |TS  0|AC  0|TAMS 0x00000006c8500000, 0x00000006c8500000|
|   8|0x00000006c8600000, 0x00000006c8600000, 0x00000006c8700000|  0%| F|  |TS  0|AC  0|TAMS 0x00000006c8600000, 0x00000006c8600000|
|   9|0x00000006c8700000, 0x00000006c8700000, 0x00000006c8800000|  0%| F|  |TS  0|AC  0|TAMS 0x00000006c8700000, 0x00000006c8700000|
|  10|0x00000006c8800000, 0x00000006c8800000, 0x00000006c8900000|  0%| F|  |TS  0|AC  0|TAMS 0x00000006c8800000, 0x00000006c8800000|
|  11|0x00000006c8900000, 0x00000006c8900000, 0x00000006c8a00000|  0%| F|  |TS  0|AC  0|TAMS 0x00000006c8900000, 0x00000006c8900000|
|  12|0x00000006c8a00000, 0x00000006c8a00000, 0x00000006c8b00000|  0%| F|  |TS  0|AC  0|TAMS 0x00000006c8a00000, 0x00000006c8a00000|
|  13|0x00000006c8b00000, 0x00000006c8b00000, 0x00000006c8c00000|  0%| F|  |TS  0|AC  0|TAMS 0x00000006c8b00000, 0x00000006c8b00000|
|  14|0x00000006c8c00000, 0x00000006c8c00000, 0x00000006c8d00000|  0%| F|  |TS  0|AC  0|TAMS 0x00000006c8c00000, 0x00000006c8c00000|
|  15|0x00000006c8d00000, 0x00000006c8d00000, 0x00000006c8e00000|  0%| F|  |TS  0|AC  0|TAMS 0x00000006c8d00000, 0x00000006c8d00000|
|  16|0x00000006c8e00000, 0x00000006c8e00000, 0x00000006c8f00000|  0%| F|  |TS  0|AC  0|TAMS 0x00000006c8e00000, 0x00000006c8e00000|
|  17|0x00000006c8f00000, 0x00000006c8f00000, 0x00000006c9000000|  0%| F|  |TS  0|AC  0|TAMS 0x00000006c8f00000, 0x00000006c8f00000|
|  18|0x00000006c9000000, 0x00000006c9000000, 0x00000006c9100000|  0%| F|  |TS  0|AC  0|TAMS 0x00000006c9000000, 0x00000006c9000000|
|  19|0x00000006c9100000, 0x00000006c9100000, 0x00000006c9200000|  0%| F|  |TS  0|AC  0|TAMS 0x00000006c9100000, 0x00000006c9100000|
|  20|0x00000006c9200000, 0x00000006c9200000, 0x00000006c9300000|  0%| F|  |TS  0|AC  0|TAMS 0x00000006c9200000, 0x00000006c9200000|
|  21|0x00000006c9300000, 0x00000006c9300000, 0x00000006c9400000|  0%| F|  |TS  0|AC  0|TAMS 0x00000006c9300000, 0x00000006c9300000|
|  22|0x00000006c9400000, 0x00000006c9400000, 0x00000006c9500000|  0%| F|  |TS  0|AC  0|TAMS 0x00000006c9400000, 0x00000006c9400000|
|  23|0x00000006c9500000, 0x00000006c9500000, 0x00000006c9600000|  0%| F|  |TS  0|AC  0|TAMS 0x00000006c9500000, 0x00000006c9500000|
|  24|0x00000006c9600000, 0x00000006c9600000, 0x00000006c9700000|  0%| F|  |TS  0|AC  0|TAMS 0x00000006c9600000, 0x00000006c9600000|
|  25|0x00000006c9700000, 0x00000006c9700000, 0x00000006c9800000|  0%| F|  |TS  0|AC  0|TAMS 0x00000006c9700000, 0x00000006c9700000|
|  26|0x00000006c9800000, 0x00000006c9800000, 0x00000006c9900000|  0%| F|  |TS  0|AC  0|TAMS 0x00000006c9800000, 0x00000006c9800000|
|  27|0x00000006c9900000, 0x00000006c9900000, 0x00000006c9a00000|  0%| F|  |TS  0|AC  0|TAMS 0x00000006c9900000, 0x00000006c9900000|
|  28|0x00000006c9a00000, 0x00000006c9a00000, 0x00000006c9b00000|  0%| F|  |TS  0|AC  0|TAMS 0x00000006c9a00000, 0x00000006c9a00000|
|  29|0x00000006c9b00000, 0x00000006c9b00000, 0x00000006c9c00000|  0%| F|  |TS  0|AC  0|TAMS 0x00000006c9b00000, 0x00000006c9b00000|
|  30|0x00000006c9c00000, 0x00000006c9c00000, 0x00000006c9d00000|  0%| F|  |TS  0|AC  0|TAMS 0x00000006c9c00000, 0x00000006c9c00000|
|  31|0x00000006c9d00000, 0x00000006c9d00000, 0x00000006c9e00000|  0%| F|  |TS  0|AC  0|TAMS 0x00000006c9d00000, 0x00000006c9d00000|
|  32|0x00000006c9e00000, 0x00000006c9e00000, 0x00000006c9f00000|  0%| F|  |TS  0|AC  0|TAMS 0x00000006c9e00000, 0x00000006c9e00000|
|  33|0x00000006c9f00000, 0x00000006c9f00000, 0x00000006ca000000|  0%| F|  |TS  0|AC  0|TAMS 0x00000006c9f00000, 0x00000006c9f00000|
|  34|0x00000006ca000000, 0x00000006ca000000, 0x00000006ca100000|  0%| F|  |TS  0|AC  0|TAMS 0x00000006ca000000, 0x00000006ca000000|
|  35|0x00000006ca100000, 0x00000006ca100000, 0x00000006ca200000|  0%| F|  |TS  0|AC  0|TAMS 0x00000006ca100000, 0x00000006ca100000|
|  36|0x00000006ca200000, 0x00000006ca200000, 0x00000006ca300000|  0%| F|  |TS  0|AC  0|TAMS 0x00000006ca200000, 0x00000006ca200000|
|  37|0x00000006ca300000, 0x00000006ca300000, 0x00000006ca400000|  0%| F|  |TS  0|AC  0|TAMS 0x00000006ca300000, 0x00000006ca300000|
|  38|0x00000006ca400000, 0x00000006ca400000, 0x00000006ca500000|  0%| F|  |TS  0|AC  0|TAMS 0x00000006ca400000, 0x00000006ca400000|
|  39|0x00000006ca500000, 0x00000006ca500000, 0x00000006ca600000|  0%| F|  |TS  0|AC  0|TAMS 0x00000006ca500000, 0x00000006ca500000|
|  40|0x00000006ca600000, 0x00000006ca600000, 0x00000006ca700000|  0%| F|  |TS  0|AC  0|TAMS 0x00000006ca600000, 0x00000006ca600000|
|  41|0x00000006ca700000, 0x00000006ca700000, 0x00000006ca800000|  0%| F|  |TS  0|AC  0|TAMS 0x00000006ca700000, 0x00000006ca700000|
|  42|0x00000006ca800000, 0x00000006ca800000, 0x00000006ca900000|  0%| F|  |TS  0|AC  0|TAMS 0x00000006ca800000, 0x00000006ca800000|
|  43|0x00000006ca900000, 0x00000006ca900000, 0x00000006caa00000|  0%| F|  |TS  0|AC  0|TAMS 0x00000006ca900000, 0x00000006ca900000|
|  44|0x00000006caa00000, 0x00000006caa00000, 0x00000006cab00000|  0%| F|  |TS  0|AC  0|TAMS 0x00000006caa00000, 0x00000006caa00000|
|  45|0x00000006cab00000, 0x00000006cab00000, 0x00000006cac00000|  0%| F|  |TS  0|AC  0|TAMS 0x00000006cab00000, 0x00000006cab00000|
|  46|0x00000006cac00000, 0x00000006cac00000, 0x00000006cad00000|  0%| F|  |TS  0|AC  0|TAMS 0x00000006cac00000, 0x00000006cac00000|
|  47|0x00000006cad00000, 0x00000006cad00000, 0x00000006cae00000|  0%| F|  |TS  0|AC  0|TAMS 0x00000006cad00000, 0x00000006cad00000|
|  48|0x00000006cae00000, 0x00000006cae00000, 0x00000006caf00000|  0%| F|  |TS  0|AC  0|TAMS 0x00000006cae00000, 0x00000006cae00000|
|  49|0x00000006caf00000, 0x00000006caf00000, 0x00000006cb000000|  0%| F|  |TS  0|AC  0|TAMS 0x00000006caf00000, 0x00000006caf00000|
|  50|0x00000006cb000000, 0x00000006cb000000, 0x00000006cb100000|  0%| F|  |TS  0|AC  0|TAMS 0x00000006cb000000, 0x00000006cb000000|
|  51|0x00000006cb100000, 0x00000006cb100000, 0x00000006cb200000|  0%| F|  |TS  0|AC  0|TAMS 0x00000006cb100000, 0x00000006cb100000|
|  52|0x00000006cb200000, 0x00000006cb200000, 0x00000006cb300000|  0%| F|  |TS  0|AC  0|TAMS 0x00000006cb200000, 0x00000006cb200000|
|  53|0x00000006cb300000, 0x00000006cb300000, 0x00000006cb400000|  0%| F|  |TS  0|AC  0|TAMS 0x00000006cb300000, 0x00000006cb300000|
|  54|0x00000006cb400000, 0x00000006cb400000, 0x00000006cb500000|  0%| F|  |TS  0|AC  0|TAMS 0x00000006cb400000, 0x00000006cb400000|
|  55|0x00000006cb500000, 0x00000006cb500000, 0x00000006cb600000|  0%| F|  |TS  0|AC  0|TAMS 0x00000006cb500000, 0x00000006cb500000|
|  56|0x00000006cb600000, 0x00000006cb600000, 0x00000006cb700000|  0%| F|  |TS  0|AC  0|TAMS 0x00000006cb600000, 0x00000006cb600000|
|  57|0x00000006cb700000, 0x00000006cb700000, 0x00000006cb800000|  0%| F|  |TS  0|AC  0|TAMS 0x00000006cb700000, 0x00000006cb700000|
|  58|0x00000006cb800000, 0x00000006cb800000, 0x00000006cb900000|  0%| F|  |TS  0|AC  0|TAMS 0x00000006cb800000, 0x00000006cb800000|
|  59|0x00000006cb900000, 0x00000006cb900000, 0x00000006cba00000|  0%| F|  |TS  0|AC  0|TAMS 0x00000006cb900000, 0x00000006cb900000|
|  60|0x00000006cba00000, 0x00000006cba00000, 0x00000006cbb00000|  0%| F|  |TS  0|AC  0|TAMS 0x00000006cba00000, 0x00000006cba00000|
|  61|0x00000006cbb00000, 0x00000006cbb00000, 0x00000006cbc00000|  0%| F|  |TS  0|AC  0|TAMS 0x00000006cbb00000, 0x00000006cbb00000|
|  62|0x00000006cbc00000, 0x00000006cbc00000, 0x00000006cbd00000|  0%| F|  |TS  0|AC  0|TAMS 0x00000006cbc00000, 0x00000006cbc00000|
|  63|0x00000006cbd00000, 0x00000006cbd00000, 0x00000006cbe00000|  0%| F|  |TS  0|AC  0|TAMS 0x00000006cbd00000, 0x00000006cbd00000|
|  64|0x00000006cbe00000, 0x00000006cbe00000, 0x00000006cbf00000|  0%| F|  |TS  0|AC  0|TAMS 0x00000006cbe00000, 0x00000006cbe00000|
|  65|0x00000006cbf00000, 0x00000006cbf00000, 0x00000006cc000000|  0%| F|  |TS  0|AC  0|TAMS 0x00000006cbf00000, 0x00000006cbf00000|
|  66|0x00000006cc000000, 0x00000006cc000000, 0x00000006cc100000|  0%| F|  |TS  0|AC  0|TAMS 0x00000006cc000000, 0x00000006cc000000|
|  67|0x00000006cc100000, 0x00000006cc100000, 0x00000006cc200000|  0%| F|  |TS  0|AC  0|TAMS 0x00000006cc100000, 0x00000006cc100000|
|  68|0x00000006cc200000, 0x00000006cc200000, 0x00000006cc300000|  0%| F|  |TS  0|AC  0|TAMS 0x00000006cc200000, 0x00000006cc200000|
|  69|0x00000006cc300000, 0x00000006cc300000, 0x00000006cc400000|  0%| F|  |TS  0|AC  0|TAMS 0x00000006cc300000, 0x00000006cc300000|
|  70|0x00000006cc400000, 0x00000006cc400000, 0x00000006cc500000|  0%| F|  |TS  0|AC  0|TAMS 0x00000006cc400000, 0x00000006cc400000|
|  71|0x00000006cc500000, 0x00000006cc500000, 0x00000006cc600000|  0%| F|  |TS  0|AC  0|TAMS 0x00000006cc500000, 0x00000006cc500000|
|  72|0x00000006cc600000, 0x00000006cc600000, 0x00000006cc700000|  0%| F|  |TS  0|AC  0|TAMS 0x00000006cc600000, 0x00000006cc600000|
|  73|0x00000006cc700000, 0x00000006cc700000, 0x00000006cc800000|  0%| F|  |TS  0|AC  0|TAMS 0x00000006cc700000, 0x00000006cc700000|
|  74|0x00000006cc800000, 0x00000006cc800000, 0x00000006cc900000|  0%| F|  |TS  0|AC  0|TAMS 0x00000006cc800000, 0x00000006cc800000|
|  75|0x00000006cc900000, 0x00000006cc900000, 0x00000006cca00000|  0%| F|  |TS  0|AC  0|TAMS 0x00000006cc900000, 0x00000006cc900000|
|  76|0x00000006cca00000, 0x00000006cca00000, 0x00000006ccb00000|  0%| F|  |TS  0|AC  0|TAMS 0x00000006cca00000, 0x00000006cca00000|
|  77|0x00000006ccb00000, 0x00000006ccb00000, 0x00000006ccc00000|  0%| F|  |TS  0|AC  0|TAMS 0x00000006ccb00000, 0x00000006ccb00000|
|  78|0x00000006ccc00000, 0x00000006ccc00000, 0x00000006ccd00000|  0%| F|  |TS  0|AC  0|TAMS 0x00000006ccc00000, 0x00000006ccc00000|
|  79|0x00000006ccd00000, 0x00000006ccd00000, 0x00000006cce00000|  0%| F|  |TS  0|AC  0|TAMS 0x00000006ccd00000, 0x00000006ccd00000|
|  80|0x00000006cce00000, 0x00000006cce00000, 0x00000006ccf00000|  0%| F|  |TS  0|AC  0|TAMS 0x00000006cce00000, 0x00000006cce00000|
|  81|0x00000006ccf00000, 0x00000006ccf00000, 0x00000006cd000000|  0%| F|  |TS  0|AC  0|TAMS 0x00000006ccf00000, 0x00000006ccf00000|
|  82|0x00000006cd000000, 0x00000006cd000000, 0x00000006cd100000|  0%| F|  |TS  0|AC  0|TAMS 0x00000006cd000000, 0x00000006cd000000|
|  83|0x00000006cd100000, 0x00000006cd100000, 0x00000006cd200000|  0%| F|  |TS  0|AC  0|TAMS 0x00000006cd100000, 0x00000006cd100000|
|  84|0x00000006cd200000, 0x00000006cd200000, 0x00000006cd300000|  0%| F|  |TS  0|AC  0|TAMS 0x00000006cd200000, 0x00000006cd200000|
|  85|0x00000006cd300000, 0x00000006cd300000, 0x00000006cd400000|  0%| F|  |TS  0|AC  0|TAMS 0x00000006cd300000, 0x00000006cd300000|
|  86|0x00000006cd400000, 0x00000006cd400000, 0x00000006cd500000|  0%| F|  |TS  0|AC  0|TAMS 0x00000006cd400000, 0x00000006cd400000|
|  87|0x00000006cd500000, 0x00000006cd500000, 0x00000006cd600000|  0%| F|  |TS  0|AC  0|TAMS 0x00000006cd500000, 0x00000006cd500000|
|  88|0x00000006cd600000, 0x00000006cd600000, 0x00000006cd700000|  0%| F|  |TS  0|AC  0|TAMS 0x00000006cd600000, 0x00000006cd600000|
|  89|0x00000006cd700000, 0x00000006cd700000, 0x00000006cd800000|  0%| F|  |TS  0|AC  0|TAMS 0x00000006cd700000, 0x00000006cd700000|
|  90|0x00000006cd800000, 0x00000006cd800000, 0x00000006cd900000|  0%| F|  |TS  0|AC  0|TAMS 0x00000006cd800000, 0x00000006cd800000|
|  91|0x00000006cd900000, 0x00000006cd900000, 0x00000006cda00000|  0%| F|  |TS  0|AC  0|TAMS 0x00000006cd900000, 0x00000006cd900000|
|  92|0x00000006cda00000, 0x00000006cda00000, 0x00000006cdb00000|  0%| F|  |TS  0|AC  0|TAMS 0x00000006cda00000, 0x00000006cda00000|
|  93|0x00000006cdb00000, 0x00000006cdb00000, 0x00000006cdc00000|  0%| F|  |TS  0|AC  0|TAMS 0x00000006cdb00000, 0x00000006cdb00000|
|  94|0x00000006cdc00000, 0x00000006cdc00000, 0x00000006cdd00000|  0%| F|  |TS  0|AC  0|TAMS 0x00000006cdc00000, 0x00000006cdc00000|
|  95|0x00000006cdd00000, 0x00000006cdd00000, 0x00000006cde00000|  0%| F|  |TS  0|AC  0|TAMS 0x00000006cdd00000, 0x00000006cdd00000|
|  96|0x00000006cde00000, 0x00000006cde00000, 0x00000006cdf00000|  0%| F|  |TS  0|AC  0|TAMS 0x00000006cde00000, 0x00000006cde00000|
|  97|0x00000006cdf00000, 0x00000006cdf00000, 0x00000006ce000000|  0%| F|  |TS  0|AC  0|TAMS 0x00000006cdf00000, 0x00000006cdf00000|
|  98|0x00000006ce000000, 0x00000006ce000000, 0x00000006ce100000|  0%| F|  |TS  0|AC  0|TAMS 0x00000006ce000000, 0x00000006ce000000|
|  99|0x00000006ce100000, 0x00000006ce100000, 0x00000006ce200000|  0%| F|  |TS  0|AC  0|TAMS 0x00000006ce100000, 0x00000006ce100000|
| 100|0x00000006ce200000, 0x00000006ce200000, 0x00000006ce300000|  0%| F|  |TS  0|AC  0|TAMS 0x00000006ce200000, 0x00000006ce200000|
| 101|0x00000006ce300000, 0x00000006ce300000, 0x00000006ce400000|  0%| F|  |TS  0|AC  0|TAMS 0x00000006ce300000, 0x00000006ce300000|
| 102|0x00000006ce400000, 0x00000006ce400000, 0x00000006ce500000|  0%| F|  |TS  0|AC  0|TAMS 0x00000006ce400000, 0x00000006ce400000|
| 103|0x00000006ce500000, 0x00000006ce500000, 0x00000006ce600000|  0%| F|  |TS  0|AC  0|TAMS 0x00000006ce500000, 0x00000006ce500000|
| 104|0x00000006ce600000, 0x00000006ce600000, 0x00000006ce700000|  0%| F|  |TS  0|AC  0|TAMS 0x00000006ce600000, 0x00000006ce600000|
| 105|0x00000006ce700000, 0x00000006ce700000, 0x00000006ce800000|  0%| F|  |TS  0|AC  0|TAMS 0x00000006ce700000, 0x00000006ce700000|
| 106|0x00000006ce800000, 0x00000006ce800000, 0x00000006ce900000|  0%| F|  |TS  0|AC  0|TAMS 0x00000006ce800000, 0x00000006ce800000|
| 107|0x00000006ce900000, 0x00000006ce900000, 0x00000006cea00000|  0%| F|  |TS  0|AC  0|TAMS 0x00000006ce900000, 0x00000006ce900000|
| 108|0x00000006cea00000, 0x00000006cea00000, 0x00000006ceb00000|  0%| F|  |TS  0|AC  0|TAMS 0x00000006cea00000, 0x00000006cea00000|
| 109|0x00000006ceb00000, 0x00000006ceb00000, 0x00000006cec00000|  0%| F|  |TS  0|AC  0|TAMS 0x00000006ceb00000, 0x00000006ceb00000|
| 110|0x00000006cec00000, 0x00000006cec00000, 0x00000006ced00000|  0%| F|  |TS  0|AC  0|TAMS 0x00000006cec00000, 0x00000006cec00000|
| 111|0x00000006ced00000, 0x00000006ced00000, 0x00000006cee00000|  0%| F|  |TS  0|AC  0|TAMS 0x00000006ced00000, 0x00000006ced00000|
| 112|0x00000006cee00000, 0x00000006cee00000, 0x00000006cef00000|  0%| F|  |TS  0|AC  0|TAMS 0x00000006cee00000, 0x00000006cee00000|
| 113|0x00000006cef00000, 0x00000006cef00000, 0x00000006cf000000|  0%| F|  |TS  0|AC  0|TAMS 0x00000006cef00000, 0x00000006cef00000|
| 114|0x00000006cf000000, 0x00000006cf000000, 0x00000006cf100000|  0%| F|  |TS  0|AC  0|TAMS 0x00000006cf000000, 0x00000006cf000000|
| 115|0x00000006cf100000, 0x00000006cf100000, 0x00000006cf200000|  0%| F|  |TS  0|AC  0|TAMS 0x00000006cf100000, 0x00000006cf100000|
| 116|0x00000006cf200000, 0x00000006cf200000, 0x00000006cf300000|  0%| F|  |TS  0|AC  0|TAMS 0x00000006cf200000, 0x00000006cf200000|
| 117|0x00000006cf300000, 0x00000006cf300000, 0x00000006cf400000|  0%| F|  |TS  0|AC  0|TAMS 0x00000006cf300000, 0x00000006cf300000|
| 118|0x00000006cf400000, 0x00000006cf400000, 0x00000006cf500000|  0%| F|  |TS  0|AC  0|TAMS 0x00000006cf400000, 0x00000006cf400000|
| 119|0x00000006cf500000, 0x00000006cf500000, 0x00000006cf600000|  0%| F|  |TS  0|AC  0|TAMS 0x00000006cf500000, 0x00000006cf500000|
| 120|0x00000006cf600000, 0x00000006cf600000, 0x00000006cf700000|  0%| F|  |TS  0|AC  0|TAMS 0x00000006cf600000, 0x00000006cf600000|
| 121|0x00000006cf700000, 0x00000006cf700000, 0x00000006cf800000|  0%| F|  |TS  0|AC  0|TAMS 0x00000006cf700000, 0x00000006cf700000|
| 122|0x00000006cf800000, 0x00000006cf800000, 0x00000006cf900000|  0%| F|  |TS  0|AC  0|TAMS 0x00000006cf800000, 0x00000006cf800000|
| 123|0x00000006cf900000, 0x00000006cf900000, 0x00000006cfa00000|  0%| F|  |TS  0|AC  0|TAMS 0x00000006cf900000, 0x00000006cf900000|
| 124|0x00000006cfa00000, 0x00000006cfa00000, 0x00000006cfb00000|  0%| F|  |TS  0|AC  0|TAMS 0x00000006cfa00000, 0x00000006cfa00000|
| 125|0x00000006cfb00000, 0x00000006cfb00000, 0x00000006cfc00000|  0%| F|  |TS  0|AC  0|TAMS 0x00000006cfb00000, 0x00000006cfb00000|
| 126|0x00000006cfc00000, 0x00000006cfc00000, 0x00000006cfd00000|  0%| F|  |TS  0|AC  0|TAMS 0x00000006cfc00000, 0x00000006cfc00000|
| 127|0x00000006cfd00000, 0x00000006cfd00000, 0x00000006cfe00000|  0%| F|  |TS  0|AC  0|TAMS 0x00000006cfd00000, 0x00000006cfd00000|
| 128|0x00000006cfe00000, 0x00000006cfe00000, 0x00000006cff00000|  0%| F|  |TS  0|AC  0|TAMS 0x00000006cfe00000, 0x00000006cfe00000|
| 129|0x00000006cff00000, 0x00000006cff00000, 0x00000006d0000000|  0%| F|  |TS  0|AC  0|TAMS 0x00000006cff00000, 0x00000006cff00000|
| 130|0x00000006d0000000, 0x00000006d0000000, 0x00000006d0100000|  0%| F|  |TS  0|AC  0|TAMS 0x00000006d0000000, 0x00000006d0000000|
| 131|0x00000006d0100000, 0x00000006d0100000, 0x00000006d0200000|  0%| F|  |TS  0|AC  0|TAMS 0x00000006d0100000, 0x00000006d0100000|
| 132|0x00000006d0200000, 0x00000006d0200000, 0x00000006d0300000|  0%| F|  |TS  0|AC  0|TAMS 0x00000006d0200000, 0x00000006d0200000|
| 133|0x00000006d0300000, 0x00000006d0300000, 0x00000006d0400000|  0%| F|  |TS  0|AC  0|TAMS 0x00000006d0300000, 0x00000006d0300000|
| 134|0x00000006d0400000, 0x00000006d0400000, 0x00000006d0500000|  0%| F|  |TS  0|AC  0|TAMS 0x00000006d0400000, 0x00000006d0400000|
| 135|0x00000006d0500000, 0x00000006d0500000, 0x00000006d0600000|  0%| F|  |TS  0|AC  0|TAMS 0x00000006d0500000, 0x00000006d0500000|
| 136|0x00000006d0600000, 0x00000006d0600000, 0x00000006d0700000|  0%| F|  |TS  0|AC  0|TAMS 0x00000006d0600000, 0x00000006d0600000|
| 137|0x00000006d0700000, 0x00000006d0700000, 0x00000006d0800000|  0%| F|  |TS  0|AC  0|TAMS 0x00000006d0700000, 0x00000006d0700000|
| 138|0x00000006d0800000, 0x00000006d0800000, 0x00000006d0900000|  0%| F|  |TS  0|AC  0|TAMS 0x00000006d0800000, 0x00000006d0800000|
| 139|0x00000006d0900000, 0x00000006d0900000, 0x00000006d0a00000|  0%| F|  |TS  0|AC  0|TAMS 0x00000006d0900000, 0x00000006d0900000|
| 140|0x00000006d0a00000, 0x00000006d0a00000, 0x00000006d0b00000|  0%| F|  |TS  0|AC  0|TAMS 0x00000006d0a00000, 0x00000006d0a00000|
| 141|0x00000006d0b00000, 0x00000006d0b00000, 0x00000006d0c00000|  0%| F|  |TS  0|AC  0|TAMS 0x00000006d0b00000, 0x00000006d0b00000|
| 142|0x00000006d0c00000, 0x00000006d0c00000, 0x00000006d0d00000|  0%| F|  |TS  0|AC  0|TAMS 0x00000006d0c00000, 0x00000006d0c00000|
| 143|0x00000006d0d00000, 0x00000006d0d00000, 0x00000006d0e00000|  0%| F|  |TS  0|AC  0|TAMS 0x00000006d0d00000, 0x00000006d0d00000|
| 144|0x00000006d0e00000, 0x00000006d0e00000, 0x00000006d0f00000|  0%| F|  |TS  0|AC  0|TAMS 0x00000006d0e00000, 0x00000006d0e00000|
| 145|0x00000006d0f00000, 0x00000006d0f00000, 0x00000006d1000000|  0%| F|  |TS  0|AC  0|TAMS 0x00000006d0f00000, 0x00000006d0f00000|
| 146|0x00000006d1000000, 0x00000006d1000000, 0x00000006d1100000|  0%| F|  |TS  0|AC  0|TAMS 0x00000006d1000000, 0x00000006d1000000|
| 147|0x00000006d1100000, 0x00000006d1100000, 0x00000006d1200000|  0%| F|  |TS  0|AC  0|TAMS 0x00000006d1100000, 0x00000006d1100000|
| 148|0x00000006d1200000, 0x00000006d1200000, 0x00000006d1300000|  0%| F|  |TS  0|AC  0|TAMS 0x00000006d1200000, 0x00000006d1200000|
| 149|0x00000006d1300000, 0x00000006d1300000, 0x00000006d1400000|  0%| F|  |TS  0|AC  0|TAMS 0x00000006d1300000, 0x00000006d1300000|
| 150|0x00000006d1400000, 0x00000006d1400000, 0x00000006d1500000|  0%| F|  |TS  0|AC  0|TAMS 0x00000006d1400000, 0x00000006d1400000|
| 151|0x00000006d1500000, 0x00000006d1500000, 0x00000006d1600000|  0%| F|  |TS  0|AC  0|TAMS 0x00000006d1500000, 0x00000006d1500000|
| 152|0x00000006d1600000, 0x00000006d1600000, 0x00000006d1700000|  0%| F|  |TS  0|AC  0|TAMS 0x00000006d1600000, 0x00000006d1600000|
| 153|0x00000006d1700000, 0x00000006d1700000, 0x00000006d1800000|  0%| F|  |TS  0|AC  0|TAMS 0x00000006d1700000, 0x00000006d1700000|
| 154|0x00000006d1800000, 0x00000006d1800000, 0x00000006d1900000|  0%| F|  |TS  0|AC  0|TAMS 0x00000006d1800000, 0x00000006d1800000|
| 155|0x00000006d1900000, 0x00000006d1900000, 0x00000006d1a00000|  0%| F|  |TS  0|AC  0|TAMS 0x00000006d1900000, 0x00000006d1900000|
| 156|0x00000006d1a00000, 0x00000006d1a00000, 0x00000006d1b00000|  0%| F|  |TS  0|AC  0|TAMS 0x00000006d1a00000, 0x00000006d1a00000|
| 157|0x00000006d1b00000, 0x00000006d1b00000, 0x00000006d1c00000|  0%| F|  |TS  0|AC  0|TAMS 0x00000006d1b00000, 0x00000006d1b00000|
| 158|0x00000006d1c00000, 0x00000006d1c00000, 0x00000006d1d00000|  0%| F|  |TS  0|AC  0|TAMS 0x00000006d1c00000, 0x00000006d1c00000|
| 159|0x00000006d1d00000, 0x00000006d1d00000, 0x00000006d1e00000|  0%| F|  |TS  0|AC  0|TAMS 0x00000006d1d00000, 0x00000006d1d00000|
| 160|0x00000006d1e00000, 0x00000006d1e00000, 0x00000006d1f00000|  0%| F|  |TS  0|AC  0|TAMS 0x00000006d1e00000, 0x00000006d1e00000|
| 161|0x00000006d1f00000, 0x00000006d1f00000, 0x00000006d2000000|  0%| F|  |TS  0|AC  0|TAMS 0x00000006d1f00000, 0x00000006d1f00000|
| 162|0x00000006d2000000, 0x00000006d2000000, 0x00000006d2100000|  0%| F|  |TS  0|AC  0|TAMS 0x00000006d2000000, 0x00000006d2000000|
| 163|0x00000006d2100000, 0x00000006d2100000, 0x00000006d2200000|  0%| F|  |TS  0|AC  0|TAMS 0x00000006d2100000, 0x00000006d2100000|
| 164|0x00000006d2200000, 0x00000006d2200000, 0x00000006d2300000|  0%| F|  |TS  0|AC  0|TAMS 0x00000006d2200000, 0x00000006d2200000|
| 165|0x00000006d2300000, 0x00000006d2300000, 0x00000006d2400000|  0%| F|  |TS  0|AC  0|TAMS 0x00000006d2300000, 0x00000006d2300000|
| 166|0x00000006d2400000, 0x00000006d2400000, 0x00000006d2500000|  0%| F|  |TS  0|AC  0|TAMS 0x00000006d2400000, 0x00000006d2400000|
| 167|0x00000006d2500000, 0x00000006d2500000, 0x00000006d2600000|  0%| F|  |TS  0|AC  0|TAMS 0x00000006d2500000, 0x00000006d2500000|
| 168|0x00000006d2600000, 0x00000006d2600000, 0x00000006d2700000|  0%| F|  |TS  0|AC  0|TAMS 0x00000006d2600000, 0x00000006d2600000|
| 169|0x00000006d2700000, 0x00000006d2700000, 0x00000006d2800000|  0%| F|  |TS  0|AC  0|TAMS 0x00000006d2700000, 0x00000006d2700000|
| 170|0x00000006d2800000, 0x00000006d2800000, 0x00000006d2900000|  0%| F|  |TS  0|AC  0|TAMS 0x00000006d2800000, 0x00000006d2800000|
| 171|0x00000006d2900000, 0x00000006d2900000, 0x00000006d2a00000|  0%| F|  |TS  0|AC  0|TAMS 0x00000006d2900000, 0x00000006d2900000|
| 172|0x00000006d2a00000, 0x00000006d2a00000, 0x00000006d2b00000|  0%| F|  |TS  0|AC  0|TAMS 0x00000006d2a00000, 0x00000006d2a00000|
| 173|0x00000006d2b00000, 0x00000006d2b00000, 0x00000006d2c00000|  0%| F|  |TS  0|AC  0|TAMS 0x00000006d2b00000, 0x00000006d2b00000|
| 174|0x00000006d2c00000, 0x00000006d2c00000, 0x00000006d2d00000|  0%| F|  |TS  0|AC  0|TAMS 0x00000006d2c00000, 0x00000006d2c00000|
| 175|0x00000006d2d00000, 0x00000006d2d00000, 0x00000006d2e00000|  0%| F|  |TS  0|AC  0|TAMS 0x00000006d2d00000, 0x00000006d2d00000|
| 176|0x00000006d2e00000, 0x00000006d2e00000, 0x00000006d2f00000|  0%| F|  |TS  0|AC  0|TAMS 0x00000006d2e00000, 0x00000006d2e00000|
| 177|0x00000006d2f00000, 0x00000006d2f00000, 0x00000006d3000000|  0%| F|  |TS  0|AC  0|TAMS 0x00000006d2f00000, 0x00000006d2f00000|
| 178|0x00000006d3000000, 0x00000006d3000000, 0x00000006d3100000|  0%| F|  |TS  0|AC  0|TAMS 0x00000006d3000000, 0x00000006d3000000|
| 179|0x00000006d3100000, 0x00000006d3100000, 0x00000006d3200000|  0%| F|  |TS  0|AC  0|TAMS 0x00000006d3100000, 0x00000006d3100000|
| 180|0x00000006d3200000, 0x00000006d3200000, 0x00000006d3300000|  0%| F|  |TS  0|AC  0|TAMS 0x00000006d3200000, 0x00000006d3200000|
| 181|0x00000006d3300000, 0x00000006d3300000, 0x00000006d3400000|  0%| F|  |TS  0|AC  0|TAMS 0x00000006d3300000, 0x00000006d3300000|
| 182|0x00000006d3400000, 0x00000006d3400000, 0x00000006d3500000|  0%| F|  |TS  0|AC  0|TAMS 0x00000006d3400000, 0x00000006d3400000|
| 183|0x00000006d3500000, 0x00000006d3500000, 0x00000006d3600000|  0%| F|  |TS  0|AC  0|TAMS 0x00000006d3500000, 0x00000006d3500000|
| 184|0x00000006d3600000, 0x00000006d3600000, 0x00000006d3700000|  0%| F|  |TS  0|AC  0|TAMS 0x00000006d3600000, 0x00000006d3600000|
| 185|0x00000006d3700000, 0x00000006d3700000, 0x00000006d3800000|  0%| F|  |TS  0|AC  0|TAMS 0x00000006d3700000, 0x00000006d3700000|
| 186|0x00000006d3800000, 0x00000006d3800000, 0x00000006d3900000|  0%| F|  |TS  0|AC  0|TAMS 0x00000006d3800000, 0x00000006d3800000|
| 187|0x00000006d3900000, 0x00000006d3900000, 0x00000006d3a00000|  0%| F|  |TS  0|AC  0|TAMS 0x00000006d3900000, 0x00000006d3900000|
| 188|0x00000006d3a00000, 0x00000006d3a00000, 0x00000006d3b00000|  0%| F|  |TS  0|AC  0|TAMS 0x00000006d3a00000, 0x00000006d3a00000|
| 189|0x00000006d3b00000, 0x00000006d3b00000, 0x00000006d3c00000|  0%| F|  |TS  0|AC  0|TAMS 0x00000006d3b00000, 0x00000006d3b00000|
| 190|0x00000006d3c00000, 0x00000006d3c00000, 0x00000006d3d00000|  0%| F|  |TS  0|AC  0|TAMS 0x00000006d3c00000, 0x00000006d3c00000|
| 191|0x00000006d3d00000, 0x00000006d3d00000, 0x00000006d3e00000|  0%| F|  |TS  0|AC  0|TAMS 0x00000006d3d00000, 0x00000006d3d00000|
| 192|0x00000006d3e00000, 0x00000006d3e00000, 0x00000006d3f00000|  0%| F|  |TS  0|AC  0|TAMS 0x00000006d3e00000, 0x00000006d3e00000|
| 193|0x00000006d3f00000, 0x00000006d3f00000, 0x00000006d4000000|  0%| F|  |TS  0|AC  0|TAMS 0x00000006d3f00000, 0x00000006d3f00000|
| 194|0x00000006d4000000, 0x00000006d4000000, 0x00000006d4100000|  0%| F|  |TS  0|AC  0|TAMS 0x00000006d4000000, 0x00000006d4000000|
| 195|0x00000006d4100000, 0x00000006d4100000, 0x00000006d4200000|  0%| F|  |TS  0|AC  0|TAMS 0x00000006d4100000, 0x00000006d4100000|
| 196|0x00000006d4200000, 0x00000006d4200000, 0x00000006d4300000|  0%| F|  |TS  0|AC  0|TAMS 0x00000006d4200000, 0x00000006d4200000|
| 197|0x00000006d4300000, 0x00000006d4300000, 0x00000006d4400000|  0%| F|  |TS  0|AC  0|TAMS 0x00000006d4300000, 0x00000006d4300000|
| 198|0x00000006d4400000, 0x00000006d4400000, 0x00000006d4500000|  0%| F|  |TS  0|AC  0|TAMS 0x00000006d4400000, 0x00000006d4400000|
| 199|0x00000006d4500000, 0x00000006d4500000, 0x00000006d4600000|  0%| F|  |TS  0|AC  0|TAMS 0x00000006d4500000, 0x00000006d4500000|
| 200|0x00000006d4600000, 0x00000006d4600000, 0x00000006d4700000|  0%| F|  |TS  0|AC  0|TAMS 0x00000006d4600000, 0x00000006d4600000|
| 201|0x00000006d4700000, 0x00000006d4700000, 0x00000006d4800000|  0%| F|  |TS  0|AC  0|TAMS 0x00000006d4700000, 0x00000006d4700000|
| 202|0x00000006d4800000, 0x00000006d4800000, 0x00000006d4900000|  0%| F|  |TS  0|AC  0|TAMS 0x00000006d4800000, 0x00000006d4800000|
| 203|0x00000006d4900000, 0x00000006d4900000, 0x00000006d4a00000|  0%| F|  |TS  0|AC  0|TAMS 0x00000006d4900000, 0x00000006d4900000|
| 204|0x00000006d4a00000, 0x00000006d4a00000, 0x00000006d4b00000|  0%| F|  |TS  0|AC  0|TAMS 0x00000006d4a00000, 0x00000006d4a00000|
| 205|0x00000006d4b00000, 0x00000006d4b00000, 0x00000006d4c00000|  0%| F|  |TS  0|AC  0|TAMS 0x00000006d4b00000, 0x00000006d4b00000|
| 206|0x00000006d4c00000, 0x00000006d4c00000, 0x00000006d4d00000|  0%| F|  |TS  0|AC  0|TAMS 0x00000006d4c00000, 0x00000006d4c00000|
| 207|0x00000006d4d00000, 0x00000006d4d00000, 0x00000006d4e00000|  0%| F|  |TS  0|AC  0|TAMS 0x00000006d4d00000, 0x00000006d4d00000|
| 208|0x00000006d4e00000, 0x00000006d4e00000, 0x00000006d4f00000|  0%| F|  |TS  0|AC  0|TAMS 0x00000006d4e00000, 0x00000006d4e00000|
| 209|0x00000006d4f00000, 0x00000006d4f00000, 0x00000006d5000000|  0%| F|  |TS  0|AC  0|TAMS 0x00000006d4f00000, 0x00000006d4f00000|
| 210|0x00000006d5000000, 0x00000006d5000000, 0x00000006d5100000|  0%| F|  |TS  0|AC  0|TAMS 0x00000006d5000000, 0x00000006d5000000|
| 211|0x00000006d5100000, 0x00000006d5100000, 0x00000006d5200000|  0%| F|  |TS  0|AC  0|TAMS 0x00000006d5100000, 0x00000006d5100000|
| 212|0x00000006d5200000, 0x00000006d5200000, 0x00000006d5300000|  0%| F|  |TS  0|AC  0|TAMS 0x00000006d5200000, 0x00000006d5200000|
| 213|0x00000006d5300000, 0x00000006d5300000, 0x00000006d5400000|  0%| F|  |TS  0|AC  0|TAMS 0x00000006d5300000, 0x00000006d5300000|
| 214|0x00000006d5400000, 0x00000006d5400000, 0x00000006d5500000|  0%| F|  |TS  0|AC  0|TAMS 0x00000006d5400000, 0x00000006d5400000|
| 215|0x00000006d5500000, 0x00000006d5500000, 0x00000006d5600000|  0%| F|  |TS  0|AC  0|TAMS 0x00000006d5500000, 0x00000006d5500000|
| 216|0x00000006d5600000, 0x00000006d5600000, 0x00000006d5700000|  0%| F|  |TS  0|AC  0|TAMS 0x00000006d5600000, 0x00000006d5600000|
| 217|0x00000006d5700000, 0x00000006d5700000, 0x00000006d5800000|  0%| F|  |TS  0|AC  0|TAMS 0x00000006d5700000, 0x00000006d5700000|
| 218|0x00000006d5800000, 0x00000006d5800000, 0x00000006d5900000|  0%| F|  |TS  0|AC  0|TAMS 0x00000006d5800000, 0x00000006d5800000|
| 219|0x00000006d5900000, 0x00000006d5900000, 0x00000006d5a00000|  0%| F|  |TS  0|AC  0|TAMS 0x00000006d5900000, 0x00000006d5900000|
| 220|0x00000006d5a00000, 0x00000006d5a00000, 0x00000006d5b00000|  0%| F|  |TS  0|AC  0|TAMS 0x00000006d5a00000, 0x00000006d5a00000|
| 221|0x00000006d5b00000, 0x00000006d5b00000, 0x00000006d5c00000|  0%| F|  |TS  0|AC  0|TAMS 0x00000006d5b00000, 0x00000006d5b00000|
| 222|0x00000006d5c00000, 0x00000006d5c00000, 0x00000006d5d00000|  0%| F|  |TS  0|AC  0|TAMS 0x00000006d5c00000, 0x00000006d5c00000|
| 223|0x00000006d5d00000, 0x00000006d5d00000, 0x00000006d5e00000|  0%| F|  |TS  0|AC  0|TAMS 0x00000006d5d00000, 0x00000006d5d00000|
| 224|0x00000006d5e00000, 0x00000006d5e00000, 0x00000006d5f00000|  0%| F|  |TS  0|AC  0|TAMS 0x00000006d5e00000, 0x00000006d5e00000|
| 225|0x00000006d5f00000, 0x00000006d5f00000, 0x00000006d6000000|  0%| F|  |TS  0|AC  0|TAMS 0x00000006d5f00000, 0x00000006d5f00000|
| 226|0x00000006d6000000, 0x00000006d6000000, 0x00000006d6100000|  0%| F|  |TS  0|AC  0|TAMS 0x00000006d6000000, 0x00000006d6000000|
| 227|0x00000006d6100000, 0x00000006d6100000, 0x00000006d6200000|  0%| F|  |TS  0|AC  0|TAMS 0x00000006d6100000, 0x00000006d6100000|
| 228|0x00000006d6200000, 0x00000006d6200000, 0x00000006d6300000|  0%| F|  |TS  0|AC  0|TAMS 0x00000006d6200000, 0x00000006d6200000|
| 229|0x00000006d6300000, 0x00000006d6300000, 0x00000006d6400000|  0%| F|  |TS  0|AC  0|TAMS 0x00000006d6300000, 0x00000006d6300000|
| 230|0x00000006d6400000, 0x00000006d6400000, 0x00000006d6500000|  0%| F|  |TS  0|AC  0|TAMS 0x00000006d6400000, 0x00000006d6400000|
| 231|0x00000006d6500000, 0x00000006d6500000, 0x00000006d6600000|  0%| F|  |TS  0|AC  0|TAMS 0x00000006d6500000, 0x00000006d6500000|
| 232|0x00000006d6600000, 0x00000006d6600000, 0x00000006d6700000|  0%| F|  |TS  0|AC  0|TAMS 0x00000006d6600000, 0x00000006d6600000|
| 233|0x00000006d6700000, 0x00000006d6700000, 0x00000006d6800000|  0%| F|  |TS  0|AC  0|TAMS 0x00000006d6700000, 0x00000006d6700000|
| 234|0x00000006d6800000, 0x00000006d6800000, 0x00000006d6900000|  0%| F|  |TS  0|AC  0|TAMS 0x00000006d6800000, 0x00000006d6800000|
| 235|0x00000006d6900000, 0x00000006d6900000, 0x00000006d6a00000|  0%| F|  |TS  0|AC  0|TAMS 0x00000006d6900000, 0x00000006d6900000|
| 236|0x00000006d6a00000, 0x00000006d6a00000, 0x00000006d6b00000|  0%| F|  |TS  0|AC  0|TAMS 0x00000006d6a00000, 0x00000006d6a00000|
| 237|0x00000006d6b00000, 0x00000006d6b00000, 0x00000006d6c00000|  0%| F|  |TS  0|AC  0|TAMS 0x00000006d6b00000, 0x00000006d6b00000|
| 238|0x00000006d6c00000, 0x00000006d6c00000, 0x00000006d6d00000|  0%| F|  |TS  0|AC  0|TAMS 0x00000006d6c00000, 0x00000006d6c00000|
| 239|0x00000006d6d00000, 0x00000006d6d00000, 0x00000006d6e00000|  0%| F|  |TS  0|AC  0|TAMS 0x00000006d6d00000, 0x00000006d6d00000|
| 240|0x00000006d6e00000, 0x00000006d6e00000, 0x00000006d6f00000|  0%| F|  |TS  0|AC  0|TAMS 0x00000006d6e00000, 0x00000006d6e00000|
| 241|0x00000006d6f00000, 0x00000006d6f00000, 0x00000006d7000000|  0%| F|  |TS  0|AC  0|TAMS 0x00000006d6f00000, 0x00000006d6f00000|
| 242|0x00000006d7000000, 0x00000006d70b8d70, 0x00000006d7100000| 72%| E|  |TS  0|AC  0|TAMS 0x00000006d7000000, 0x00000006d7000000|
| 243|0x00000006d7100000, 0x00000006d7200000, 0x00000006d7200000|100%| E|CS|TS  0|AC  0|TAMS 0x00000006d7100000, 0x00000006d7100000|
| 244|0x00000006d7200000, 0x00000006d7300000, 0x00000006d7300000|100%| E|CS|TS  0|AC  0|TAMS 0x00000006d7200000, 0x00000006d7200000|
| 245|0x00000006d7300000, 0x00000006d7400000, 0x00000006d7400000|100%| E|CS|TS  0|AC  0|TAMS 0x00000006d7300000, 0x00000006d7300000|
| 246|0x00000006d7400000, 0x00000006d7500000, 0x00000006d7500000|100%| E|CS|TS  0|AC  0|TAMS 0x00000006d7400000, 0x00000006d7400000|
| 247|0x00000006d7500000, 0x00000006d7600000, 0x00000006d7600000|100%| E|CS|TS  0|AC  0|TAMS 0x00000006d7500000, 0x00000006d7500000|
| 248|0x00000006d7600000, 0x00000006d7700000, 0x00000006d7700000|100%| E|CS|TS  0|AC  0|TAMS 0x00000006d7600000, 0x00000006d7600000|
| 249|0x00000006d7700000, 0x00000006d7800000, 0x00000006d7800000|100%| E|CS|TS  0|AC  0|TAMS 0x00000006d7700000, 0x00000006d7700000|

Card table byte_map: [0x00007f9049eb3000,0x00007f904a674000] byte_map_base: 0x00007f9046874000

Marking Bits (Prev, Next): (CMBitMap*) 0x00007f9080077840, (CMBitMap*) 0x00007f9080077898
 Prev Bits: [0x00007f901c1f8000, 0x00007f9020000000)
 Next Bits: [0x00007f90183f0000, 0x00007f901c1f8000)

Polling page: 0x00007f9086fe3000

CodeHeap 'non-nmethods': size=5700Kb used=1257Kb max_used=1269Kb free=4442Kb
 bounds [0x00007f9069003000, 0x00007f9069273000, 0x00007f9069594000]
CodeHeap 'profiled nmethods': size=120028Kb used=1060Kb max_used=1060Kb free=118967Kb
 bounds [0x00007f9069594000, 0x00007f9069804000, 0x00007f9070acb000]
CodeHeap 'non-profiled nmethods': size=120032Kb used=206Kb max_used=206Kb free=119825Kb
 bounds [0x00007f9070acb000, 0x00007f9070d3b000, 0x00007f9078003000]
 total_blobs=1318 nmethods=650 adapters=439
 compilation: enabled

Compilation events (10 events):
Event: 5.405 Thread 0x00007f908022f800  651       3       java.util.HashMap::afterNodeAccess (1 bytes)
Event: 5.405 Thread 0x00007f908022f800 nmethod 651 0x00007f906969c110 code [0x00007f906969c280, 0x00007f906969c3d0]
Event: 5.408 Thread 0x00007f908022f800  653       3       java.nio.Buffer::nextGetIndex (31 bytes)
Event: 5.408 Thread 0x00007f908022d800 nmethod 634 0x00007f9070afdc10 code [0x00007f9070afdda0, 0x00007f9070afe258]
Event: 5.408 Thread 0x00007f908022d800  647       4       java.util.Properties::saveConvert (434 bytes)
Event: 5.408 Thread 0x00007f908022f800 nmethod 653 0x00007f906969c490 code [0x00007f906969c620, 0x00007f906969c828]
Event: 5.408 Thread 0x00007f908022f800  654       3       java.nio.HeapByteBuffer::_get (7 bytes)
Event: 5.408 Thread 0x00007f908022f800 nmethod 654 0x00007f906969c910 code [0x00007f906969ca80, 0x00007f906969cbf0]
Event: 5.408 Thread 0x00007f908022f800  655       3       java.nio.DirectByteBuffer::ix (10 bytes)
Event: 5.409 Thread 0x00007f908022f800 nmethod 655 0x00007f906969cd10 code [0x00007f906969ce80, 0x00007f906969cfd0]

GC Heap History (0 events):
No events

Deoptimization events (10 events):
Event: 0.266 Thread 0x00007f9080011000 Uncommon trap: reason=unstable_if action=reinterpret pc=0x00007f9070ad74d4 method=java.lang.StringLatin1.replace([BCC)Ljava/lang/String; @ 19
Event: 0.297 Thread 0x00007f9080011000 Uncommon trap: reason=unstable_if action=reinterpret pc=0x00007f9070ad5f48 method=java.util.HashMap.hash(Ljava/lang/Object;)I @ 1
Event: 0.301 Thread 0x00007f9080011000 Uncommon trap: reason=unstable_if action=reinterpret pc=0x00007f9070ad8d88 method=java.util.HashMap.hash(Ljava/lang/Object;)I @ 1
Event: 0.314 Thread 0x00007f9080011000 Uncommon trap: reason=unstable_fused_if action=reinterpret pc=0x00007f9070adabd8 method=java.util.HashMap.resize()[Ljava/util/HashMap$Node; @ 31
Event: 0.382 Thread 0x00007f9080011000 Uncommon trap: reason=class_check action=maybe_recompile pc=0x00007f9070ad4450 method=java.util.HashMap.putVal(ILjava/lang/Object;Ljava/lang/Object;ZZ)Ljava/lang/Object; @ 253
Event: 0.382 Thread 0x00007f9080011000 Uncommon trap: reason=class_check action=maybe_recompile pc=0x00007f9070ad4450 method=java.util.HashMap.putVal(ILjava/lang/Object;Ljava/lang/Object;ZZ)Ljava/lang/Object; @ 253
Event: 0.382 Thread 0x00007f9080011000 Uncommon trap: reason=class_check action=maybe_recompile pc=0x00007f9070ad4450 method=java.util.HashMap.putVal(ILjava/lang/Object;Ljava/lang/Object;ZZ)Ljava/lang/Object; @ 253
Event: 0.382 Thread 0x00007f9080011000 Uncommon trap: reason=class_check action=maybe_recompile pc=0x00007f9070ad4450 method=java.util.HashMap.putVal(ILjava/lang/Object;Ljava/lang/Object;ZZ)Ljava/lang/Object; @ 253
Event: 0.633 Thread 0x00007f90807bb800 Uncommon trap: reason=unstable_if action=reinterpret pc=0x00007f9070af9640 method=sun.security.provider.SeedGenerator$ThreadedSeedGenerator.run()V @ 120
Event: 5.399 Thread 0x00007f9080011000 Uncommon trap: reason=unstable_if action=reinterpret pc=0x00007f9070ae7f00 method=java.lang.String.equals(Ljava/lang/Object;)Z @ 27

Classes redefined (0 events):
No events

Internal exceptions (8 events):
Event: 0.080 Thread 0x00007f9080011000 Exception <a 'sun/nio/fs/UnixException'> (0x00000006d77aba68) thrown at [/build/openjdk-9-argm_o/openjdk-9-9~b114/src/hotspot/src/share/vm/prims/jni.cpp, line 605]
Event: 0.158 Thread 0x00007f9080011000 Exception <a 'java/lang/ClassNotFoundException': sun/awt/resources/awtProvider> (0x00000006d75e7cb0) thrown at [/build/openjdk-9-argm_o/openjdk-9-9~b114/src/hotspot/src/share/vm/classfile/systemDictionary.cpp, line 224]
Event: 0.164 Thread 0x00007f9080011000 Exception <a 'java/io/FileNotFoundException'> (0x00000006d740ef30) thrown at [/build/openjdk-9-argm_o/openjdk-9-9~b114/src/hotspot/src/share/vm/prims/jni.cpp, line 605]
Event: 0.165 Thread 0x00007f9080011000 Exception <a 'java/io/FileNotFoundException'> (0x00000006d7416f70) thrown at [/build/openjdk-9-argm_o/openjdk-9-9~b114/src/hotspot/src/share/vm/prims/jni.cpp, line 605]
Event: 0.295 Thread 0x00007f9080011000 Exception <a 'java/lang/ClassNotFoundException': com/sun/swing/internal/plaf/metal/resources/metalProvider> (0x00000006d73a0dc8) thrown at [/build/openjdk-9-argm_o/openjdk-9-9~b114/src/hotspot/src/share/vm/classfile/systemDictionary.cpp, line 224]
Event: 0.295 Thread 0x00007f9080011000 Exception <a 'java/lang/ClassNotFoundException': com/sun/swing/internal/plaf/basic/resources/basicProvider> (0x00000006d73a4488) thrown at [/build/openjdk-9-argm_o/openjdk-9-9~b114/src/hotspot/src/share/vm/classfile/systemDictionary.cpp, line 224]
Event: 0.297 Thread 0x00007f9080011000 Implicit null exception at 0x00007f9070ad523e to 0x00007f9070ad5f2d
Event: 0.301 Thread 0x00007f9080011000 Implicit null exception at 0x00007f9070ad8d0f to 0x00007f9070ad8d79

Events (10 events):
Event: 5.408 loading class sun/nio/cs/UTF_16$Decoder
Event: 5.408 loading class sun/nio/cs/UnicodeDecoder
Event: 5.408 loading class sun/nio/cs/UnicodeDecoder done
Event: 5.408 loading class sun/nio/cs/UTF_16$Decoder done
Event: 5.409 loading class sun/font/FileFontStrike
Event: 5.409 loading class sun/font/FileFontStrike done
Event: 5.409 loading class sun/font/FontScaler
Event: 5.409 loading class sun/font/FontScaler done
Event: 5.409 loading class sun/font/FreetypeFontScaler
Event: 5.409 loading class sun/font/FreetypeFontScaler done


Dynamic libraries:
00400000-00401000 r-xp 00000000 08:13 1447897                            /usr/lib/jvm/java-9-openjdk-amd64/bin/java
00600000-00601000 r--p 00000000 08:13 1447897                            /usr/lib/jvm/java-9-openjdk-amd64/bin/java
00601000-00602000 rw-p 00001000 08:13 1447897                            /usr/lib/jvm/java-9-openjdk-amd64/bin/java
024f8000-02519000 rw-p 00000000 00:00 0                                  [heap]
6c7e00000-6d7800000 rw-p 00000000 00:00 0 
6d7800000-7c0000000 ---p 00000000 00:00 0 
7c0000000-7c01a0000 rw-p 00000000 00:00 0 
7c01a0000-800000000 ---p 00000000 00:00 0 
7f8fb4000000-7f8fb4021000 rw-p 00000000 00:00 0 
7f8fb4021000-7f8fb8000000 ---p 00000000 00:00 0 
7f8fbc000000-7f8fbc021000 rw-p 00000000 00:00 0 
7f8fbc021000-7f8fc0000000 ---p 00000000 00:00 0 
7f8fc0000000-7f8fc0021000 rw-p 00000000 00:00 0 
7f8fc0021000-7f8fc4000000 ---p 00000000 00:00 0 
7f8fc4000000-7f8fc4021000 rw-p 00000000 00:00 0 
7f8fc4021000-7f8fc8000000 ---p 00000000 00:00 0 
7f8fc8000000-7f8fc8021000 rw-p 00000000 00:00 0 
7f8fc8021000-7f8fcc000000 ---p 00000000 00:00 0 
7f8fcc000000-7f8fcc021000 rw-p 00000000 00:00 0 
7f8fcc021000-7f8fd0000000 ---p 00000000 00:00 0 
7f8fd0000000-7f8fd0021000 rw-p 00000000 00:00 0 
7f8fd0021000-7f8fd4000000 ---p 00000000 00:00 0 
7f8fd4000000-7f8fd4021000 rw-p 00000000 00:00 0 
7f8fd4021000-7f8fd8000000 ---p 00000000 00:00 0 
7f8fd918b000-7f8fd918f000 ---p 00000000 00:00 0 
7f8fd918f000-7f8fd928c000 rw-p 00000000 00:00 0 
7f8fd928c000-7f8fd9290000 ---p 00000000 00:00 0 
7f8fd9290000-7f8fd938d000 rw-p 00000000 00:00 0 
7f8fd938d000-7f8fd9391000 ---p 00000000 00:00 0 
7f8fd9391000-7f8fd958e000 rw-p 00000000 00:00 0 
7f8fd958e000-7f8fd968e000 ---p 00000000 00:00 0 
7f8fd968e000-7f8fd9692000 ---p 00000000 00:00 0 
7f8fd9692000-7f8fd998f000 rw-p 00000000 00:00 0 
7f8fd998f000-7f8fd9993000 ---p 00000000 00:00 0 
7f8fd9993000-7f8fd9a90000 rw-p 00000000 00:00 0 
7f8fd9a90000-7f8fd9a95000 r-xp 00000000 08:13 1450102                    /usr/lib/x86_64-linux-gnu/libXfixes.so.3.1.0
7f8fd9a95000-7f8fd9c94000 ---p 00005000 08:13 1450102                    /usr/lib/x86_64-linux-gnu/libXfixes.so.3.1.0
7f8fd9c94000-7f8fd9c95000 r--p 00004000 08:13 1450102                    /usr/lib/x86_64-linux-gnu/libXfixes.so.3.1.0
7f8fd9c95000-7f8fd9c96000 rw-p 00005000 08:13 1450102                    /usr/lib/x86_64-linux-gnu/libXfixes.so.3.1.0
7f8fd9c96000-7f8fd9c9f000 r-xp 00000000 08:13 1450094                    /usr/lib/x86_64-linux-gnu/libXcursor.so.1.0.2
7f8fd9c9f000-7f8fd9e9e000 ---p 00009000 08:13 1450094                    /usr/lib/x86_64-linux-gnu/libXcursor.so.1.0.2
7f8fd9e9e000-7f8fd9e9f000 r--p 00008000 08:13 1450094                    /usr/lib/x86_64-linux-gnu/libXcursor.so.1.0.2
7f8fd9e9f000-7f8fd9ea0000 rw-p 00009000 08:13 1450094                    /usr/lib/x86_64-linux-gnu/libXcursor.so.1.0.2
7f8fd9ea0000-7f8fd9ea4000 ---p 00000000 00:00 0 
7f8fd9ea4000-7f8fd9fa1000 rw-p 00000000 00:00 0 
7f8fd9fa1000-7f8fd9fc5000 r-xp 00000000 08:13 5378664                    /lib/x86_64-linux-gnu/libpng12.so.0.54.0
7f8fd9fc5000-7f8fda1c4000 ---p 00024000 08:13 5378664                    /lib/x86_64-linux-gnu/libpng12.so.0.54.0
7f8fda1c4000-7f8fda1c5000 r--p 00023000 08:13 5378664                    /lib/x86_64-linux-gnu/libpng12.so.0.54.0
7f8fda1c5000-7f8fda1c6000 rw-p 00024000 08:13 5378664                    /lib/x86_64-linux-gnu/libpng12.so.0.54.0
7f8fda1c6000-7f8fda26a000 r-xp 00000000 08:13 1450517                    /usr/lib/x86_64-linux-gnu/libfreetype.so.6.12.1
7f8fda26a000-7f8fda469000 ---p 000a4000 08:13 1450517                    /usr/lib/x86_64-linux-gnu/libfreetype.so.6.12.1
7f8fda469000-7f8fda46f000 r--p 000a3000 08:13 1450517                    /usr/lib/x86_64-linux-gnu/libfreetype.so.6.12.1
7f8fda46f000-7f8fda470000 rw-p 000a9000 08:13 1450517                    /usr/lib/x86_64-linux-gnu/libfreetype.so.6.12.1
7f8fda470000-7f8fda536000 r-xp 00000000 08:13 1456388                    /usr/lib/jvm/java-9-openjdk-amd64/lib/amd64/libfontmanager.so
7f8fda536000-7f8fda735000 ---p 000c6000 08:13 1456388                    /usr/lib/jvm/java-9-openjdk-amd64/lib/amd64/libfontmanager.so
7f8fda735000-7f8fda738000 r--p 000c5000 08:13 1456388                    /usr/lib/jvm/java-9-openjdk-amd64/lib/amd64/libfontmanager.so
7f8fda738000-7f8fda739000 rw-p 000c8000 08:13 1456388                    /usr/lib/jvm/java-9-openjdk-amd64/lib/amd64/libfontmanager.so
7f8fda739000-7f8fda73a000 rw-p 00000000 00:00 0 
7f8fda73a000-7f8fda73f000 r-xp 00000000 08:13 1450098                    /usr/lib/x86_64-linux-gnu/libXdmcp.so.6.0.0
7f8fda73f000-7f8fda93e000 ---p 00005000 08:13 1450098                    /usr/lib/x86_64-linux-gnu/libXdmcp.so.6.0.0
7f8fda93e000-7f8fda93f000 r--p 00004000 08:13 1450098                    /usr/lib/x86_64-linux-gnu/libXdmcp.so.6.0.0
7f8fda93f000-7f8fda940000 rw-p 00005000 08:13 1450098                    /usr/lib/x86_64-linux-gnu/libXdmcp.so.6.0.0
7f8fda940000-7f8fda942000 r-xp 00000000 08:13 1450087                    /usr/lib/x86_64-linux-gnu/libXau.so.6.0.0
7f8fda942000-7f8fdab42000 ---p 00002000 08:13 1450087                    /usr/lib/x86_64-linux-gnu/libXau.so.6.0.0
7f8fdab42000-7f8fdab43000 r--p 00002000 08:13 1450087                    /usr/lib/x86_64-linux-gnu/libXau.so.6.0.0
7f8fdab43000-7f8fdab44000 rw-p 00003000 08:13 1450087                    /usr/lib/x86_64-linux-gnu/libXau.so.6.0.0
7f8fdab44000-7f8fdab65000 r-xp 00000000 08:13 1451465                    /usr/lib/x86_64-linux-gnu/libxcb.so.1.1.0
7f8fdab65000-7f8fdad64000 ---p 00021000 08:13 1451465                    /usr/lib/x86_64-linux-gnu/libxcb.so.1.1.0
7f8fdad64000-7f8fdad65000 r--p 00020000 08:13 1451465                    /usr/lib/x86_64-linux-gnu/libxcb.so.1.1.0
7f8fdad65000-7f8fdad66000 rw-p 00021000 08:13 1451465                    /usr/lib/x86_64-linux-gnu/libxcb.so.1.1.0
7f8fdad66000-7f8fdad75000 r-xp 00000000 08:13 1450108                    /usr/lib/x86_64-linux-gnu/libXi.so.6.1.0
7f8fdad75000-7f8fdaf74000 ---p 0000f000 08:13 1450108                    /usr/lib/x86_64-linux-gnu/libXi.so.6.1.0
7f8fdaf74000-7f8fdaf75000 r--p 0000e000 08:13 1450108                    /usr/lib/x86_64-linux-gnu/libXi.so.6.1.0
7f8fdaf75000-7f8fdaf76000 rw-p 0000f000 08:13 1450108                    /usr/lib/x86_64-linux-gnu/libXi.so.6.1.0
7f8fdaf76000-7f8fdaf7b000 r-xp 00000000 08:13 1450126                    /usr/lib/x86_64-linux-gnu/libXtst.so.6.1.0
7f8fdaf7b000-7f8fdb17a000 ---p 00005000 08:13 1450126                    /usr/lib/x86_64-linux-gnu/libXtst.so.6.1.0
7f8fdb17a000-7f8fdb17b000 r--p 00004000 08:13 1450126                    /usr/lib/x86_64-linux-gnu/libXtst.so.6.1.0
7f8fdb17b000-7f8fdb17c000 rw-p 00005000 08:13 1450126                    /usr/lib/x86_64-linux-gnu/libXtst.so.6.1.0
7f8fdb17c000-7f8fdb185000 r-xp 00000000 08:13 1450120                    /usr/lib/x86_64-linux-gnu/libXrender.so.1.3.0
7f8fdb185000-7f8fdb384000 ---p 00009000 08:13 1450120                    /usr/lib/x86_64-linux-gnu/libXrender.so.1.3.0
7f8fdb384000-7f8fdb385000 r--p 00008000 08:13 1450120                    /usr/lib/x86_64-linux-gnu/libXrender.so.1.3.0
7f8fdb385000-7f8fdb386000 rw-p 00009000 08:13 1450120                    /usr/lib/x86_64-linux-gnu/libXrender.so.1.3.0
7f8fdb386000-7f8fdb4bb000 r-xp 00000000 08:13 1450083                    /usr/lib/x86_64-linux-gnu/libX11.so.6.3.0
7f8fdb4bb000-7f8fdb6bb000 ---p 00135000 08:13 1450083                    /usr/lib/x86_64-linux-gnu/libX11.so.6.3.0
7f8fdb6bb000-7f8fdb6bc000 r--p 00135000 08:13 1450083                    /usr/lib/x86_64-linux-gnu/libX11.so.6.3.0
7f8fdb6bc000-7f8fdb6c0000 rw-p 00136000 08:13 1450083                    /usr/lib/x86_64-linux-gnu/libX11.so.6.3.0
7f8fdb6c0000-7f8fdb6d1000 r-xp 00000000 08:13 1450100                    /usr/lib/x86_64-linux-gnu/libXext.so.6.4.0
7f8fdb6d1000-7f8fdb8d0000 ---p 00011000 08:13 1450100                    /usr/lib/x86_64-linux-gnu/libXext.so.6.4.0
7f8fdb8d0000-7f8fdb8d1000 r--p 00010000 08:13 1450100                    /usr/lib/x86_64-linux-gnu/libXext.so.6.4.0
7f8fdb8d1000-7f8fdb8d2000 rw-p 00011000 08:13 1450100                    /usr/lib/x86_64-linux-gnu/libXext.so.6.4.0
7f8fdb8d2000-7f8fdb929000 r-xp 00000000 08:13 1460463                    /usr/lib/jvm/java-9-openjdk-amd64/lib/amd64/libawt_xawt.so
7f8fdb929000-7f8fdbb29000 ---p 00057000 08:13 1460463                    /usr/lib/jvm/java-9-openjdk-amd64/lib/amd64/libawt_xawt.so
7f8fdbb29000-7f8fdbb2a000 r--p 00057000 08:13 1460463                    /usr/lib/jvm/java-9-openjdk-amd64/lib/amd64/libawt_xawt.so
7f8fdbb2a000-7f8fdbb2d000 rw-p 00058000 08:13 1460463                    /usr/lib/jvm/java-9-openjdk-amd64/lib/amd64/libawt_xawt.so
7f8fdbb2d000-7f8fdbb2e000 rw-p 00000000 00:00 0 
7f8fdbb2e000-7f8fdbbce000 r-xp 00000000 08:13 1456362                    /usr/lib/jvm/java-9-openjdk-amd64/lib/amd64/libawt.so
7f8fdbbce000-7f8fdbdcd000 ---p 000a0000 08:13 1456362                    /usr/lib/jvm/java-9-openjdk-amd64/lib/amd64/libawt.so
7f8fdbdcd000-7f8fdbdce000 r--p 0009f000 08:13 1456362                    /usr/lib/jvm/java-9-openjdk-amd64/lib/amd64/libawt.so
7f8fdbdce000-7f8fdbdd9000 rw-p 000a0000 08:13 1456362                    /usr/lib/jvm/java-9-openjdk-amd64/lib/amd64/libawt.so
7f8fdbdd9000-7f8fdbdfe000 rw-p 00000000 00:00 0 
7f8fdbdfe000-7f8fdbdff000 ---p 00000000 00:00 0 
7f8fdbdff000-7f8fdbeff000 rw-p 00000000 00:00 0 
7f8fdbeff000-7f8fdbf03000 ---p 00000000 00:00 0 
7f8fdbf03000-7f8fdc000000 rw-p 00000000 00:00 0 
7f8fdc000000-7f8fdc021000 rw-p 00000000 00:00 0 
7f8fdc021000-7f8fe0000000 ---p 00000000 00:00 0 
7f8fe0000000-7f8fe0021000 rw-p 00000000 00:00 0 
7f8fe0021000-7f8fe4000000 ---p 00000000 00:00 0 
7f8fe4000000-7f8fe415b000 rw-p 00000000 00:00 0 
7f8fe415b000-7f8fe8000000 ---p 00000000 00:00 0 
7f8fe8000000-7f8fe819a000 rw-p 00000000 00:00 0 
7f8fe819a000-7f8fec000000 ---p 00000000 00:00 0 
7f8fec000000-7f8fec2c8000 rw-p 00000000 00:00 0 
7f8fec2c8000-7f8ff0000000 ---p 00000000 00:00 0 
7f8ff0000000-7f8ff01ff000 rw-p 00000000 00:00 0 
7f8ff01ff000-7f8ff4000000 ---p 00000000 00:00 0 
7f8ff4000000-7f8ff4021000 rw-p 00000000 00:00 0 
7f8ff4021000-7f8ff8000000 ---p 00000000 00:00 0 
7f8ff8000000-7f8ff8021000 rw-p 00000000 00:00 0 
7f8ff8021000-7f8ffc000000 ---p 00000000 00:00 0 
7f8ffc000000-7f8ffc021000 rw-p 00000000 00:00 0 
7f8ffc021000-7f9000000000 ---p 00000000 00:00 0 
7f9000000000-7f9000021000 rw-p 00000000 00:00 0 
7f9000021000-7f9004000000 ---p 00000000 00:00 0 
7f9004000000-7f9004021000 rw-p 00000000 00:00 0 
7f9004021000-7f9008000000 ---p 00000000 00:00 0 
7f90080c0000-7f90080c4000 ---p 00000000 00:00 0 
7f90080c4000-7f90084c2000 rw-p 00000000 00:00 0 
7f90084c2000-7f90084d8000 r-xp 00000000 08:13 1460437                    /usr/lib/jvm/java-9-openjdk-amd64/lib/amd64/libnet.so
7f90084d8000-7f90086d7000 ---p 00016000 08:13 1460437                    /usr/lib/jvm/java-9-openjdk-amd64/lib/amd64/libnet.so
7f90086d7000-7f90086d8000 r--p 00015000 08:13 1460437                    /usr/lib/jvm/java-9-openjdk-amd64/lib/amd64/libnet.so
7f90086d8000-7f90086d9000 rw-p 00016000 08:13 1460437                    /usr/lib/jvm/java-9-openjdk-amd64/lib/amd64/libnet.so
7f90086d9000-7f90086ea000 r-xp 00000000 08:13 1460464                    /usr/lib/jvm/java-9-openjdk-amd64/lib/amd64/libnio.so
7f90086ea000-7f90088ea000 ---p 00011000 08:13 1460464                    /usr/lib/jvm/java-9-openjdk-amd64/lib/amd64/libnio.so
7f90088ea000-7f90088eb000 r--p 00011000 08:13 1460464                    /usr/lib/jvm/java-9-openjdk-amd64/lib/amd64/libnio.so
7f90088eb000-7f90088ec000 rw-p 00012000 08:13 1460464                    /usr/lib/jvm/java-9-openjdk-amd64/lib/amd64/libnio.so
7f90088ec000-7f90088f0000 ---p 00000000 00:00 0 
7f90088f0000-7f90089ed000 rw-p 00000000 00:00 0 
7f90089ed000-7f90089f1000 ---p 00000000 00:00 0 
7f90089f1000-7f9008aee000 rw-p 00000000 00:00 0 
7f9008aee000-7f9008af2000 ---p 00000000 00:00 0 
7f9008af2000-7f9008bef000 rw-p 00000000 00:00 0 
7f9008bef000-7f9008bf3000 ---p 00000000 00:00 0 
7f9008bf3000-7f9008cf0000 rw-p 00000000 00:00 0 
7f9008cf0000-7f9008cf4000 ---p 00000000 00:00 0 
7f9008cf4000-7f9008df1000 rw-p 00000000 00:00 0 
7f9008df1000-7f9009800000 r--p 00000000 08:13 1449106                    /usr/lib/locale/locale-archive
7f9009800000-7f900c000000 rw-p 00000000 00:00 0 
7f900c000000-7f900c021000 rw-p 00000000 00:00 0 
7f900c021000-7f9010000000 ---p 00000000 00:00 0 
7f9010000000-7f9010021000 rw-p 00000000 00:00 0 
7f9010021000-7f9014000000 ---p 00000000 00:00 0 
7f9014000000-7f9014021000 rw-p 00000000 00:00 0 
7f9014021000-7f9018000000 ---p 00000000 00:00 0 
7f90180ed000-7f90180f1000 ---p 00000000 00:00 0 
7f90180f1000-7f90181ee000 rw-p 00000000 00:00 0 
7f90181ee000-7f90181f2000 ---p 00000000 00:00 0 
7f90181f2000-7f90182ef000 rw-p 00000000 00:00 0 
7f90182ef000-7f90182f3000 ---p 00000000 00:00 0 
7f90182f3000-7f90187d8000 rw-p 00000000 00:00 0 
7f90187d8000-7f901c1f8000 ---p 00000000 00:00 0 
7f901c1f8000-7f901c5e0000 rw-p 00000000 00:00 0 
7f901c5e0000-7f9020000000 ---p 00000000 00:00 0 
7f9020000000-7f9020021000 rw-p 00000000 00:00 0 
7f9020021000-7f9024000000 ---p 00000000 00:00 0 
7f9024000000-7f9024021000 rw-p 00000000 00:00 0 
7f9024021000-7f9028000000 ---p 00000000 00:00 0 
7f9028000000-7f9028021000 rw-p 00000000 00:00 0 
7f9028021000-7f902c000000 ---p 00000000 00:00 0 
7f902c000000-7f902c021000 rw-p 00000000 00:00 0 
7f902c021000-7f9030000000 ---p 00000000 00:00 0 
7f9030000000-7f9030021000 rw-p 00000000 00:00 0 
7f9030021000-7f9034000000 ---p 00000000 00:00 0 
7f9034000000-7f9034021000 rw-p 00000000 00:00 0 
7f9034021000-7f9038000000 ---p 00000000 00:00 0 
7f9038000000-7f9038021000 rw-p 00000000 00:00 0 
7f9038021000-7f903c000000 ---p 00000000 00:00 0 
7f903c000000-7f903c021000 rw-p 00000000 00:00 0 
7f903c021000-7f9040000000 ---p 00000000 00:00 0 
7f9040000000-7f9040021000 rw-p 00000000 00:00 0 
7f9040021000-7f9044000000 ---p 00000000 00:00 0 
7f9044000000-7f9044021000 rw-p 00000000 00:00 0 
7f9044021000-7f9048000000 ---p 00000000 00:00 0 
7f904804d000-7f9048058000 r--s 00000000 08:13 2649906                    /var/cache/fontconfig/945677eb7aeaf62f1d50efc3fb3ec7d8-le64.cache-6
7f9048058000-7f904805e000 r--s 00000000 08:13 2652881                    /var/cache/fontconfig/2cd17615ca594fa2959ae173292e504c-le64.cache-6
7f904805e000-7f9048073000 r--s 00000000 08:13 2652868                    /var/cache/fontconfig/04aabc0a78ac019cf9454389977116d2-le64.cache-6
7f9048073000-7f90480ae000 r--s 00000000 08:13 2652861                    /var/cache/fontconfig/365b55f210c0a22e9a19e35191240f32-le64.cache-6
7f90480ae000-7f90480b2000 ---p 00000000 00:00 0 
7f90480b2000-7f90481af000 rw-p 00000000 00:00 0 
7f90481af000-7f90481b0000 ---p 00000000 00:00 0 
7f90481b0000-7f90492f6000 rw-p 00000000 00:00 0 
7f90492f6000-7f90492f7000 ---p 00000000 00:00 0 
7f90492f7000-7f90493f7000 rw-p 00000000 00:00 0 
7f90493f7000-7f90493f8000 ---p 00000000 00:00 0 
7f90493f8000-7f90494f8000 rw-p 00000000 00:00 0 
7f90494f8000-7f90494f9000 ---p 00000000 00:00 0 
7f90494f9000-7f904976f000 rw-p 00000000 00:00 0 
7f904976f000-7f9049eb3000 ---p 00000000 00:00 0 
7f9049eb3000-7f9049f30000 rw-p 00000000 00:00 0 
7f9049f30000-7f904ae35000 ---p 00000000 00:00 0 
7f904ae35000-7f904aeb2000 rw-p 00000000 00:00 0 
7f904aeb2000-7f904b5f6000 ---p 00000000 00:00 0 
7f904b5f6000-7f904b5f7000 ---p 00000000 00:00 0 
7f904b5f7000-7f904b6f7000 rw-p 00000000 00:00 0 
7f904b6f7000-7f904b6f8000 ---p 00000000 00:00 0 
7f904b6f8000-7f904b7f8000 rw-p 00000000 00:00 0 
7f904b7f8000-7f904b7f9000 ---p 00000000 00:00 0 
7f904b7f9000-7f904b8f9000 rw-p 00000000 00:00 0 
7f904b8f9000-7f904b8fa000 ---p 00000000 00:00 0 
7f904b8fa000-7f904b9fa000 rw-p 00000000 00:00 0 
7f904b9fa000-7f904b9fb000 ---p 00000000 00:00 0 
7f904b9fb000-7f904bafb000 rw-p 00000000 00:00 0 
7f904bafb000-7f904bafc000 ---p 00000000 00:00 0 
7f904bafc000-7f904bbfc000 rw-p 00000000 00:00 0 
7f904bbfc000-7f904bbfd000 ---p 00000000 00:00 0 
7f904bbfd000-7f904bcfd000 rw-p 00000000 00:00 0 
7f904bcfd000-7f904bcfe000 ---p 00000000 00:00 0 
7f904bcfe000-7f904bdfe000 rw-p 00000000 00:00 0 
7f904bdfe000-7f904bdff000 ---p 00000000 00:00 0 
7f904bdff000-7f904c000000 rw-p 00000000 00:00 0 
7f904c000000-7f904c021000 rw-p 00000000 00:00 0 
7f904c021000-7f9050000000 ---p 00000000 00:00 0 
7f9050000000-7f9050021000 rw-p 00000000 00:00 0 
7f9050021000-7f9054000000 ---p 00000000 00:00 0 
7f9054000000-7f9054021000 rw-p 00000000 00:00 0 
7f9054021000-7f9058000000 ---p 00000000 00:00 0 
7f9058000000-7f9058021000 rw-p 00000000 00:00 0 
7f9058021000-7f905c000000 ---p 00000000 00:00 0 
7f905c000000-7f905c021000 rw-p 00000000 00:00 0 
7f905c021000-7f9060000000 ---p 00000000 00:00 0 
7f9060000000-7f9060021000 rw-p 00000000 00:00 0 
7f9060021000-7f9064000000 ---p 00000000 00:00 0 
7f9064000000-7f9064021000 rw-p 00000000 00:00 0 
7f9064021000-7f9068000000 ---p 00000000 00:00 0 
7f9068002000-7f9068009000 r--s 00000000 08:13 2654489                    /var/cache/fontconfig/6eb3985aa4124903f6ff08ba781cd364-le64.cache-6
7f9068009000-7f9068710000 rw-p 00000000 00:00 0 
7f9068710000-7f9068711000 ---p 00000000 00:00 0 
7f9068711000-7f9068811000 rw-p 00000000 00:00 0 
7f9068811000-7f9068812000 ---p 00000000 00:00 0 
7f9068812000-7f9068912000 rw-p 00000000 00:00 0 
7f9068912000-7f9068913000 ---p 00000000 00:00 0 
7f9068913000-7f9068a13000 rw-p 00000000 00:00 0 
7f9068a13000-7f9068a14000 ---p 00000000 00:00 0 
7f9068a14000-7f9068b14000 rw-p 00000000 00:00 0 
7f9068b14000-7f9068b15000 ---p 00000000 00:00 0 
7f9068b15000-7f9068c15000 rw-p 00000000 00:00 0 
7f9068c15000-7f9068c16000 ---p 00000000 00:00 0 
7f9068c16000-7f9068d16000 rw-p 00000000 00:00 0 
7f9068d16000-7f9068d17000 ---p 00000000 00:00 0 
7f9068d17000-7f9068e17000 rw-p 00000000 00:00 0 
7f9068e17000-7f9068e18000 ---p 00000000 00:00 0 
7f9068e18000-7f9068f1d000 rw-p 00000000 00:00 0 
7f9068f1d000-7f9069003000 ---p 00000000 00:00 0 
7f9069003000-7f9069273000 rwxp 00000000 00:00 0 
7f9069273000-7f9069594000 ---p 00000000 00:00 0 
7f9069594000-7f9069804000 rwxp 00000000 00:00 0 
7f9069804000-7f9070acb000 ---p 00000000 00:00 0 
7f9070acb000-7f9070d3b000 rwxp 00000000 00:00 0 
7f9070d3b000-7f9078003000 ---p 00000000 00:00 0 
7f9078003000-7f907f3b2000 r--s 00000000 08:13 1447908                    /usr/lib/jvm/java-9-openjdk-amd64/lib/modules
7f907f3b2000-7f907f3b7000 r-xp 00000000 08:13 1460451                    /usr/lib/jvm/java-9-openjdk-amd64/lib/amd64/libjimage.so
7f907f3b7000-7f907f5b6000 ---p 00005000 08:13 1460451                    /usr/lib/jvm/java-9-openjdk-amd64/lib/amd64/libjimage.so
7f907f5b6000-7f907f5b7000 r--p 00004000 08:13 1460451                    /usr/lib/jvm/java-9-openjdk-amd64/lib/amd64/libjimage.so
7f907f5b7000-7f907f5b8000 rw-p 00005000 08:13 1460451                    /usr/lib/jvm/java-9-openjdk-amd64/lib/amd64/libjimage.so
7f907f5b8000-7f907f5bf000 r-xp 00000000 08:13 1460447                    /usr/lib/jvm/java-9-openjdk-amd64/lib/amd64/libzip.so
7f907f5bf000-7f907f7be000 ---p 00007000 08:13 1460447                    /usr/lib/jvm/java-9-openjdk-amd64/lib/amd64/libzip.so
7f907f7be000-7f907f7bf000 r--p 00006000 08:13 1460447                    /usr/lib/jvm/java-9-openjdk-amd64/lib/amd64/libzip.so
7f907f7bf000-7f907f7c0000 rw-p 00007000 08:13 1460447                    /usr/lib/jvm/java-9-openjdk-amd64/lib/amd64/libzip.so
7f907f7c0000-7f907f7cb000 r-xp 00000000 08:13 5378622                    /lib/x86_64-linux-gnu/libnss_files-2.23.so
7f907f7cb000-7f907f9ca000 ---p 0000b000 08:13 5378622                    /lib/x86_64-linux-gnu/libnss_files-2.23.so
7f907f9ca000-7f907f9cb000 r--p 0000a000 08:13 5378622                    /lib/x86_64-linux-gnu/libnss_files-2.23.so
7f907f9cb000-7f907f9cc000 rw-p 0000b000 08:13 5378622                    /lib/x86_64-linux-gnu/libnss_files-2.23.so
7f907f9cc000-7f907f9d2000 rw-p 00000000 00:00 0 
7f907f9d2000-7f907f9dd000 r-xp 00000000 08:13 5378632                    /lib/x86_64-linux-gnu/libnss_nis-2.23.so
7f907f9dd000-7f907fbdc000 ---p 0000b000 08:13 5378632                    /lib/x86_64-linux-gnu/libnss_nis-2.23.so
7f907fbdc000-7f907fbdd000 r--p 0000a000 08:13 5378632                    /lib/x86_64-linux-gnu/libnss_nis-2.23.so
7f907fbdd000-7f907fbde000 rw-p 0000b000 08:13 5378632                    /lib/x86_64-linux-gnu/libnss_nis-2.23.so
7f907fbde000-7f907fbf4000 r-xp 00000000 08:13 5378616                    /lib/x86_64-linux-gnu/libnsl-2.23.so
7f907fbf4000-7f907fdf3000 ---p 00016000 08:13 5378616                    /lib/x86_64-linux-gnu/libnsl-2.23.so
7f907fdf3000-7f907fdf4000 r--p 00015000 08:13 5378616                    /lib/x86_64-linux-gnu/libnsl-2.23.so
7f907fdf4000-7f907fdf5000 rw-p 00016000 08:13 5378616                    /lib/x86_64-linux-gnu/libnsl-2.23.so
7f907fdf5000-7f907fdf7000 rw-p 00000000 00:00 0 
7f907fdf7000-7f907fdff000 r-xp 00000000 08:13 5378618                    /lib/x86_64-linux-gnu/libnss_compat-2.23.so
7f907fdff000-7f907fffe000 ---p 00008000 08:13 5378618                    /lib/x86_64-linux-gnu/libnss_compat-2.23.so
7f907fffe000-7f907ffff000 r--p 00007000 08:13 5378618                    /lib/x86_64-linux-gnu/libnss_compat-2.23.so
7f907ffff000-7f9080000000 rw-p 00008000 08:13 5378618                    /lib/x86_64-linux-gnu/libnss_compat-2.23.so
7f9080000000-7f908080a000 rw-p 00000000 00:00 0 
7f908080a000-7f9084000000 ---p 00000000 00:00 0 
7f9084001000-7f9084002000 r--s 00000000 08:13 2652880                    /var/cache/fontconfig/0d8c3b2ac0904cb8a57a757ad11a4a08-le64.cache-6
7f9084002000-7f9084006000 r--s 00000000 08:13 2654488                    /var/cache/fontconfig/6d41288fd70b0be22e8c3a91e032eec0-le64.cache-6
7f9084006000-7f908400a000 r--s 00000000 08:13 2654487                    /var/cache/fontconfig/de156ccd2eddbdc19d37a45b8b2aac9c-le64.cache-6
7f908400a000-7f908400b000 r--s 00000000 08:13 2652867                    /var/cache/fontconfig/1ac9eb803944fde146138c791f5cc56a-le64.cache-6
7f908400b000-7f908400f000 r--s 00000000 08:13 2652866                    /var/cache/fontconfig/385c0604a188198f04d133e54aba7fe7-le64.cache-6
7f908400f000-7f9084010000 r--s 00000000 08:13 2652865                    /var/cache/fontconfig/dc05db6664285cc2f12bf69c139ae4c3-le64.cache-6
7f9084010000-7f9084013000 r--s 00000000 08:13 2652864                    /var/cache/fontconfig/767a8244fc0220cfb567a839d0392e0b-le64.cache-6
7f9084013000-7f9084014000 r--s 00000000 08:13 2652863                    /var/cache/fontconfig/4794a0821666d79190d59a36cb4f44b5-le64.cache-6
7f9084014000-7f9084019000 r--s 00000000 08:13 2652862                    /var/cache/fontconfig/8801497958630a81b71ace7c5f9b32a8-le64.cache-6
7f9084019000-7f908401d000 r--s 00000000 08:13 2654486                    /var/cache/fontconfig/c57959a16110560c8d0fcea73374aeeb-le64.cache-6
7f908401d000-7f908401e000 r--s 00000000 08:13 2652860                    /var/cache/fontconfig/bab58bb527bb656aaa9f116d68a48d89-le64.cache-6
7f908401e000-7f9084025000 r--s 00000000 08:13 2652859                    /var/cache/fontconfig/3047814df9a2f067bd2d96a2b9c36e5a-le64.cache-6
7f9084025000-7f908402d000 r--s 00000000 08:13 2654484                    /var/cache/fontconfig/bf3b770c553c462765856025a94f1ce6-le64.cache-6
7f908402d000-7f908402e000 r--s 00000000 08:13 2652858                    /var/cache/fontconfig/56cf4f4769d0f4abc89a4895d7bd3ae1-le64.cache-6
7f908402e000-7f908402f000 r--s 00000000 08:13 2652857                    /var/cache/fontconfig/b9d506c9ac06c20b433354fa67a72993-le64.cache-6
7f908402f000-7f9084035000 r--s 00000000 08:13 2652856                    /var/cache/fontconfig/b47c4e1ecd0709278f4910c18777a504-le64.cache-6
7f9084035000-7f9084048000 r--s 00000000 08:13 2652855                    /var/cache/fontconfig/d52a8644073d54c13679302ca1180695-le64.cache-6
7f9084048000-7f908404c000 r--s 00000000 08:13 2652852                    /var/cache/fontconfig/d589a48862398ed80a3d6066f4f56f4c-le64.cache-6
7f908404c000-7f9084057000 r--s 00000000 08:13 2652847                    /var/cache/fontconfig/83bf95040141907cd45bb53cf7c1c148-le64.cache-6
7f9084057000-7f908405c000 rw-p 00000000 00:00 0 
7f908405c000-7f9084142000 ---p 00000000 00:00 0 
7f9084142000-7f908416d000 r-xp 00000000 08:13 1447919                    /usr/lib/jvm/java-9-openjdk-amd64/lib/amd64/libjava.so
7f908416d000-7f908436c000 ---p 0002b000 08:13 1447919                    /usr/lib/jvm/java-9-openjdk-amd64/lib/amd64/libjava.so
7f908436c000-7f908436d000 r--p 0002a000 08:13 1447919                    /usr/lib/jvm/java-9-openjdk-amd64/lib/amd64/libjava.so
7f908436d000-7f908436f000 rw-p 0002b000 08:13 1447919                    /usr/lib/jvm/java-9-openjdk-amd64/lib/amd64/libjava.so
7f908436f000-7f908437c000 r-xp 00000000 08:13 1447921                    /usr/lib/jvm/java-9-openjdk-amd64/lib/amd64/libverify.so
7f908437c000-7f908457b000 ---p 0000d000 08:13 1447921                    /usr/lib/jvm/java-9-openjdk-amd64/lib/amd64/libverify.so
7f908457b000-7f908457d000 r--p 0000c000 08:13 1447921                    /usr/lib/jvm/java-9-openjdk-amd64/lib/amd64/libverify.so
7f908457d000-7f908457e000 rw-p 0000e000 08:13 1447921                    /usr/lib/jvm/java-9-openjdk-amd64/lib/amd64/libverify.so
7f908457e000-7f9084585000 r-xp 00000000 08:13 5378677                    /lib/x86_64-linux-gnu/librt-2.23.so
7f9084585000-7f9084784000 ---p 00007000 08:13 5378677                    /lib/x86_64-linux-gnu/librt-2.23.so
7f9084784000-7f9084785000 r--p 00006000 08:13 5378677                    /lib/x86_64-linux-gnu/librt-2.23.so
7f9084785000-7f9084786000 rw-p 00007000 08:13 5378677                    /lib/x86_64-linux-gnu/librt-2.23.so
7f9084786000-7f908479c000 r-xp 00000000 08:13 5378561                    /lib/x86_64-linux-gnu/libgcc_s.so.1
7f908479c000-7f908499b000 ---p 00016000 08:13 5378561                    /lib/x86_64-linux-gnu/libgcc_s.so.1
7f908499b000-7f908499c000 rw-p 00015000 08:13 5378561                    /lib/x86_64-linux-gnu/libgcc_s.so.1
7f908499c000-7f9084aa4000 r-xp 00000000 08:13 5378593                    /lib/x86_64-linux-gnu/libm-2.23.so
7f9084aa4000-7f9084ca3000 ---p 00108000 08:13 5378593                    /lib/x86_64-linux-gnu/libm-2.23.so
7f9084ca3000-7f9084ca4000 r--p 00107000 08:13 5378593                    /lib/x86_64-linux-gnu/libm-2.23.so
7f9084ca4000-7f9084ca5000 rw-p 00108000 08:13 5378593                    /lib/x86_64-linux-gnu/libm-2.23.so
7f9084ca5000-7f9084e17000 r-xp 00000000 08:13 1444690                    /usr/lib/x86_64-linux-gnu/libstdc++.so.6.0.21
7f9084e17000-7f9085017000 ---p 00172000 08:13 1444690                    /usr/lib/x86_64-linux-gnu/libstdc++.so.6.0.21
7f9085017000-7f9085021000 r--p 00172000 08:13 1444690                    /usr/lib/x86_64-linux-gnu/libstdc++.so.6.0.21
7f9085021000-7f9085023000 rw-p 0017c000 08:13 1444690                    /usr/lib/x86_64-linux-gnu/libstdc++.so.6.0.21
7f9085023000-7f9085027000 rw-p 00000000 00:00 0 
7f9085027000-7f9085e85000 r-xp 00000000 08:13 1460444                    /usr/lib/jvm/java-9-openjdk-amd64/lib/amd64/server/libjvm.so
7f9085e85000-7f9086085000 ---p 00e5e000 08:13 1460444                    /usr/lib/jvm/java-9-openjdk-amd64/lib/amd64/server/libjvm.so
7f9086085000-7f9086137000 r--p 00e5e000 08:13 1460444                    /usr/lib/jvm/java-9-openjdk-amd64/lib/amd64/server/libjvm.so
7f9086137000-7f9086169000 rw-p 00f10000 08:13 1460444                    /usr/lib/jvm/java-9-openjdk-amd64/lib/amd64/server/libjvm.so
7f9086169000-7f90861ae000 rw-p 00000000 00:00 0 
7f90861ae000-7f90861c6000 r-xp 00000000 08:13 5378669                    /lib/x86_64-linux-gnu/libpthread-2.23.so
7f90861c6000-7f90863c5000 ---p 00018000 08:13 5378669                    /lib/x86_64-linux-gnu/libpthread-2.23.so
7f90863c5000-7f90863c6000 r--p 00017000 08:13 5378669                    /lib/x86_64-linux-gnu/libpthread-2.23.so
7f90863c6000-7f90863c7000 rw-p 00018000 08:13 5378669                    /lib/x86_64-linux-gnu/libpthread-2.23.so
7f90863c7000-7f90863cb000 rw-p 00000000 00:00 0 
7f90863cb000-7f90863ce000 r-xp 00000000 08:13 5378547                    /lib/x86_64-linux-gnu/libdl-2.23.so
7f90863ce000-7f90865cd000 ---p 00003000 08:13 5378547                    /lib/x86_64-linux-gnu/libdl-2.23.so
7f90865cd000-7f90865ce000 r--p 00002000 08:13 5378547                    /lib/x86_64-linux-gnu/libdl-2.23.so
7f90865ce000-7f90865cf000 rw-p 00003000 08:13 5378547                    /lib/x86_64-linux-gnu/libdl-2.23.so
7f90865cf000-7f90865e8000 r-xp 00000000 08:13 5378714                    /lib/x86_64-linux-gnu/libz.so.1.2.8
7f90865e8000-7f90867e7000 ---p 00019000 08:13 5378714                    /lib/x86_64-linux-gnu/libz.so.1.2.8
7f90867e7000-7f90867e8000 r--p 00018000 08:13 5378714                    /lib/x86_64-linux-gnu/libz.so.1.2.8
7f90867e8000-7f90867e9000 rw-p 00019000 08:13 5378714                    /lib/x86_64-linux-gnu/libz.so.1.2.8
7f90867e9000-7f90869a9000 r-xp 00000000 08:13 5378523                    /lib/x86_64-linux-gnu/libc-2.23.so
7f90869a9000-7f9086ba8000 ---p 001c0000 08:13 5378523                    /lib/x86_64-linux-gnu/libc-2.23.so
7f9086ba8000-7f9086bac000 r--p 001bf000 08:13 5378523                    /lib/x86_64-linux-gnu/libc-2.23.so
7f9086bac000-7f9086bae000 rw-p 001c3000 08:13 5378523                    /lib/x86_64-linux-gnu/libc-2.23.so
7f9086bae000-7f9086bb2000 rw-p 00000000 00:00 0 
7f9086bb2000-7f9086bc0000 r-xp 00000000 08:13 1460461                    /usr/lib/jvm/java-9-openjdk-amd64/lib/amd64/jli/libjli.so
7f9086bc0000-7f9086dbf000 ---p 0000e000 08:13 1460461                    /usr/lib/jvm/java-9-openjdk-amd64/lib/amd64/jli/libjli.so
7f9086dbf000-7f9086dc0000 r--p 0000d000 08:13 1460461                    /usr/lib/jvm/java-9-openjdk-amd64/lib/amd64/jli/libjli.so
7f9086dc0000-7f9086dc1000 rw-p 0000e000 08:13 1460461                    /usr/lib/jvm/java-9-openjdk-amd64/lib/amd64/jli/libjli.so
7f9086dc1000-7f9086de7000 r-xp 00000000 08:13 5378495                    /lib/x86_64-linux-gnu/ld-2.23.so
7f9086de7000-7f9086de8000 r--s 00000000 08:13 2652853                    /var/cache/fontconfig/551ecf3b0e8b0bca0f25c0944f561853-le64.cache-6
7f9086de8000-7f9086deb000 r--s 00000000 08:13 2652848                    /var/cache/fontconfig/75114ca45c98e8a441da0ff356701271-le64.cache-6
7f9086deb000-7f9086dfd000 r--s 00000000 08:13 2649696                    /var/cache/fontconfig/9b89f8e3dae116d678bbf48e5f21f69b-le64.cache-6
7f9086dfd000-7f9086e97000 rw-p 00000000 00:00 0 
7f9086e97000-7f9086e9b000 ---p 00000000 00:00 0 
7f9086e9b000-7f9086f9d000 rw-p 00000000 00:00 0 
7f9086f9d000-7f9086f9e000 r--s 00000000 08:13 2652851                    /var/cache/fontconfig/30829fa25452a46451e813d634d7f916-le64.cache-6
7f9086f9e000-7f9086f9f000 r--s 00000000 08:13 2652850                    /var/cache/fontconfig/0c9eb80ebd1c36541ebe2852d3bb0c49-le64.cache-6
7f9086f9f000-7f9086fa2000 r--s 00000000 08:13 2649905                    /var/cache/fontconfig/e13b20fdb08344e0e664864cc2ede53d-le64.cache-6
7f9086fa2000-7f9086fa6000 r--s 00000000 08:13 2650304                    /var/cache/fontconfig/7ef2298fde41cc6eeb7af42e48b7d293-le64.cache-6
7f9086fa6000-7f9086fd3000 rw-p 00000000 00:00 0 
7f9086fd3000-7f9086fda000 ---p 00000000 00:00 0 
7f9086fda000-7f9086fe2000 rw-s 00000000 08:13 6168081                    /tmp/hsperfdata_orgho/20894
7f9086fe2000-7f9086fe3000 rw-p 00000000 00:00 0 
7f9086fe3000-7f9086fe4000 r--p 00000000 00:00 0 
7f9086fe4000-7f9086fe6000 rw-p 00000000 00:00 0 
7f9086fe6000-7f9086fe7000 r--p 00025000 08:13 5378495                    /lib/x86_64-linux-gnu/ld-2.23.so
7f9086fe7000-7f9086fe8000 rw-p 00026000 08:13 5378495                    /lib/x86_64-linux-gnu/ld-2.23.so
7f9086fe8000-7f9086fe9000 rw-p 00000000 00:00 0 
7ffd17a7f000-7ffd17aa1000 rw-p 00000000 00:00 0                          [stack]
7ffd17b2f000-7ffd17b31000 r--p 00000000 00:00 0                          [vvar]
7ffd17b31000-7ffd17b33000 r-xp 00000000 00:00 0                          [vdso]
ffffffffff600000-ffffffffff601000 r-xp 00000000 00:00 0                  [vsyscall]

VM Arguments:
java_command: HardwareSimulatorMain
java_class_path (initial): :bin/classes:BuiltIn:bin/lib/Hack.jar:bin/lib/HackGUI.jar:bin/lib/Simulators.jar:bin/lib/SimulatorsGUI.jar:bin/lib/Compilers.jar
Launcher Type: SUN_STANDARD

Environment Variables:
PATH=/opt/ros/kinetic/bin:/home/orgho/Documents/ROOT/bin:/usr/local/sbin:/usr/local/bin:/usr/sbin:/usr/bin:/sbin:/bin:/usr/games:/usr/local/games:/snap/bin
LD_LIBRARY_PATH=/opt/ros/kinetic/lib:/home/orgho/Documents/ROOT/lib
SHELL=/bin/bash
DISPLAY=:0
DYLD_LIBRARY_PATH=/home/orgho/Documents/ROOT/lib

Signal Handlers:
SIGSEGV: [libjvm.so+0xc12c20], sa_mask[0]=11111111011111111101111111111110, sa_flags=SA_RESTART|SA_SIGINFO
SIGBUS: [libjvm.so+0xc12c20], sa_mask[0]=11111111011111111101111111111110, sa_flags=SA_RESTART|SA_SIGINFO
SIGFPE: [libjvm.so+0xc12c20], sa_mask[0]=11111111011111111101111111111110, sa_flags=SA_RESTART|SA_SIGINFO
SIGPIPE: [libjvm.so+0xa3b600], sa_mask[0]=11111111011111111101111111111110, sa_flags=SA_RESTART|SA_SIGINFO
SIGXFSZ: [libjvm.so+0xa3b600], sa_mask[0]=11111111011111111101111111111110, sa_flags=SA_RESTART|SA_SIGINFO
SIGILL: [libjvm.so+0xc12c20], sa_mask[0]=11111111011111111101111111111110, sa_flags=SA_RESTART|SA_SIGINFO
SIGUSR2: [libjvm.so+0xa3b4a0], sa_mask[0]=00000000000000000000000000000000, sa_flags=SA_RESTART|SA_SIGINFO
SIGHUP: [libjvm.so+0xa3b870], sa_mask[0]=11111111011111111101111111111110, sa_flags=SA_RESTART|SA_SIGINFO
SIGINT: [libjvm.so+0xa3b870], sa_mask[0]=11111111011111111101111111111110, sa_flags=SA_RESTART|SA_SIGINFO
SIGTERM: [libjvm.so+0xa3b870], sa_mask[0]=11111111011111111101111111111110, sa_flags=SA_RESTART|SA_SIGINFO
SIGQUIT: [libjvm.so+0xa3b870], sa_mask[0]=11111111011111111101111111111110, sa_flags=SA_RESTART|SA_SIGINFO


---------------  S Y S T E M  ---------------

OS:DISTRIB_ID=Ubuntu
DISTRIB_RELEASE=16.04
DISTRIB_CODENAME=xenial
DISTRIB_DESCRIPTION="Ubuntu 16.04 LTS"
uname:Linux 4.4.0-45-generic #66-Ubuntu SMP Wed Oct 19 14:12:37 UTC 2016 x86_64
libc:glibc 2.23 NPTL 2.23 
rlimit: STACK 8192k, CORE 0k, NPROC 63172, NOFILE 65536, AS infinity
load average:0.95 0.94 0.87

/proc/meminfo:
MemTotal:       16256028 kB
MemFree:         7321932 kB
MemAvailable:   10834536 kB
Buffers:          337712 kB
Cached:          3339256 kB
SwapCached:            0 kB
Active:          6647840 kB
Inactive:        1757348 kB
Active(anon):    4738304 kB
Inactive(anon):    90980 kB
Active(file):    1909536 kB
Inactive(file):  1666368 kB
Unevictable:         120 kB
Mlocked:             120 kB
SwapTotal:      16600060 kB
SwapFree:       16600060 kB
Dirty:               660 kB
Writeback:             0 kB
AnonPages:       4728368 kB
Mapped:           576104 kB
Shmem:            101068 kB
Slab:             330048 kB
SReclaimable:     279040 kB
SUnreclaim:        51008 kB
KernelStack:       11008 kB
PageTables:        44388 kB
NFS_Unstable:          0 kB
Bounce:                0 kB
WritebackTmp:          0 kB
CommitLimit:    24728072 kB
Committed_AS:    9789752 kB
VmallocTotal:   34359738367 kB
VmallocUsed:           0 kB
VmallocChunk:          0 kB
HardwareCorrupted:     0 kB
AnonHugePages:   1634304 kB
CmaTotal:              0 kB
CmaFree:               0 kB
HugePages_Total:       0
HugePages_Free:        0
HugePages_Rsvd:        0
HugePages_Surp:        0
Hugepagesize:       2048 kB
DirectMap4k:      295184 kB
DirectMap2M:    13160448 kB
DirectMap1G:     4194304 kB


CPU:total 8 (4 cores per cpu, 2 threads per core) family 6 model 94 stepping 3, cmov, cx8, fxsr, mmx, sse, sse2, sse3, ssse3, sse4.1, sse4.2, popcnt, avx, avx2, aes, clmul, erms, rtm, 3dnowpref, lzcnt, ht, tsc, tscinvbit, bmi1, bmi2, adx

CPU Model and flags from /proc/cpuinfo:
model name	: Intel(R) Core(TM) i7-6700HQ CPU @ 2.60GHz
flags		: fpu vme de pse tsc msr pae mce cx8 apic sep mtrr pge mca cmov pat pse36 clflush dts acpi mmx fxsr sse sse2 ss ht tm pbe syscall nx pdpe1gb rdtscp lm constant_tsc art arch_perfmon pebs bts rep_good nopl xtopology nonstop_tsc aperfmperf eagerfpu pni pclmulqdq dtes64 monitor ds_cpl vmx est tm2 ssse3 sdbg fma cx16 xtpr pdcm pcid sse4_1 sse4_2 x2apic movbe popcnt tsc_deadline_timer aes xsave avx f16c rdrand lahf_lm abm 3dnowprefetch epb intel_pt tpr_shadow vnmi flexpriority ept vpid fsgsbase tsc_adjust bmi1 hle avx2 smep bmi2 erms invpcid rtm mpx rdseed adx smap clflushopt xsaveopt xsavec xgetbv1 dtherm ida arat pln pts hwp hwp_notify hwp_act_window hwp_epp

Memory: 4k page, physical 16256028k(7321932k free), swap 16600060k(16600060k free)

vm_info: OpenJDK 64-Bit Server VM (9-internal+0-2016-04-14-195246.buildd.src) for linux-amd64 JRE (9-internal+0-2016-04-14-195246.buildd.src), built on Apr 14 2016 20:05:37 by "buildd" with gcc 5.3.1 20160413

END.
