#
# A fatal error has been detected by the Java Runtime Environment:
#
#  SIGSEGV (0xb) at pc=0x00007f9b4aea6009, pid=20993, tid=20994
#
# JRE version: OpenJDK Runtime Environment (9.0) (build 9-internal+0-2016-04-14-195246.buildd.src)
# Java VM: OpenJDK 64-Bit Server VM (9-internal+0-2016-04-14-195246.buildd.src, mixed mode, tiered, compressed oops, g1 gc, linux-amd64)
# Problematic frame:
# C  [libjava.so+0x1d009]  JNU_GetEnv+0x19
#
# Core dump will be written. Default location: Core dumps may be processed with "/usr/share/apport/apport %p %s %c %P" (or dumping to /home/orgho/Documents/nand2tetris/tools/core.20993)
#
# If you would like to submit a bug report, please visit:
#   http://bugreport.java.com/bugreport/crash.jsp
# The crash happened outside the Java Virtual Machine in native code.
# See problematic frame for where to report the bug.
#

---------------  S U M M A R Y ------------

Command Line: HardwareSimulatorMain

Host: Intel(R) Core(TM) i7-6700HQ CPU @ 2.60GHz, 8 cores, 15G, Ubuntu 16.04 LTS
Time: Tue Nov  1 22:47:41 2016 CDT elapsed time: 2 seconds (0d 0h 0m 2s)

---------------  T H R E A D  ---------------

Current thread (0x00007f9b44011000):  JavaThread "main" [_thread_in_native, id=20994, stack(0x00007f9b4dbde000,0x00007f9b4dcdf000)]

Stack: [0x00007f9b4dbde000,0x00007f9b4dcdf000],  sp=0x00007f9b4dcdbf00,  free space=1015k
Native frames: (J=compiled Java code, j=interpreted, Vv=VM code, C=native code)
C  [libjava.so+0x1d009]  JNU_GetEnv+0x19
C  [libfontmanager.so+0x33f8e]
C  [libfreetype.so.6+0x14d1b]  FT_Stream_Seek+0x1b

Java frames: (J=compiled Java code, j=interpreted, Vv=VM code)
j  sun.font.FreetypeFontScaler.initNativeScaler(Lsun/font/Font2D;IIZI)J+0 java.desktop@9-internal
j  sun.font.FreetypeFontScaler.<init>(Lsun/font/Font2D;IZI)V+26 java.desktop@9-internal
v  ~StubRoutines::call_stub
j  sun.reflect.NativeConstructorAccessorImpl.newInstance0(Ljava/lang/reflect/Constructor;[Ljava/lang/Object;)Ljava/lang/Object;+0 java.base@9-internal
j  sun.reflect.NativeConstructorAccessorImpl.newInstance([Ljava/lang/Object;)Ljava/lang/Object;+85 java.base@9-internal
j  sun.reflect.DelegatingConstructorAccessorImpl.newInstance([Ljava/lang/Object;)Ljava/lang/Object;+5 java.base@9-internal
j  java.lang.reflect.Constructor.newInstance([Ljava/lang/Object;)Ljava/lang/Object;+65 java.base@9-internal
j  sun.font.FontScaler.getScaler(Lsun/font/Font2D;IZI)Lsun/font/FontScaler;+39 java.desktop@9-internal
j  sun.font.TrueTypeFont.getScaler()Lsun/font/FontScaler;+21 java.desktop@9-internal
j  sun.font.FileFontStrike.<init>(Lsun/font/FileFont;Lsun/font/FontStrikeDesc;)V+204 java.desktop@9-internal
j  sun.font.FileFont.createStrike(Lsun/font/FontStrikeDesc;)Lsun/font/FontStrike;+18 java.desktop@9-internal
j  sun.font.Font2D.getStrike(Lsun/font/FontStrikeDesc;Z)Lsun/font/FontStrike;+92 java.desktop@9-internal
j  sun.font.Font2D.getStrike(Lsun/font/FontStrikeDesc;)Lsun/font/FontStrike;+3 java.desktop@9-internal
j  sun.font.CompositeStrike.getStrikeForSlot(I)Lsun/font/PhysicalStrike;+23 java.desktop@9-internal
j  sun.font.CompositeStrike.getFontMetrics()Lsun/font/StrikeMetrics;+31 java.desktop@9-internal
j  sun.font.FontDesignMetrics.initMatrixAndMetrics()V+28 java.desktop@9-internal
j  sun.font.FontDesignMetrics.<init>(Ljava/awt/Font;Ljava/awt/font/FontRenderContext;)V+62 java.desktop@9-internal
j  sun.font.FontDesignMetrics.getMetrics(Ljava/awt/Font;Ljava/awt/font/FontRenderContext;)Lsun/font/FontDesignMetrics;+128 java.desktop@9-internal
j  sun.swing.SwingUtilities2.getFontMetrics(Ljavax/swing/JComponent;Ljava/awt/Font;)Ljava/awt/FontMetrics;+15 java.desktop@9-internal
j  javax.swing.JComponent.getFontMetrics(Ljava/awt/Font;)Ljava/awt/FontMetrics;+2 java.desktop@9-internal
j  javax.swing.text.PlainView.calculateLongestLine()V+19 java.desktop@9-internal
j  javax.swing.text.PlainView.updateMetrics()V+19 java.desktop@9-internal
j  javax.swing.text.PlainView.updateDamage(Ljavax/swing/event/DocumentEvent;Ljava/awt/Shape;Ljavax/swing/text/ViewFactory;)V+7 java.desktop@9-internal
j  javax.swing.text.PlainView.insertUpdate(Ljavax/swing/event/DocumentEvent;Ljava/awt/Shape;Ljavax/swing/text/ViewFactory;)V+4 java.desktop@9-internal
j  javax.swing.text.FieldView.insertUpdate(Ljavax/swing/event/DocumentEvent;Ljava/awt/Shape;Ljavax/swing/text/ViewFactory;)V+8 java.desktop@9-internal
j  javax.swing.plaf.basic.BasicTextUI$RootView.insertUpdate(Ljavax/swing/event/DocumentEvent;Ljava/awt/Shape;Ljavax/swing/text/ViewFactory;)V+14 java.desktop@9-internal
j  javax.swing.plaf.basic.BasicTextUI$UpdateHandler.insertUpdate(Ljavax/swing/event/DocumentEvent;)V+101 java.desktop@9-internal
j  javax.swing.text.AbstractDocument.fireInsertUpdate(Ljavax/swing/event/DocumentEvent;)V+39 java.desktop@9-internal
j  javax.swing.text.AbstractDocument.handleInsertString(ILjava/lang/String;Ljavax/swing/text/AttributeSet;)V+150 java.desktop@9-internal
j  javax.swing.text.AbstractDocument.insertString(ILjava/lang/String;Ljavax/swing/text/AttributeSet;)V+46 java.desktop@9-internal
j  javax.swing.text.PlainDocument.insertString(ILjava/lang/String;Ljavax/swing/text/AttributeSet;)V+104 java.desktop@9-internal
j  javax.swing.text.AbstractDocument.replace(IILjava/lang/String;Ljavax/swing/text/AttributeSet;)V+74 java.desktop@9-internal
j  javax.swing.text.JTextComponent.setText(Ljava/lang/String;)V+25 java.desktop@9-internal
j  SimulatorsGUI.BinaryComponent.jbInit()V+32
j  SimulatorsGUI.BinaryComponent.<init>()V+270
j  SimulatorsGUI.PinsComponent.<init>()V+135
j  SimulatorsGUI.HardwareSimulatorComponent.<init>()V+72
j  HardwareSimulatorMain.main([Ljava/lang/String;)V+35
v  ~StubRoutines::call_stub

siginfo: si_signo: 11 (SIGSEGV), si_code: 1 (SEGV_MAPERR), si_addr: 0x0000000000000000

Register to memory mapping:

RAX=0x0000000000000000 is an unknown value
RBX=0x0000000000000000 is an unknown value
RCX=0x0000000000000000 is an unknown value
RDX=0x0000000000010002 is an unknown value
RSP=0x00007f9b4dcdbf00 is pointing into the stack for thread: 0x00007f9b44011000
RBP=0x00007f9b4dcdbf10 is pointing into the stack for thread: 0x00007f9b44011000
RSI=0x0000000000010002 is an unknown value
RDI=0x0000000000000000 is an unknown value
R8 =0x0000000000000000 is an unknown value
R9 =0x0000000000000000 is an unknown value
R10=0x00000000000001db is an unknown value
R11=0x00007f9b4aea5ff0: JNU_GetEnv+0x0000000000000000 in /usr/lib/jvm/java-9-openjdk-amd64/lib/amd64/libjava.so at 0x00007f9b4ae89000
R12=0x00007f9b4447a760 is an unknown value
R13=0x0000000000000000 is an unknown value
R14=0x0000000000000000 is an unknown value
R15=0x00007f9b4447a7c0 is an unknown value


Registers:
RAX=0x0000000000000000, RBX=0x0000000000000000, RCX=0x0000000000000000, RDX=0x0000000000010002
RSP=0x00007f9b4dcdbf00, RBP=0x00007f9b4dcdbf10, RSI=0x0000000000010002, RDI=0x0000000000000000
R8 =0x0000000000000000, R9 =0x0000000000000000, R10=0x00000000000001db, R11=0x00007f9b4aea5ff0
R12=0x00007f9b4447a760, R13=0x0000000000000000, R14=0x0000000000000000, R15=0x00007f9b4447a7c0
RIP=0x00007f9b4aea6009, EFLAGS=0x0000000000010246, CSGSFS=0x0000000000000033, ERR=0x0000000000000004
  TRAPNO=0x000000000000000e

Top of Stack: (sp=0x00007f9b4dcdbf00)
0x00007f9b4dcdbf00:   0000000000000000 2f51b4fd9058a900
0x00007f9b4dcdbf10:   00007f9b4dcdbf50 00007f9ac5369f8e
0x00007f9b4dcdbf20:   00007f9b44479c10 00007f9b4447a760
0x00007f9b4dcdbf30:   0000000000000000 0000000000000000
0x00007f9b4dcdbf40:   00007f9b4447a760 00007f9b4447a7c0
0x00007f9b4dcdbf50:   0000000000000000 00007f9ac50a0d1b
0x00007f9b4dcdbf60:   0000000000000000 00007f9ac5332d80
0x00007f9b4dcdbf70:   0000000000000000 00007f9ac50b48d0
0x00007f9b4dcdbf80:   0000000000000002 0000003200000008
0x00007f9b4dcdbf90:   0000000000000000 0000000000000000
0x00007f9b4dcdbfa0:   0000006e0000005b 0000000000000000
0x00007f9b4dcdbfb0:   0000000000000000 0000007c00000077
0x00007f9b4dcdbfc0:   0202020202020202 0202020202020202
0x00007f9b4dcdbfd0:   0000000000000000 0000000000000000
0x00007f9b4dcdbfe0:   468b45f04e8b41d0 00007f9b44000020
0x00007f9b4dcdbff0:   0000000000000070 00007f9b4dcdc0a4
0x00007f9b4dcdc000:   00007f9b44479c10 00007f9b4447a7c0
0x00007f9b4dcdc010:   00007f9b4dcdc0a4 00007f9b4d5b35a4
0x00007f9b4dcdc020:   00007f9b4c52bf00 00007f9b4dcdc054
0x00007f9b4dcdc030:   00007f9ac532f9e0 2f51b4fd9058a900
0x00007f9b4dcdc040:   0000000000000070 00007f9b44473400
0x00007f9b4dcdc050:   00007f9ac532f9e0 00007f9b4dcdc168
0x00007f9b4dcdc060:   00007f9b44479c10 00007f9b4447a7c0
0x00007f9b4dcdc070:   00007f9b4447acf0 00007f9ac50a34b2
0x00007f9b4dcdc080:   0000000100000000 00007f9b4dcdc170
0x00007f9b4dcdc090:   0000000000000000 0000000000000000
0x00007f9b4dcdc0a0:   000000004dcdc168 2f51b4fd9058a900
0x00007f9b4dcdc0b0:   00007f9b44473400 00007f9b4dcdc170
0x00007f9b4dcdc0c0:   0000000000000000 00007f9b44479b38
0x00007f9b4dcdc0d0:   00007f9b4dcdc370 00007f9b44479a98
0x00007f9b4dcdc0e0:   00007f9b44479c10 00007f9ac50a5571
0x00007f9b4dcdc0f0:   00007f9b4dcdc170 00007f9ac50a5366 

Instructions: (pc=0x00007f9b4aea6009)
0x00007f9b4aea5fe9:   ff eb ea 0f 1f 40 00 55 89 f2 48 89 e5 48 83 ec
0x00007f9b4aea5ff9:   10 64 48 8b 04 25 28 00 00 00 48 89 45 f8 31 c0
0x00007f9b4aea6009:   48 8b 07 48 8d 75 f0 ff 50 30 48 8b 4d f8 64 48
0x00007f9b4aea6019:   33 0c 25 28 00 00 00 48 8b 45 f0 75 02 c9 c3 e8 


---------------  P R O C E S S  ---------------

Java Threads: ( => current thread )
  0x00007f9b44451800 JavaThread "Image Fetcher 0" daemon [_thread_blocked, id=21030, stack(0x00007f9ac4554000,0x00007f9ac4655000)]
  0x00007f9b44353000 JavaThread "AWT-XAWT" daemon [_thread_in_native, id=21029, stack(0x00007f9ac4855000,0x00007f9ac4956000)]
  0x00007f9b443ea000 JavaThread "Java2D Disposer" daemon [_thread_blocked, id=21028, stack(0x00007f9ac4d66000,0x00007f9ac4e67000)]
  0x00007f9b442f7000 JavaThread "Service Thread" daemon [_thread_blocked, id=21026, stack(0x00007f9ac6dc5000,0x00007f9ac6ec6000)]
  0x00007f9b44261000 JavaThread "Common-Cleaner" daemon [_thread_blocked, id=21025, stack(0x00007f9adc0c6000,0x00007f9adc1c7000)]
  0x00007f9b44239800 JavaThread "Sweeper thread" daemon [_thread_blocked, id=21024, stack(0x00007f9adc1c7000,0x00007f9adc2c8000)]
  0x00007f9b4422f800 JavaThread "C1 CompilerThread3" daemon [_thread_blocked, id=21023, stack(0x00007f9adc2c8000,0x00007f9adc3c9000)]
  0x00007f9b4422d800 JavaThread "C2 CompilerThread2" daemon [_thread_in_native, id=21022, stack(0x00007f9adc3c9000,0x00007f9adc4ca000)]
  0x00007f9b4422b800 JavaThread "C2 CompilerThread1" daemon [_thread_blocked, id=21021, stack(0x00007f9adc4ca000,0x00007f9adc5cb000)]
  0x00007f9b44229800 JavaThread "C2 CompilerThread0" daemon [_thread_blocked, id=21020, stack(0x00007f9adc5cb000,0x00007f9adc6cc000)]
  0x00007f9b44225800 JavaThread "Signal Dispatcher" daemon [_thread_blocked, id=21019, stack(0x00007f9adc6cc000,0x00007f9adc7cd000)]
  0x00007f9b44223800 JavaThread "Surrogate Locker Thread (Concurrent GC)" daemon [_thread_blocked, id=21018, stack(0x00007f9adc7cd000,0x00007f9adc8ce000)]
  0x00007f9b44212000 JavaThread "Finalizer" daemon [_thread_blocked, id=21017, stack(0x00007f9adc8ce000,0x00007f9adc9cf000)]
  0x00007f9b4420e000 JavaThread "Reference Handler" daemon [_thread_blocked, id=21016, stack(0x00007f9adc9cf000,0x00007f9adcad0000)]
=>0x00007f9b44011000 JavaThread "main" [_thread_in_native, id=20994, stack(0x00007f9b4dbde000,0x00007f9b4dcdf000)]

Other Threads:
  0x00007f9b44203800 VMThread [stack: 0x00007f9adcad0000,0x00007f9adcbd1000] [id=21015]
  0x00007f9b442fa000 WatcherThread [stack: 0x00007f9ac6cc4000,0x00007f9ac6dc5000] [id=21027]

Threads with active compile tasks:
C2 CompilerThread2 568       4       java.util.HashMap::putVal (300 bytes)

VM state:not at safepoint (normal execution)

VM Mutex/Monitor currently owned by a thread: None

heap address: 0x00000006c7e00000, size: 3970 MB, Compressed Oops mode: Zero based, Oop shift amount: 3
Narrow klass base: 0x0000000000000000, Narrow klass shift: 3
Compressed class space size: 1073741824 Address: 0x00000007c0000000

Heap:
 garbage-first heap   total 256000K, used 6144K [0x00000006c7e00000, 0x00000006c7f007d0, 0x00000007c0000000)
  region size 1024K, 7 young (7168K), 0 survivors (0K)
 Metaspace       used 11276K, capacity 11638K, committed 11776K, reserved 1058816K
  class space    used 1344K, capacity 1480K, committed 1536K, reserved 1048576K

Heap Regions: E=young(eden), S=young(survivor), O=old, HS=humongous(starts), HC=humongous(continues), CS=collection set, F=free, A=archive, TS=gc time stamp, AC=allocation context, TAMS=top-at-mark-start (previous, next)
|   0|0x00000006c7e00000, 0x00000006c7e00000, 0x00000006c7f00000|  0%| F|  |TS  0|AC  0|TAMS 0x00000006c7e00000, 0x00000006c7e00000|
|   1|0x00000006c7f00000, 0x00000006c7f00000, 0x00000006c8000000|  0%| F|  |TS  0|AC  0|TAMS 0x00000006c7f00000, 0x00000006c7f00000|
|   2|0x00000006c8000000, 0x00000006c8000000, 0x00000006c8100000|  0%| F|  |TS  0|AC  0|TAMS 0x00000006c8000000, 0x00000006c8000000|
|   3|0x00000006c8100000, 0x00000006c8100000, 0x00000006c8200000|  0%| F|  |TS  0|AC  0|TAMS 0x00000006c8100000, 0x00000006c8100000|
|   4|0x00000006c8200000, 0x00000006c8200000, 0x00000006c8300000|  0%| F|  |TS  0|AC  0|TAMS 0x00000006c8200000, 0x00000006c8200000|
|   5|0x00000006c8300000, 0x00000006c8300000, 0x00000006c8400000|  0%| F|  |TS  0|AC  0|TAMS 0x00000006c8300000, 0x00000006c8300000|
|   6|0x00000006c8400000, 0x00000006c8400000, 0x00000006c8500000|  0%| F|  |TS  0|AC  0|TAMS 0x00000006c8400000, 0x00000006c8400000|
|   7|0x00000006c8500000, 0x00000006c8500000, 0x00000006c8600000|  0%| F|  |TS  0|AC  0|TAMS 0x00000006c8500000, 0x00000006c8500000|
|   8|0x00000006c8600000, 0x00000006c8600000, 0x00000006c8700000|  0%| F|  |TS  0|AC  0|TAMS 0x00000006c8600000, 0x00000006c8600000|
|   9|0x00000006c8700000, 0x00000006c8700000, 0x00000006c8800000|  0%| F|  |TS  0|AC  0|TAMS 0x00000006c8700000, 0x00000006c8700000|
|  10|0x00000006c8800000, 0x00000006c8800000, 0x00000006c8900000|  0%| F|  |TS  0|AC  0|TAMS 0x00000006c8800000, 0x00000006c8800000|
|  11|0x00000006c8900000, 0x00000006c8900000, 0x00000006c8a00000|  0%| F|  |TS  0|AC  0|TAMS 0x00000006c8900000, 0x00000006c8900000|
|  12|0x00000006c8a00000, 0x00000006c8a00000, 0x00000006c8b00000|  0%| F|  |TS  0|AC  0|TAMS 0x00000006c8a00000, 0x00000006c8a00000|
|  13|0x00000006c8b00000, 0x00000006c8b00000, 0x00000006c8c00000|  0%| F|  |TS  0|AC  0|TAMS 0x00000006c8b00000, 0x00000006c8b00000|
|  14|0x00000006c8c00000, 0x00000006c8c00000, 0x00000006c8d00000|  0%| F|  |TS  0|AC  0|TAMS 0x00000006c8c00000, 0x00000006c8c00000|
|  15|0x00000006c8d00000, 0x00000006c8d00000, 0x00000006c8e00000|  0%| F|  |TS  0|AC  0|TAMS 0x00000006c8d00000, 0x00000006c8d00000|
|  16|0x00000006c8e00000, 0x00000006c8e00000, 0x00000006c8f00000|  0%| F|  |TS  0|AC  0|TAMS 0x00000006c8e00000, 0x00000006c8e00000|
|  17|0x00000006c8f00000, 0x00000006c8f00000, 0x00000006c9000000|  0%| F|  |TS  0|AC  0|TAMS 0x00000006c8f00000, 0x00000006c8f00000|
|  18|0x00000006c9000000, 0x00000006c9000000, 0x00000006c9100000|  0%| F|  |TS  0|AC  0|TAMS 0x00000006c9000000, 0x00000006c9000000|
|  19|0x00000006c9100000, 0x00000006c9100000, 0x00000006c9200000|  0%| F|  |TS  0|AC  0|TAMS 0x00000006c9100000, 0x00000006c9100000|
|  20|0x00000006c9200000, 0x00000006c9200000, 0x00000006c9300000|  0%| F|  |TS  0|AC  0|TAMS 0x00000006c9200000, 0x00000006c9200000|
|  21|0x00000006c9300000, 0x00000006c9300000, 0x00000006c9400000|  0%| F|  |TS  0|AC  0|TAMS 0x00000006c9300000, 0x00000006c9300000|
|  22|0x00000006c9400000, 0x00000006c9400000, 0x00000006c9500000|  0%| F|  |TS  0|AC  0|TAMS 0x00000006c9400000, 0x00000006c9400000|
|  23|0x00000006c9500000, 0x00000006c9500000, 0x00000006c9600000|  0%| F|  |TS  0|AC  0|TAMS 0x00000006c9500000, 0x00000006c9500000|
|  24|0x00000006c9600000, 0x00000006c9600000, 0x00000006c9700000|  0%| F|  |TS  0|AC  0|TAMS 0x00000006c9600000, 0x00000006c9600000|
|  25|0x00000006c9700000, 0x00000006c9700000, 0x00000006c9800000|  0%| F|  |TS  0|AC  0|TAMS 0x00000006c9700000, 0x00000006c9700000|
|  26|0x00000006c9800000, 0x00000006c9800000, 0x00000006c9900000|  0%| F|  |TS  0|AC  0|TAMS 0x00000006c9800000, 0x00000006c9800000|
|  27|0x00000006c9900000, 0x00000006c9900000, 0x00000006c9a00000|  0%| F|  |TS  0|AC  0|TAMS 0x00000006c9900000, 0x00000006c9900000|
|  28|0x00000006c9a00000, 0x00000006c9a00000, 0x00000006c9b00000|  0%| F|  |TS  0|AC  0|TAMS 0x00000006c9a00000, 0x00000006c9a00000|
|  29|0x00000006c9b00000, 0x00000006c9b00000, 0x00000006c9c00000|  0%| F|  |TS  0|AC  0|TAMS 0x00000006c9b00000, 0x00000006c9b00000|
|  30|0x00000006c9c00000, 0x00000006c9c00000, 0x00000006c9d00000|  0%| F|  |TS  0|AC  0|TAMS 0x00000006c9c00000, 0x00000006c9c00000|
|  31|0x00000006c9d00000, 0x00000006c9d00000, 0x00000006c9e00000|  0%| F|  |TS  0|AC  0|TAMS 0x00000006c9d00000, 0x00000006c9d00000|
|  32|0x00000006c9e00000, 0x00000006c9e00000, 0x00000006c9f00000|  0%| F|  |TS  0|AC  0|TAMS 0x00000006c9e00000, 0x00000006c9e00000|
|  33|0x00000006c9f00000, 0x00000006c9f00000, 0x00000006ca000000|  0%| F|  |TS  0|AC  0|TAMS 0x00000006c9f00000, 0x00000006c9f00000|
|  34|0x00000006ca000000, 0x00000006ca000000, 0x00000006ca100000|  0%| F|  |TS  0|AC  0|TAMS 0x00000006ca000000, 0x00000006ca000000|
|  35|0x00000006ca100000, 0x00000006ca100000, 0x00000006ca200000|  0%| F|  |TS  0|AC  0|TAMS 0x00000006ca100000, 0x00000006ca100000|
|  36|0x00000006ca200000, 0x00000006ca200000, 0x00000006ca300000|  0%| F|  |TS  0|AC  0|TAMS 0x00000006ca200000, 0x00000006ca200000|
|  37|0x00000006ca300000, 0x00000006ca300000, 0x00000006ca400000|  0%| F|  |TS  0|AC  0|TAMS 0x00000006ca300000, 0x00000006ca300000|
|  38|0x00000006ca400000, 0x00000006ca400000, 0x00000006ca500000|  0%| F|  |TS  0|AC  0|TAMS 0x00000006ca400000, 0x00000006ca400000|
|  39|0x00000006ca500000, 0x00000006ca500000, 0x00000006ca600000|  0%| F|  |TS  0|AC  0|TAMS 0x00000006ca500000, 0x00000006ca500000|
|  40|0x00000006ca600000, 0x00000006ca600000, 0x00000006ca700000|  0%| F|  |TS  0|AC  0|TAMS 0x00000006ca600000, 0x00000006ca600000|
|  41|0x00000006ca700000, 0x00000006ca700000, 0x00000006ca800000|  0%| F|  |TS  0|AC  0|TAMS 0x00000006ca700000, 0x00000006ca700000|
|  42|0x00000006ca800000, 0x00000006ca800000, 0x00000006ca900000|  0%| F|  |TS  0|AC  0|TAMS 0x00000006ca800000, 0x00000006ca800000|
|  43|0x00000006ca900000, 0x00000006ca900000, 0x00000006caa00000|  0%| F|  |TS  0|AC  0|TAMS 0x00000006ca900000, 0x00000006ca900000|
|  44|0x00000006caa00000, 0x00000006caa00000, 0x00000006cab00000|  0%| F|  |TS  0|AC  0|TAMS 0x00000006caa00000, 0x00000006caa00000|
|  45|0x00000006cab00000, 0x00000006cab00000, 0x00000006cac00000|  0%| F|  |TS  0|AC  0|TAMS 0x00000006cab00000, 0x00000006cab00000|
|  46|0x00000006cac00000, 0x00000006cac00000, 0x00000006cad00000|  0%| F|  |TS  0|AC  0|TAMS 0x00000006cac00000, 0x00000006cac00000|
|  47|0x00000006cad00000, 0x00000006cad00000, 0x00000006cae00000|  0%| F|  |TS  0|AC  0|TAMS 0x00000006cad00000, 0x00000006cad00000|
|  48|0x00000006cae00000, 0x00000006cae00000, 0x00000006caf00000|  0%| F|  |TS  0|AC  0|TAMS 0x00000006cae00000, 0x00000006cae00000|
|  49|0x00000006caf00000, 0x00000006caf00000, 0x00000006cb000000|  0%| F|  |TS  0|AC  0|TAMS 0x00000006caf00000, 0x00000006caf00000|
|  50|0x00000006cb000000, 0x00000006cb000000, 0x00000006cb100000|  0%| F|  |TS  0|AC  0|TAMS 0x00000006cb000000, 0x00000006cb000000|
|  51|0x00000006cb100000, 0x00000006cb100000, 0x00000006cb200000|  0%| F|  |TS  0|AC  0|TAMS 0x00000006cb100000, 0x00000006cb100000|
|  52|0x00000006cb200000, 0x00000006cb200000, 0x00000006cb300000|  0%| F|  |TS  0|AC  0|TAMS 0x00000006cb200000, 0x00000006cb200000|
|  53|0x00000006cb300000, 0x00000006cb300000, 0x00000006cb400000|  0%| F|  |TS  0|AC  0|TAMS 0x00000006cb300000, 0x00000006cb300000|
|  54|0x00000006cb400000, 0x00000006cb400000, 0x00000006cb500000|  0%| F|  |TS  0|AC  0|TAMS 0x00000006cb400000, 0x00000006cb400000|
|  55|0x00000006cb500000, 0x00000006cb500000, 0x00000006cb600000|  0%| F|  |TS  0|AC  0|TAMS 0x00000006cb500000, 0x00000006cb500000|
|  56|0x00000006cb600000, 0x00000006cb600000, 0x00000006cb700000|  0%| F|  |TS  0|AC  0|TAMS 0x00000006cb600000, 0x00000006cb600000|
|  57|0x00000006cb700000, 0x00000006cb700000, 0x00000006cb800000|  0%| F|  |TS  0|AC  0|TAMS 0x00000006cb700000, 0x00000006cb700000|
|  58|0x00000006cb800000, 0x00000006cb800000, 0x00000006cb900000|  0%| F|  |TS  0|AC  0|TAMS 0x00000006cb800000, 0x00000006cb800000|
|  59|0x00000006cb900000, 0x00000006cb900000, 0x00000006cba00000|  0%| F|  |TS  0|AC  0|TAMS 0x00000006cb900000, 0x00000006cb900000|
|  60|0x00000006cba00000, 0x00000006cba00000, 0x00000006cbb00000|  0%| F|  |TS  0|AC  0|TAMS 0x00000006cba00000, 0x00000006cba00000|
|  61|0x00000006cbb00000, 0x00000006cbb00000, 0x00000006cbc00000|  0%| F|  |TS  0|AC  0|TAMS 0x00000006cbb00000, 0x00000006cbb00000|
|  62|0x00000006cbc00000, 0x00000006cbc00000, 0x00000006cbd00000|  0%| F|  |TS  0|AC  0|TAMS 0x00000006cbc00000, 0x00000006cbc00000|
|  63|0x00000006cbd00000, 0x00000006cbd00000, 0x00000006cbe00000|  0%| F|  |TS  0|AC  0|TAMS 0x00000006cbd00000, 0x00000006cbd00000|
|  64|0x00000006cbe00000, 0x00000006cbe00000, 0x00000006cbf00000|  0%| F|  |TS  0|AC  0|TAMS 0x00000006cbe00000, 0x00000006cbe00000|
|  65|0x00000006cbf00000, 0x00000006cbf00000, 0x00000006cc000000|  0%| F|  |TS  0|AC  0|TAMS 0x00000006cbf00000, 0x00000006cbf00000|
|  66|0x00000006cc000000, 0x00000006cc000000, 0x00000006cc100000|  0%| F|  |TS  0|AC  0|TAMS 0x00000006cc000000, 0x00000006cc000000|
|  67|0x00000006cc100000, 0x00000006cc100000, 0x00000006cc200000|  0%| F|  |TS  0|AC  0|TAMS 0x00000006cc100000, 0x00000006cc100000|
|  68|0x00000006cc200000, 0x00000006cc200000, 0x00000006cc300000|  0%| F|  |TS  0|AC  0|TAMS 0x00000006cc200000, 0x00000006cc200000|
|  69|0x00000006cc300000, 0x00000006cc300000, 0x00000006cc400000|  0%| F|  |TS  0|AC  0|TAMS 0x00000006cc300000, 0x00000006cc300000|
|  70|0x00000006cc400000, 0x00000006cc400000, 0x00000006cc500000|  0%| F|  |TS  0|AC  0|TAMS 0x00000006cc400000, 0x00000006cc400000|
|  71|0x00000006cc500000, 0x00000006cc500000, 0x00000006cc600000|  0%| F|  |TS  0|AC  0|TAMS 0x00000006cc500000, 0x00000006cc500000|
|  72|0x00000006cc600000, 0x00000006cc600000, 0x00000006cc700000|  0%| F|  |TS  0|AC  0|TAMS 0x00000006cc600000, 0x00000006cc600000|
|  73|0x00000006cc700000, 0x00000006cc700000, 0x00000006cc800000|  0%| F|  |TS  0|AC  0|TAMS 0x00000006cc700000, 0x00000006cc700000|
|  74|0x00000006cc800000, 0x00000006cc800000, 0x00000006cc900000|  0%| F|  |TS  0|AC  0|TAMS 0x00000006cc800000, 0x00000006cc800000|
|  75|0x00000006cc900000, 0x00000006cc900000, 0x00000006cca00000|  0%| F|  |TS  0|AC  0|TAMS 0x00000006cc900000, 0x00000006cc900000|
|  76|0x00000006cca00000, 0x00000006cca00000, 0x00000006ccb00000|  0%| F|  |TS  0|AC  0|TAMS 0x00000006cca00000, 0x00000006cca00000|
|  77|0x00000006ccb00000, 0x00000006ccb00000, 0x00000006ccc00000|  0%| F|  |TS  0|AC  0|TAMS 0x00000006ccb00000, 0x00000006ccb00000|
|  78|0x00000006ccc00000, 0x00000006ccc00000, 0x00000006ccd00000|  0%| F|  |TS  0|AC  0|TAMS 0x00000006ccc00000, 0x00000006ccc00000|
|  79|0x00000006ccd00000, 0x00000006ccd00000, 0x00000006cce00000|  0%| F|  |TS  0|AC  0|TAMS 0x00000006ccd00000, 0x00000006ccd00000|
|  80|0x00000006cce00000, 0x00000006cce00000, 0x00000006ccf00000|  0%| F|  |TS  0|AC  0|TAMS 0x00000006cce00000, 0x00000006cce00000|
|  81|0x00000006ccf00000, 0x00000006ccf00000, 0x00000006cd000000|  0%| F|  |TS  0|AC  0|TAMS 0x00000006ccf00000, 0x00000006ccf00000|
|  82|0x00000006cd000000, 0x00000006cd000000, 0x00000006cd100000|  0%| F|  |TS  0|AC  0|TAMS 0x00000006cd000000, 0x00000006cd000000|
|  83|0x00000006cd100000, 0x00000006cd100000, 0x00000006cd200000|  0%| F|  |TS  0|AC  0|TAMS 0x00000006cd100000, 0x00000006cd100000|
|  84|0x00000006cd200000, 0x00000006cd200000, 0x00000006cd300000|  0%| F|  |TS  0|AC  0|TAMS 0x00000006cd200000, 0x00000006cd200000|
|  85|0x00000006cd300000, 0x00000006cd300000, 0x00000006cd400000|  0%| F|  |TS  0|AC  0|TAMS 0x00000006cd300000, 0x00000006cd300000|
|  86|0x00000006cd400000, 0x00000006cd400000, 0x00000006cd500000|  0%| F|  |TS  0|AC  0|TAMS 0x00000006cd400000, 0x00000006cd400000|
|  87|0x00000006cd500000, 0x00000006cd500000, 0x00000006cd600000|  0%| F|  |TS  0|AC  0|TAMS 0x00000006cd500000, 0x00000006cd500000|
|  88|0x00000006cd600000, 0x00000006cd600000, 0x00000006cd700000|  0%| F|  |TS  0|AC  0|TAMS 0x00000006cd600000, 0x00000006cd600000|
|  89|0x00000006cd700000, 0x00000006cd700000, 0x00000006cd800000|  0%| F|  |TS  0|AC  0|TAMS 0x00000006cd700000, 0x00000006cd700000|
|  90|0x00000006cd800000, 0x00000006cd800000, 0x00000006cd900000|  0%| F|  |TS  0|AC  0|TAMS 0x00000006cd800000, 0x00000006cd800000|
|  91|0x00000006cd900000, 0x00000006cd900000, 0x00000006cda00000|  0%| F|  |TS  0|AC  0|TAMS 0x00000006cd900000, 0x00000006cd900000|
|  92|0x00000006cda00000, 0x00000006cda00000, 0x00000006cdb00000|  0%| F|  |TS  0|AC  0|TAMS 0x00000006cda00000, 0x00000006cda00000|
|  93|0x00000006cdb00000, 0x00000006cdb00000, 0x00000006cdc00000|  0%| F|  |TS  0|AC  0|TAMS 0x00000006cdb00000, 0x00000006cdb00000|
|  94|0x00000006cdc00000, 0x00000006cdc00000, 0x00000006cdd00000|  0%| F|  |TS  0|AC  0|TAMS 0x00000006cdc00000, 0x00000006cdc00000|
|  95|0x00000006cdd00000, 0x00000006cdd00000, 0x00000006cde00000|  0%| F|  |TS  0|AC  0|TAMS 0x00000006cdd00000, 0x00000006cdd00000|
|  96|0x00000006cde00000, 0x00000006cde00000, 0x00000006cdf00000|  0%| F|  |TS  0|AC  0|TAMS 0x00000006cde00000, 0x00000006cde00000|
|  97|0x00000006cdf00000, 0x00000006cdf00000, 0x00000006ce000000|  0%| F|  |TS  0|AC  0|TAMS 0x00000006cdf00000, 0x00000006cdf00000|
|  98|0x00000006ce000000, 0x00000006ce000000, 0x00000006ce100000|  0%| F|  |TS  0|AC  0|TAMS 0x00000006ce000000, 0x00000006ce000000|
|  99|0x00000006ce100000, 0x00000006ce100000, 0x00000006ce200000|  0%| F|  |TS  0|AC  0|TAMS 0x00000006ce100000, 0x00000006ce100000|
| 100|0x00000006ce200000, 0x00000006ce200000, 0x00000006ce300000|  0%| F|  |TS  0|AC  0|TAMS 0x00000006ce200000, 0x00000006ce200000|
| 101|0x00000006ce300000, 0x00000006ce300000, 0x00000006ce400000|  0%| F|  |TS  0|AC  0|TAMS 0x00000006ce300000, 0x00000006ce300000|
| 102|0x00000006ce400000, 0x00000006ce400000, 0x00000006ce500000|  0%| F|  |TS  0|AC  0|TAMS 0x00000006ce400000, 0x00000006ce400000|
| 103|0x00000006ce500000, 0x00000006ce500000, 0x00000006ce600000|  0%| F|  |TS  0|AC  0|TAMS 0x00000006ce500000, 0x00000006ce500000|
| 104|0x00000006ce600000, 0x00000006ce600000, 0x00000006ce700000|  0%| F|  |TS  0|AC  0|TAMS 0x00000006ce600000, 0x00000006ce600000|
| 105|0x00000006ce700000, 0x00000006ce700000, 0x00000006ce800000|  0%| F|  |TS  0|AC  0|TAMS 0x00000006ce700000, 0x00000006ce700000|
| 106|0x00000006ce800000, 0x00000006ce800000, 0x00000006ce900000|  0%| F|  |TS  0|AC  0|TAMS 0x00000006ce800000, 0x00000006ce800000|
| 107|0x00000006ce900000, 0x00000006ce900000, 0x00000006cea00000|  0%| F|  |TS  0|AC  0|TAMS 0x00000006ce900000, 0x00000006ce900000|
| 108|0x00000006cea00000, 0x00000006cea00000, 0x00000006ceb00000|  0%| F|  |TS  0|AC  0|TAMS 0x00000006cea00000, 0x00000006cea00000|
| 109|0x00000006ceb00000, 0x00000006ceb00000, 0x00000006cec00000|  0%| F|  |TS  0|AC  0|TAMS 0x00000006ceb00000, 0x00000006ceb00000|
| 110|0x00000006cec00000, 0x00000006cec00000, 0x00000006ced00000|  0%| F|  |TS  0|AC  0|TAMS 0x00000006cec00000, 0x00000006cec00000|
| 111|0x00000006ced00000, 0x00000006ced00000, 0x00000006cee00000|  0%| F|  |TS  0|AC  0|TAMS 0x00000006ced00000, 0x00000006ced00000|
| 112|0x00000006cee00000, 0x00000006cee00000, 0x00000006cef00000|  0%| F|  |TS  0|AC  0|TAMS 0x00000006cee00000, 0x00000006cee00000|
| 113|0x00000006cef00000, 0x00000006cef00000, 0x00000006cf000000|  0%| F|  |TS  0|AC  0|TAMS 0x00000006cef00000, 0x00000006cef00000|
| 114|0x00000006cf000000, 0x00000006cf000000, 0x00000006cf100000|  0%| F|  |TS  0|AC  0|TAMS 0x00000006cf000000, 0x00000006cf000000|
| 115|0x00000006cf100000, 0x00000006cf100000, 0x00000006cf200000|  0%| F|  |TS  0|AC  0|TAMS 0x00000006cf100000, 0x00000006cf100000|
| 116|0x00000006cf200000, 0x00000006cf200000, 0x00000006cf300000|  0%| F|  |TS  0|AC  0|TAMS 0x00000006cf200000, 0x00000006cf200000|
| 117|0x00000006cf300000, 0x00000006cf300000, 0x00000006cf400000|  0%| F|  |TS  0|AC  0|TAMS 0x00000006cf300000, 0x00000006cf300000|
| 118|0x00000006cf400000, 0x00000006cf400000, 0x00000006cf500000|  0%| F|  |TS  0|AC  0|TAMS 0x00000006cf400000, 0x00000006cf400000|
| 119|0x00000006cf500000, 0x00000006cf500000, 0x00000006cf600000|  0%| F|  |TS  0|AC  0|TAMS 0x00000006cf500000, 0x00000006cf500000|
| 120|0x00000006cf600000, 0x00000006cf600000, 0x00000006cf700000|  0%| F|  |TS  0|AC  0|TAMS 0x00000006cf600000, 0x00000006cf600000|
| 121|0x00000006cf700000, 0x00000006cf700000, 0x00000006cf800000|  0%| F|  |TS  0|AC  0|TAMS 0x00000006cf700000, 0x00000006cf700000|
| 122|0x00000006cf800000, 0x00000006cf800000, 0x00000006cf900000|  0%| F|  |TS  0|AC  0|TAMS 0x00000006cf800000, 0x00000006cf800000|
| 123|0x00000006cf900000, 0x00000006cf900000, 0x00000006cfa00000|  0%| F|  |TS  0|AC  0|TAMS 0x00000006cf900000, 0x00000006cf900000|
| 124|0x00000006cfa00000, 0x00000006cfa00000, 0x00000006cfb00000|  0%| F|  |TS  0|AC  0|TAMS 0x00000006cfa00000, 0x00000006cfa00000|
| 125|0x00000006cfb00000, 0x00000006cfb00000, 0x00000006cfc00000|  0%| F|  |TS  0|AC  0|TAMS 0x00000006cfb00000, 0x00000006cfb00000|
| 126|0x00000006cfc00000, 0x00000006cfc00000, 0x00000006cfd00000|  0%| F|  |TS  0|AC  0|TAMS 0x00000006cfc00000, 0x00000006cfc00000|
| 127|0x00000006cfd00000, 0x00000006cfd00000, 0x00000006cfe00000|  0%| F|  |TS  0|AC  0|TAMS 0x00000006cfd00000, 0x00000006cfd00000|
| 128|0x00000006cfe00000, 0x00000006cfe00000, 0x00000006cff00000|  0%| F|  |TS  0|AC  0|TAMS 0x00000006cfe00000, 0x00000006cfe00000|
| 129|0x00000006cff00000, 0x00000006cff00000, 0x00000006d0000000|  0%| F|  |TS  0|AC  0|TAMS 0x00000006cff00000, 0x00000006cff00000|
| 130|0x00000006d0000000, 0x00000006d0000000, 0x00000006d0100000|  0%| F|  |TS  0|AC  0|TAMS 0x00000006d0000000, 0x00000006d0000000|
| 131|0x00000006d0100000, 0x00000006d0100000, 0x00000006d0200000|  0%| F|  |TS  0|AC  0|TAMS 0x00000006d0100000, 0x00000006d0100000|
| 132|0x00000006d0200000, 0x00000006d0200000, 0x00000006d0300000|  0%| F|  |TS  0|AC  0|TAMS 0x00000006d0200000, 0x00000006d0200000|
| 133|0x00000006d0300000, 0x00000006d0300000, 0x00000006d0400000|  0%| F|  |TS  0|AC  0|TAMS 0x00000006d0300000, 0x00000006d0300000|
| 134|0x00000006d0400000, 0x00000006d0400000, 0x00000006d0500000|  0%| F|  |TS  0|AC  0|TAMS 0x00000006d0400000, 0x00000006d0400000|
| 135|0x00000006d0500000, 0x00000006d0500000, 0x00000006d0600000|  0%| F|  |TS  0|AC  0|TAMS 0x00000006d0500000, 0x00000006d0500000|
| 136|0x00000006d0600000, 0x00000006d0600000, 0x00000006d0700000|  0%| F|  |TS  0|AC  0|TAMS 0x00000006d0600000, 0x00000006d0600000|
| 137|0x00000006d0700000, 0x00000006d0700000, 0x00000006d0800000|  0%| F|  |TS  0|AC  0|TAMS 0x00000006d0700000, 0x00000006d0700000|
| 138|0x00000006d0800000, 0x00000006d0800000, 0x00000006d0900000|  0%| F|  |TS  0|AC  0|TAMS 0x00000006d0800000, 0x00000006d0800000|
| 139|0x00000006d0900000, 0x00000006d0900000, 0x00000006d0a00000|  0%| F|  |TS  0|AC  0|TAMS 0x00000006d0900000, 0x00000006d0900000|
| 140|0x00000006d0a00000, 0x00000006d0a00000, 0x00000006d0b00000|  0%| F|  |TS  0|AC  0|TAMS 0x00000006d0a00000, 0x00000006d0a00000|
| 141|0x00000006d0b00000, 0x00000006d0b00000, 0x00000006d0c00000|  0%| F|  |TS  0|AC  0|TAMS 0x00000006d0b00000, 0x00000006d0b00000|
| 142|0x00000006d0c00000, 0x00000006d0c00000, 0x00000006d0d00000|  0%| F|  |TS  0|AC  0|TAMS 0x00000006d0c00000, 0x00000006d0c00000|
| 143|0x00000006d0d00000, 0x00000006d0d00000, 0x00000006d0e00000|  0%| F|  |TS  0|AC  0|TAMS 0x00000006d0d00000, 0x00000006d0d00000|
| 144|0x00000006d0e00000, 0x00000006d0e00000, 0x00000006d0f00000|  0%| F|  |TS  0|AC  0|TAMS 0x00000006d0e00000, 0x00000006d0e00000|
| 145|0x00000006d0f00000, 0x00000006d0f00000, 0x00000006d1000000|  0%| F|  |TS  0|AC  0|TAMS 0x00000006d0f00000, 0x00000006d0f00000|
| 146|0x00000006d1000000, 0x00000006d1000000, 0x00000006d1100000|  0%| F|  |TS  0|AC  0|TAMS 0x00000006d1000000, 0x00000006d1000000|
| 147|0x00000006d1100000, 0x00000006d1100000, 0x00000006d1200000|  0%| F|  |TS  0|AC  0|TAMS 0x00000006d1100000, 0x00000006d1100000|
| 148|0x00000006d1200000, 0x00000006d1200000, 0x00000006d1300000|  0%| F|  |TS  0|AC  0|TAMS 0x00000006d1200000, 0x00000006d1200000|
| 149|0x00000006d1300000, 0x00000006d1300000, 0x00000006d1400000|  0%| F|  |TS  0|AC  0|TAMS 0x00000006d1300000, 0x00000006d1300000|
| 150|0x00000006d1400000, 0x00000006d1400000, 0x00000006d1500000|  0%| F|  |TS  0|AC  0|TAMS 0x00000006d1400000, 0x00000006d1400000|
| 151|0x00000006d1500000, 0x00000006d1500000, 0x00000006d1600000|  0%| F|  |TS  0|AC  0|TAMS 0x00000006d1500000, 0x00000006d1500000|
| 152|0x00000006d1600000, 0x00000006d1600000, 0x00000006d1700000|  0%| F|  |TS  0|AC  0|TAMS 0x00000006d1600000, 0x00000006d1600000|
| 153|0x00000006d1700000, 0x00000006d1700000, 0x00000006d1800000|  0%| F|  |TS  0|AC  0|TAMS 0x00000006d1700000, 0x00000006d1700000|
| 154|0x00000006d1800000, 0x00000006d1800000, 0x00000006d1900000|  0%| F|  |TS  0|AC  0|TAMS 0x00000006d1800000, 0x00000006d1800000|
| 155|0x00000006d1900000, 0x00000006d1900000, 0x00000006d1a00000|  0%| F|  |TS  0|AC  0|TAMS 0x00000006d1900000, 0x00000006d1900000|
| 156|0x00000006d1a00000, 0x00000006d1a00000, 0x00000006d1b00000|  0%| F|  |TS  0|AC  0|TAMS 0x00000006d1a00000, 0x00000006d1a00000|
| 157|0x00000006d1b00000, 0x00000006d1b00000, 0x00000006d1c00000|  0%| F|  |TS  0|AC  0|TAMS 0x00000006d1b00000, 0x00000006d1b00000|
| 158|0x00000006d1c00000, 0x00000006d1c00000, 0x00000006d1d00000|  0%| F|  |TS  0|AC  0|TAMS 0x00000006d1c00000, 0x00000006d1c00000|
| 159|0x00000006d1d00000, 0x00000006d1d00000, 0x00000006d1e00000|  0%| F|  |TS  0|AC  0|TAMS 0x00000006d1d00000, 0x00000006d1d00000|
| 160|0x00000006d1e00000, 0x00000006d1e00000, 0x00000006d1f00000|  0%| F|  |TS  0|AC  0|TAMS 0x00000006d1e00000, 0x00000006d1e00000|
| 161|0x00000006d1f00000, 0x00000006d1f00000, 0x00000006d2000000|  0%| F|  |TS  0|AC  0|TAMS 0x00000006d1f00000, 0x00000006d1f00000|
| 162|0x00000006d2000000, 0x00000006d2000000, 0x00000006d2100000|  0%| F|  |TS  0|AC  0|TAMS 0x00000006d2000000, 0x00000006d2000000|
| 163|0x00000006d2100000, 0x00000006d2100000, 0x00000006d2200000|  0%| F|  |TS  0|AC  0|TAMS 0x00000006d2100000, 0x00000006d2100000|
| 164|0x00000006d2200000, 0x00000006d2200000, 0x00000006d2300000|  0%| F|  |TS  0|AC  0|TAMS 0x00000006d2200000, 0x00000006d2200000|
| 165|0x00000006d2300000, 0x00000006d2300000, 0x00000006d2400000|  0%| F|  |TS  0|AC  0|TAMS 0x00000006d2300000, 0x00000006d2300000|
| 166|0x00000006d2400000, 0x00000006d2400000, 0x00000006d2500000|  0%| F|  |TS  0|AC  0|TAMS 0x00000006d2400000, 0x00000006d2400000|
| 167|0x00000006d2500000, 0x00000006d2500000, 0x00000006d2600000|  0%| F|  |TS  0|AC  0|TAMS 0x00000006d2500000, 0x00000006d2500000|
| 168|0x00000006d2600000, 0x00000006d2600000, 0x00000006d2700000|  0%| F|  |TS  0|AC  0|TAMS 0x00000006d2600000, 0x00000006d2600000|
| 169|0x00000006d2700000, 0x00000006d2700000, 0x00000006d2800000|  0%| F|  |TS  0|AC  0|TAMS 0x00000006d2700000, 0x00000006d2700000|
| 170|0x00000006d2800000, 0x00000006d2800000, 0x00000006d2900000|  0%| F|  |TS  0|AC  0|TAMS 0x00000006d2800000, 0x00000006d2800000|
| 171|0x00000006d2900000, 0x00000006d2900000, 0x00000006d2a00000|  0%| F|  |TS  0|AC  0|TAMS 0x00000006d2900000, 0x00000006d2900000|
| 172|0x00000006d2a00000, 0x00000006d2a00000, 0x00000006d2b00000|  0%| F|  |TS  0|AC  0|TAMS 0x00000006d2a00000, 0x00000006d2a00000|
| 173|0x00000006d2b00000, 0x00000006d2b00000, 0x00000006d2c00000|  0%| F|  |TS  0|AC  0|TAMS 0x00000006d2b00000, 0x00000006d2b00000|
| 174|0x00000006d2c00000, 0x00000006d2c00000, 0x00000006d2d00000|  0%| F|  |TS  0|AC  0|TAMS 0x00000006d2c00000, 0x00000006d2c00000|
| 175|0x00000006d2d00000, 0x00000006d2d00000, 0x00000006d2e00000|  0%| F|  |TS  0|AC  0|TAMS 0x00000006d2d00000, 0x00000006d2d00000|
| 176|0x00000006d2e00000, 0x00000006d2e00000, 0x00000006d2f00000|  0%| F|  |TS  0|AC  0|TAMS 0x00000006d2e00000, 0x00000006d2e00000|
| 177|0x00000006d2f00000, 0x00000006d2f00000, 0x00000006d3000000|  0%| F|  |TS  0|AC  0|TAMS 0x00000006d2f00000, 0x00000006d2f00000|
| 178|0x00000006d3000000, 0x00000006d3000000, 0x00000006d3100000|  0%| F|  |TS  0|AC  0|TAMS 0x00000006d3000000, 0x00000006d3000000|
| 179|0x00000006d3100000, 0x00000006d3100000, 0x00000006d3200000|  0%| F|  |TS  0|AC  0|TAMS 0x00000006d3100000, 0x00000006d3100000|
| 180|0x00000006d3200000, 0x00000006d3200000, 0x00000006d3300000|  0%| F|  |TS  0|AC  0|TAMS 0x00000006d3200000, 0x00000006d3200000|
| 181|0x00000006d3300000, 0x00000006d3300000, 0x00000006d3400000|  0%| F|  |TS  0|AC  0|TAMS 0x00000006d3300000, 0x00000006d3300000|
| 182|0x00000006d3400000, 0x00000006d3400000, 0x00000006d3500000|  0%| F|  |TS  0|AC  0|TAMS 0x00000006d3400000, 0x00000006d3400000|
| 183|0x00000006d3500000, 0x00000006d3500000, 0x00000006d3600000|  0%| F|  |TS  0|AC  0|TAMS 0x00000006d3500000, 0x00000006d3500000|
| 184|0x00000006d3600000, 0x00000006d3600000, 0x00000006d3700000|  0%| F|  |TS  0|AC  0|TAMS 0x00000006d3600000, 0x00000006d3600000|
| 185|0x00000006d3700000, 0x00000006d3700000, 0x00000006d3800000|  0%| F|  |TS  0|AC  0|TAMS 0x00000006d3700000, 0x00000006d3700000|
| 186|0x00000006d3800000, 0x00000006d3800000, 0x00000006d3900000|  0%| F|  |TS  0|AC  0|TAMS 0x00000006d3800000, 0x00000006d3800000|
| 187|0x00000006d3900000, 0x00000006d3900000, 0x00000006d3a00000|  0%| F|  |TS  0|AC  0|TAMS 0x00000006d3900000, 0x00000006d3900000|
| 188|0x00000006d3a00000, 0x00000006d3a00000, 0x00000006d3b00000|  0%| F|  |TS  0|AC  0|TAMS 0x00000006d3a00000, 0x00000006d3a00000|
| 189|0x00000006d3b00000, 0x00000006d3b00000, 0x00000006d3c00000|  0%| F|  |TS  0|AC  0|TAMS 0x00000006d3b00000, 0x00000006d3b00000|
| 190|0x00000006d3c00000, 0x00000006d3c00000, 0x00000006d3d00000|  0%| F|  |TS  0|AC  0|TAMS 0x00000006d3c00000, 0x00000006d3c00000|
| 191|0x00000006d3d00000, 0x00000006d3d00000, 0x00000006d3e00000|  0%| F|  |TS  0|AC  0|TAMS 0x00000006d3d00000, 0x00000006d3d00000|
| 192|0x00000006d3e00000, 0x00000006d3e00000, 0x00000006d3f00000|  0%| F|  |TS  0|AC  0|TAMS 0x00000006d3e00000, 0x00000006d3e00000|
| 193|0x00000006d3f00000, 0x00000006d3f00000, 0x00000006d4000000|  0%| F|  |TS  0|AC  0|TAMS 0x00000006d3f00000, 0x00000006d3f00000|
| 194|0x00000006d4000000, 0x00000006d4000000, 0x00000006d4100000|  0%| F|  |TS  0|AC  0|TAMS 0x00000006d4000000, 0x00000006d4000000|
| 195|0x00000006d4100000, 0x00000006d4100000, 0x00000006d4200000|  0%| F|  |TS  0|AC  0|TAMS 0x00000006d4100000, 0x00000006d4100000|
| 196|0x00000006d4200000, 0x00000006d4200000, 0x00000006d4300000|  0%| F|  |TS  0|AC  0|TAMS 0x00000006d4200000, 0x00000006d4200000|
| 197|0x00000006d4300000, 0x00000006d4300000, 0x00000006d4400000|  0%| F|  |TS  0|AC  0|TAMS 0x00000006d4300000, 0x00000006d4300000|
| 198|0x00000006d4400000, 0x00000006d4400000, 0x00000006d4500000|  0%| F|  |TS  0|AC  0|TAMS 0x00000006d4400000, 0x00000006d4400000|
| 199|0x00000006d4500000, 0x00000006d4500000, 0x00000006d4600000|  0%| F|  |TS  0|AC  0|TAMS 0x00000006d4500000, 0x00000006d4500000|
| 200|0x00000006d4600000, 0x00000006d4600000, 0x00000006d4700000|  0%| F|  |TS  0|AC  0|TAMS 0x00000006d4600000, 0x00000006d4600000|
| 201|0x00000006d4700000, 0x00000006d4700000, 0x00000006d4800000|  0%| F|  |TS  0|AC  0|TAMS 0x00000006d4700000, 0x00000006d4700000|
| 202|0x00000006d4800000, 0x00000006d4800000, 0x00000006d4900000|  0%| F|  |TS  0|AC  0|TAMS 0x00000006d4800000, 0x00000006d4800000|
| 203|0x00000006d4900000, 0x00000006d4900000, 0x00000006d4a00000|  0%| F|  |TS  0|AC  0|TAMS 0x00000006d4900000, 0x00000006d4900000|
| 204|0x00000006d4a00000, 0x00000006d4a00000, 0x00000006d4b00000|  0%| F|  |TS  0|AC  0|TAMS 0x00000006d4a00000, 0x00000006d4a00000|
| 205|0x00000006d4b00000, 0x00000006d4b00000, 0x00000006d4c00000|  0%| F|  |TS  0|AC  0|TAMS 0x00000006d4b00000, 0x00000006d4b00000|
| 206|0x00000006d4c00000, 0x00000006d4c00000, 0x00000006d4d00000|  0%| F|  |TS  0|AC  0|TAMS 0x00000006d4c00000, 0x00000006d4c00000|
| 207|0x00000006d4d00000, 0x00000006d4d00000, 0x00000006d4e00000|  0%| F|  |TS  0|AC  0|TAMS 0x00000006d4d00000, 0x00000006d4d00000|
| 208|0x00000006d4e00000, 0x00000006d4e00000, 0x00000006d4f00000|  0%| F|  |TS  0|AC  0|TAMS 0x00000006d4e00000, 0x00000006d4e00000|
| 209|0x00000006d4f00000, 0x00000006d4f00000, 0x00000006d5000000|  0%| F|  |TS  0|AC  0|TAMS 0x00000006d4f00000, 0x00000006d4f00000|
| 210|0x00000006d5000000, 0x00000006d5000000, 0x00000006d5100000|  0%| F|  |TS  0|AC  0|TAMS 0x00000006d5000000, 0x00000006d5000000|
| 211|0x00000006d5100000, 0x00000006d5100000, 0x00000006d5200000|  0%| F|  |TS  0|AC  0|TAMS 0x00000006d5100000, 0x00000006d5100000|
| 212|0x00000006d5200000, 0x00000006d5200000, 0x00000006d5300000|  0%| F|  |TS  0|AC  0|TAMS 0x00000006d5200000, 0x00000006d5200000|
| 213|0x00000006d5300000, 0x00000006d5300000, 0x00000006d5400000|  0%| F|  |TS  0|AC  0|TAMS 0x00000006d5300000, 0x00000006d5300000|
| 214|0x00000006d5400000, 0x00000006d5400000, 0x00000006d5500000|  0%| F|  |TS  0|AC  0|TAMS 0x00000006d5400000, 0x00000006d5400000|
| 215|0x00000006d5500000, 0x00000006d5500000, 0x00000006d5600000|  0%| F|  |TS  0|AC  0|TAMS 0x00000006d5500000, 0x00000006d5500000|
| 216|0x00000006d5600000, 0x00000006d5600000, 0x00000006d5700000|  0%| F|  |TS  0|AC  0|TAMS 0x00000006d5600000, 0x00000006d5600000|
| 217|0x00000006d5700000, 0x00000006d5700000, 0x00000006d5800000|  0%| F|  |TS  0|AC  0|TAMS 0x00000006d5700000, 0x00000006d5700000|
| 218|0x00000006d5800000, 0x00000006d5800000, 0x00000006d5900000|  0%| F|  |TS  0|AC  0|TAMS 0x00000006d5800000, 0x00000006d5800000|
| 219|0x00000006d5900000, 0x00000006d5900000, 0x00000006d5a00000|  0%| F|  |TS  0|AC  0|TAMS 0x00000006d5900000, 0x00000006d5900000|
| 220|0x00000006d5a00000, 0x00000006d5a00000, 0x00000006d5b00000|  0%| F|  |TS  0|AC  0|TAMS 0x00000006d5a00000, 0x00000006d5a00000|
| 221|0x00000006d5b00000, 0x00000006d5b00000, 0x00000006d5c00000|  0%| F|  |TS  0|AC  0|TAMS 0x00000006d5b00000, 0x00000006d5b00000|
| 222|0x00000006d5c00000, 0x00000006d5c00000, 0x00000006d5d00000|  0%| F|  |TS  0|AC  0|TAMS 0x00000006d5c00000, 0x00000006d5c00000|
| 223|0x00000006d5d00000, 0x00000006d5d00000, 0x00000006d5e00000|  0%| F|  |TS  0|AC  0|TAMS 0x00000006d5d00000, 0x00000006d5d00000|
| 224|0x00000006d5e00000, 0x00000006d5e00000, 0x00000006d5f00000|  0%| F|  |TS  0|AC  0|TAMS 0x00000006d5e00000, 0x00000006d5e00000|
| 225|0x00000006d5f00000, 0x00000006d5f00000, 0x00000006d6000000|  0%| F|  |TS  0|AC  0|TAMS 0x00000006d5f00000, 0x00000006d5f00000|
| 226|0x00000006d6000000, 0x00000006d6000000, 0x00000006d6100000|  0%| F|  |TS  0|AC  0|TAMS 0x00000006d6000000, 0x00000006d6000000|
| 227|0x00000006d6100000, 0x00000006d6100000, 0x00000006d6200000|  0%| F|  |TS  0|AC  0|TAMS 0x00000006d6100000, 0x00000006d6100000|
| 228|0x00000006d6200000, 0x00000006d6200000, 0x00000006d6300000|  0%| F|  |TS  0|AC  0|TAMS 0x00000006d6200000, 0x00000006d6200000|
| 229|0x00000006d6300000, 0x00000006d6300000, 0x00000006d6400000|  0%| F|  |TS  0|AC  0|TAMS 0x00000006d6300000, 0x00000006d6300000|
| 230|0x00000006d6400000, 0x00000006d6400000, 0x00000006d6500000|  0%| F|  |TS  0|AC  0|TAMS 0x00000006d6400000, 0x00000006d6400000|
| 231|0x00000006d6500000, 0x00000006d6500000, 0x00000006d6600000|  0%| F|  |TS  0|AC  0|TAMS 0x00000006d6500000, 0x00000006d6500000|
| 232|0x00000006d6600000, 0x00000006d6600000, 0x00000006d6700000|  0%| F|  |TS  0|AC  0|TAMS 0x00000006d6600000, 0x00000006d6600000|
| 233|0x00000006d6700000, 0x00000006d6700000, 0x00000006d6800000|  0%| F|  |TS  0|AC  0|TAMS 0x00000006d6700000, 0x00000006d6700000|
| 234|0x00000006d6800000, 0x00000006d6800000, 0x00000006d6900000|  0%| F|  |TS  0|AC  0|TAMS 0x00000006d6800000, 0x00000006d6800000|
| 235|0x00000006d6900000, 0x00000006d6900000, 0x00000006d6a00000|  0%| F|  |TS  0|AC  0|TAMS 0x00000006d6900000, 0x00000006d6900000|
| 236|0x00000006d6a00000, 0x00000006d6a00000, 0x00000006d6b00000|  0%| F|  |TS  0|AC  0|TAMS 0x00000006d6a00000, 0x00000006d6a00000|
| 237|0x00000006d6b00000, 0x00000006d6b00000, 0x00000006d6c00000|  0%| F|  |TS  0|AC  0|TAMS 0x00000006d6b00000, 0x00000006d6b00000|
| 238|0x00000006d6c00000, 0x00000006d6c00000, 0x00000006d6d00000|  0%| F|  |TS  0|AC  0|TAMS 0x00000006d6c00000, 0x00000006d6c00000|
| 239|0x00000006d6d00000, 0x00000006d6d00000, 0x00000006d6e00000|  0%| F|  |TS  0|AC  0|TAMS 0x00000006d6d00000, 0x00000006d6d00000|
| 240|0x00000006d6e00000, 0x00000006d6e00000, 0x00000006d6f00000|  0%| F|  |TS  0|AC  0|TAMS 0x00000006d6e00000, 0x00000006d6e00000|
| 241|0x00000006d6f00000, 0x00000006d6f00000, 0x00000006d7000000|  0%| F|  |TS  0|AC  0|TAMS 0x00000006d6f00000, 0x00000006d6f00000|
| 242|0x00000006d7000000, 0x00000006d7000000, 0x00000006d7100000|  0%| F|  |TS  0|AC  0|TAMS 0x00000006d7000000, 0x00000006d7000000|
| 243|0x00000006d7100000, 0x00000006d717b660, 0x00000006d7200000| 48%| E|  |TS  0|AC  0|TAMS 0x00000006d7100000, 0x00000006d7100000|
| 244|0x00000006d7200000, 0x00000006d7300000, 0x00000006d7300000|100%| E|CS|TS  0|AC  0|TAMS 0x00000006d7200000, 0x00000006d7200000|
| 245|0x00000006d7300000, 0x00000006d7400000, 0x00000006d7400000|100%| E|CS|TS  0|AC  0|TAMS 0x00000006d7300000, 0x00000006d7300000|
| 246|0x00000006d7400000, 0x00000006d7500000, 0x00000006d7500000|100%| E|CS|TS  0|AC  0|TAMS 0x00000006d7400000, 0x00000006d7400000|
| 247|0x00000006d7500000, 0x00000006d7600000, 0x00000006d7600000|100%| E|CS|TS  0|AC  0|TAMS 0x00000006d7500000, 0x00000006d7500000|
| 248|0x00000006d7600000, 0x00000006d7700000, 0x00000006d7700000|100%| E|CS|TS  0|AC  0|TAMS 0x00000006d7600000, 0x00000006d7600000|
| 249|0x00000006d7700000, 0x00000006d7800000, 0x00000006d7800000|100%| E|CS|TS  0|AC  0|TAMS 0x00000006d7700000, 0x00000006d7700000|

Card table byte_map: [0x00007f9b2c50e000,0x00007f9b2cccf000] byte_map_base: 0x00007f9b28ecf000

Marking Bits (Prev, Next): (CMBitMap*) 0x00007f9b44077840, (CMBitMap*) 0x00007f9b44077898
 Prev Bits: [0x00007f9ae3a37000, 0x00007f9ae783f000)
 Next Bits: [0x00007f9adfc2f000, 0x00007f9ae3a37000)

Polling page: 0x00007f9b4dd2a000

CodeHeap 'non-nmethods': size=5700Kb used=1253Kb max_used=1263Kb free=4446Kb
 bounds [0x00007f9b2dc51000, 0x00007f9b2dec1000, 0x00007f9b2e1e2000]
CodeHeap 'profiled nmethods': size=120028Kb used=853Kb max_used=853Kb free=119174Kb
 bounds [0x00007f9b2e1e2000, 0x00007f9b2e452000, 0x00007f9b35719000]
CodeHeap 'non-profiled nmethods': size=120032Kb used=187Kb max_used=187Kb free=119844Kb
 bounds [0x00007f9b35719000, 0x00007f9b35989000, 0x00007f9b3cc51000]
 total_blobs=1215 nmethods=570 adapters=428
 compilation: enabled

Compilation events (10 events):
Event: 2.014 Thread 0x00007f9b4422f800  571       3       java.lang.invoke.MethodType::parameterArray (11 bytes)
Event: 2.015 Thread 0x00007f9b4422f800 nmethod 571 0x00007f9b2e2b6d90 code [0x00007f9b2e2b6f20, 0x00007f9b2e2b7228]
Event: 2.017 Thread 0x00007f9b4422d800 nmethod 555 0x00007f9b35745a10 code [0x00007f9b35745ba0, 0x00007f9b35746168]
Event: 2.017 Thread 0x00007f9b4422d800  568       4       java.util.HashMap::putVal (300 bytes)
Event: 2.017 Thread 0x00007f9b4422b800 nmethod 564 0x00007f9b35746490 code [0x00007f9b35746620, 0x00007f9b35746bd8]
Event: 2.017 Thread 0x00007f9b4422b800  570       4       java.util.concurrent.ConcurrentHashMap::setTabAt (20 bytes)
Event: 2.018 Thread 0x00007f9b4422f800  572       3       java.nio.HeapByteBuffer::_get (7 bytes)
Event: 2.018 Thread 0x00007f9b4422f800 nmethod 572 0x00007f9b2e2b7310 code [0x00007f9b2e2b7480, 0x00007f9b2e2b75f0]
Event: 2.018 Thread 0x00007f9b4422b800 nmethod 570 0x00007f9b35746f10 code [0x00007f9b35747060, 0x00007f9b35747198]
Event: 2.019 Thread 0x00007f9b44229800 nmethod 563 0x00007f9b35747210 code [0x00007f9b357473a0, 0x00007f9b35747958]

GC Heap History (0 events):
No events

Deoptimization events (10 events):
Event: 1.929 Thread 0x00007f9b44011000 Uncommon trap: reason=bimorphic_or_optimized_type_check action=maybe_recompile pc=0x00007f9b357294c8 method=java.util.HashMap.getNode(ILjava/lang/Object;)Ljava/util/HashMap$Node; @ 59
Event: 1.929 Thread 0x00007f9b44011000 Uncommon trap: reason=bimorphic_or_optimized_type_check action=maybe_recompile pc=0x00007f9b35729590 method=java.util.HashMap.getNode(ILjava/lang/Object;)Ljava/util/HashMap$Node; @ 126
Event: 1.929 Thread 0x00007f9b44011000 Uncommon trap: reason=bimorphic_or_optimized_type_check action=maybe_recompile pc=0x00007f9b357294c8 method=java.util.HashMap.getNode(ILjava/lang/Object;)Ljava/util/HashMap$Node; @ 59
Event: 1.950 Thread 0x00007f9b44011000 Uncommon trap: reason=unstable_if action=reinterpret pc=0x00007f9b357235c8 method=java.util.HashMap.hash(Ljava/lang/Object;)I @ 1
Event: 1.955 Thread 0x00007f9b44011000 Uncommon trap: reason=unstable_if action=reinterpret pc=0x00007f9b3571c588 method=java.util.HashMap.hash(Ljava/lang/Object;)I @ 1
Event: 1.970 Thread 0x00007f9b44011000 Uncommon trap: reason=unstable_fused_if action=reinterpret pc=0x00007f9b35728558 method=java.util.HashMap.resize()[Ljava/util/HashMap$Node; @ 31
Event: 2.012 Thread 0x00007f9b44011000 Uncommon trap: reason=class_check action=maybe_recompile pc=0x00007f9b35726020 method=java.util.HashMap.putVal(ILjava/lang/Object;Ljava/lang/Object;ZZ)Ljava/lang/Object; @ 203
Event: 2.012 Thread 0x00007f9b44011000 Uncommon trap: reason=class_check action=maybe_recompile pc=0x00007f9b35725fdc method=java.util.HashMap.putVal(ILjava/lang/Object;Ljava/lang/Object;ZZ)Ljava/lang/Object; @ 91
Event: 2.012 Thread 0x00007f9b44011000 Uncommon trap: reason=class_check action=maybe_recompile pc=0x00007f9b35725fdc method=java.util.HashMap.putVal(ILjava/lang/Object;Ljava/lang/Object;ZZ)Ljava/lang/Object; @ 91
Event: 2.012 Thread 0x00007f9b44011000 Uncommon trap: reason=class_check action=maybe_recompile pc=0x00007f9b35725fdc method=java.util.HashMap.putVal(ILjava/lang/Object;Ljava/lang/Object;ZZ)Ljava/lang/Object; @ 91

Classes redefined (0 events):
No events

Internal exceptions (8 events):
Event: 1.775 Thread 0x00007f9b44011000 Exception <a 'sun/nio/fs/UnixException'> (0x00000006d77aba68) thrown at [/build/openjdk-9-argm_o/openjdk-9-9~b114/src/hotspot/src/share/vm/prims/jni.cpp, line 605]
Event: 1.872 Thread 0x00007f9b44011000 Exception <a 'java/lang/ClassNotFoundException': sun/awt/resources/awtProvider> (0x00000006d75e7cb0) thrown at [/build/openjdk-9-argm_o/openjdk-9-9~b114/src/hotspot/src/share/vm/classfile/systemDictionary.cpp, line 224]
Event: 1.879 Thread 0x00007f9b44011000 Exception <a 'java/io/FileNotFoundException'> (0x00000006d740ef30) thrown at [/build/openjdk-9-argm_o/openjdk-9-9~b114/src/hotspot/src/share/vm/prims/jni.cpp, line 605]
Event: 1.880 Thread 0x00007f9b44011000 Exception <a 'java/io/FileNotFoundException'> (0x00000006d7416f70) thrown at [/build/openjdk-9-argm_o/openjdk-9-9~b114/src/hotspot/src/share/vm/prims/jni.cpp, line 605]
Event: 1.948 Thread 0x00007f9b44011000 Exception <a 'java/lang/ClassNotFoundException': com/sun/swing/internal/plaf/metal/resources/metalProvider> (0x00000006d73a1740) thrown at [/build/openjdk-9-argm_o/openjdk-9-9~b114/src/hotspot/src/share/vm/classfile/systemDictionary.cpp, line 224]
Event: 1.949 Thread 0x00007f9b44011000 Exception <a 'java/lang/ClassNotFoundException': com/sun/swing/internal/plaf/basic/resources/basicProvider> (0x00000006d73a4e00) thrown at [/build/openjdk-9-argm_o/openjdk-9-9~b114/src/hotspot/src/share/vm/classfile/systemDictionary.cpp, line 224]
Event: 1.950 Thread 0x00007f9b44011000 Implicit null exception at 0x00007f9b357228be to 0x00007f9b357235ad
Event: 1.955 Thread 0x00007f9b44011000 Implicit null exception at 0x00007f9b3571c50f to 0x00007f9b3571c579

Events (10 events):
Event: 2.018 loading class sun/nio/cs/UTF_16$Decoder
Event: 2.018 loading class sun/nio/cs/UnicodeDecoder
Event: 2.018 loading class sun/nio/cs/UnicodeDecoder done
Event: 2.018 loading class sun/nio/cs/UTF_16$Decoder done
Event: 2.019 loading class sun/font/FileFontStrike
Event: 2.019 loading class sun/font/FileFontStrike done
Event: 2.019 loading class sun/font/FontScaler
Event: 2.019 loading class sun/font/FontScaler done
Event: 2.019 loading class sun/font/FreetypeFontScaler
Event: 2.019 loading class sun/font/FreetypeFontScaler done


Dynamic libraries:
00400000-00401000 r-xp 00000000 08:13 1447897                            /usr/lib/jvm/java-9-openjdk-amd64/bin/java
00600000-00601000 r--p 00000000 08:13 1447897                            /usr/lib/jvm/java-9-openjdk-amd64/bin/java
00601000-00602000 rw-p 00001000 08:13 1447897                            /usr/lib/jvm/java-9-openjdk-amd64/bin/java
00cfd000-00d1e000 rw-p 00000000 00:00 0                                  [heap]
6c7e00000-6d7800000 rw-p 00000000 00:00 0 
6d7800000-7c0000000 ---p 00000000 00:00 0 
7c0000000-7c0180000 rw-p 00000000 00:00 0 
7c0180000-800000000 ---p 00000000 00:00 0 
7f9a8c000000-7f9a8c021000 rw-p 00000000 00:00 0 
7f9a8c021000-7f9a90000000 ---p 00000000 00:00 0 
7f9a90000000-7f9a90021000 rw-p 00000000 00:00 0 
7f9a90021000-7f9a94000000 ---p 00000000 00:00 0 
7f9a94000000-7f9a94021000 rw-p 00000000 00:00 0 
7f9a94021000-7f9a98000000 ---p 00000000 00:00 0 
7f9a98000000-7f9a98021000 rw-p 00000000 00:00 0 
7f9a98021000-7f9a9c000000 ---p 00000000 00:00 0 
7f9a9c000000-7f9a9c021000 rw-p 00000000 00:00 0 
7f9a9c021000-7f9aa0000000 ---p 00000000 00:00 0 
7f9aa0000000-7f9aa0021000 rw-p 00000000 00:00 0 
7f9aa0021000-7f9aa4000000 ---p 00000000 00:00 0 
7f9aa4000000-7f9aa4120000 rw-p 00000000 00:00 0 
7f9aa4120000-7f9aa8000000 ---p 00000000 00:00 0 
7f9aa8000000-7f9aa8021000 rw-p 00000000 00:00 0 
7f9aa8021000-7f9aac000000 ---p 00000000 00:00 0 
7f9aac000000-7f9aac17c000 rw-p 00000000 00:00 0 
7f9aac17c000-7f9ab0000000 ---p 00000000 00:00 0 
7f9ab0000000-7f9ab01d0000 rw-p 00000000 00:00 0 
7f9ab01d0000-7f9ab4000000 ---p 00000000 00:00 0 
7f9ab4000000-7f9ab4021000 rw-p 00000000 00:00 0 
7f9ab4021000-7f9ab8000000 ---p 00000000 00:00 0 
7f9ab8000000-7f9ab81cf000 rw-p 00000000 00:00 0 
7f9ab81cf000-7f9abc000000 ---p 00000000 00:00 0 
7f9abc000000-7f9abc021000 rw-p 00000000 00:00 0 
7f9abc021000-7f9ac0000000 ---p 00000000 00:00 0 
7f9ac0000000-7f9ac0021000 rw-p 00000000 00:00 0 
7f9ac0021000-7f9ac4000000 ---p 00000000 00:00 0 
7f9ac4554000-7f9ac4558000 ---p 00000000 00:00 0 
7f9ac4558000-7f9ac4855000 rw-p 00000000 00:00 0 
7f9ac4855000-7f9ac4859000 ---p 00000000 00:00 0 
7f9ac4859000-7f9ac4956000 rw-p 00000000 00:00 0 
7f9ac4956000-7f9ac495b000 r-xp 00000000 08:13 1450102                    /usr/lib/x86_64-linux-gnu/libXfixes.so.3.1.0
7f9ac495b000-7f9ac4b5a000 ---p 00005000 08:13 1450102                    /usr/lib/x86_64-linux-gnu/libXfixes.so.3.1.0
7f9ac4b5a000-7f9ac4b5b000 r--p 00004000 08:13 1450102                    /usr/lib/x86_64-linux-gnu/libXfixes.so.3.1.0
7f9ac4b5b000-7f9ac4b5c000 rw-p 00005000 08:13 1450102                    /usr/lib/x86_64-linux-gnu/libXfixes.so.3.1.0
7f9ac4b5c000-7f9ac4b65000 r-xp 00000000 08:13 1450094                    /usr/lib/x86_64-linux-gnu/libXcursor.so.1.0.2
7f9ac4b65000-7f9ac4d64000 ---p 00009000 08:13 1450094                    /usr/lib/x86_64-linux-gnu/libXcursor.so.1.0.2
7f9ac4d64000-7f9ac4d65000 r--p 00008000 08:13 1450094                    /usr/lib/x86_64-linux-gnu/libXcursor.so.1.0.2
7f9ac4d65000-7f9ac4d66000 rw-p 00009000 08:13 1450094                    /usr/lib/x86_64-linux-gnu/libXcursor.so.1.0.2
7f9ac4d66000-7f9ac4d6a000 ---p 00000000 00:00 0 
7f9ac4d6a000-7f9ac4e67000 rw-p 00000000 00:00 0 
7f9ac4e67000-7f9ac4e8b000 r-xp 00000000 08:13 5378664                    /lib/x86_64-linux-gnu/libpng12.so.0.54.0
7f9ac4e8b000-7f9ac508a000 ---p 00024000 08:13 5378664                    /lib/x86_64-linux-gnu/libpng12.so.0.54.0
7f9ac508a000-7f9ac508b000 r--p 00023000 08:13 5378664                    /lib/x86_64-linux-gnu/libpng12.so.0.54.0
7f9ac508b000-7f9ac508c000 rw-p 00024000 08:13 5378664                    /lib/x86_64-linux-gnu/libpng12.so.0.54.0
7f9ac508c000-7f9ac5130000 r-xp 00000000 08:13 1450517                    /usr/lib/x86_64-linux-gnu/libfreetype.so.6.12.1
7f9ac5130000-7f9ac532f000 ---p 000a4000 08:13 1450517                    /usr/lib/x86_64-linux-gnu/libfreetype.so.6.12.1
7f9ac532f000-7f9ac5335000 r--p 000a3000 08:13 1450517                    /usr/lib/x86_64-linux-gnu/libfreetype.so.6.12.1
7f9ac5335000-7f9ac5336000 rw-p 000a9000 08:13 1450517                    /usr/lib/x86_64-linux-gnu/libfreetype.so.6.12.1
7f9ac5336000-7f9ac53fc000 r-xp 00000000 08:13 1456388                    /usr/lib/jvm/java-9-openjdk-amd64/lib/amd64/libfontmanager.so
7f9ac53fc000-7f9ac55fb000 ---p 000c6000 08:13 1456388                    /usr/lib/jvm/java-9-openjdk-amd64/lib/amd64/libfontmanager.so
7f9ac55fb000-7f9ac55fe000 r--p 000c5000 08:13 1456388                    /usr/lib/jvm/java-9-openjdk-amd64/lib/amd64/libfontmanager.so
7f9ac55fe000-7f9ac55ff000 rw-p 000c8000 08:13 1456388                    /usr/lib/jvm/java-9-openjdk-amd64/lib/amd64/libfontmanager.so
7f9ac55ff000-7f9ac5600000 rw-p 00000000 00:00 0 
7f9ac5600000-7f9ac5605000 r-xp 00000000 08:13 1450098                    /usr/lib/x86_64-linux-gnu/libXdmcp.so.6.0.0
7f9ac5605000-7f9ac5804000 ---p 00005000 08:13 1450098                    /usr/lib/x86_64-linux-gnu/libXdmcp.so.6.0.0
7f9ac5804000-7f9ac5805000 r--p 00004000 08:13 1450098                    /usr/lib/x86_64-linux-gnu/libXdmcp.so.6.0.0
7f9ac5805000-7f9ac5806000 rw-p 00005000 08:13 1450098                    /usr/lib/x86_64-linux-gnu/libXdmcp.so.6.0.0
7f9ac5806000-7f9ac5808000 r-xp 00000000 08:13 1450087                    /usr/lib/x86_64-linux-gnu/libXau.so.6.0.0
7f9ac5808000-7f9ac5a08000 ---p 00002000 08:13 1450087                    /usr/lib/x86_64-linux-gnu/libXau.so.6.0.0
7f9ac5a08000-7f9ac5a09000 r--p 00002000 08:13 1450087                    /usr/lib/x86_64-linux-gnu/libXau.so.6.0.0
7f9ac5a09000-7f9ac5a0a000 rw-p 00003000 08:13 1450087                    /usr/lib/x86_64-linux-gnu/libXau.so.6.0.0
7f9ac5a0a000-7f9ac5a2b000 r-xp 00000000 08:13 1451465                    /usr/lib/x86_64-linux-gnu/libxcb.so.1.1.0
7f9ac5a2b000-7f9ac5c2a000 ---p 00021000 08:13 1451465                    /usr/lib/x86_64-linux-gnu/libxcb.so.1.1.0
7f9ac5c2a000-7f9ac5c2b000 r--p 00020000 08:13 1451465                    /usr/lib/x86_64-linux-gnu/libxcb.so.1.1.0
7f9ac5c2b000-7f9ac5c2c000 rw-p 00021000 08:13 1451465                    /usr/lib/x86_64-linux-gnu/libxcb.so.1.1.0
7f9ac5c2c000-7f9ac5c3b000 r-xp 00000000 08:13 1450108                    /usr/lib/x86_64-linux-gnu/libXi.so.6.1.0
7f9ac5c3b000-7f9ac5e3a000 ---p 0000f000 08:13 1450108                    /usr/lib/x86_64-linux-gnu/libXi.so.6.1.0
7f9ac5e3a000-7f9ac5e3b000 r--p 0000e000 08:13 1450108                    /usr/lib/x86_64-linux-gnu/libXi.so.6.1.0
7f9ac5e3b000-7f9ac5e3c000 rw-p 0000f000 08:13 1450108                    /usr/lib/x86_64-linux-gnu/libXi.so.6.1.0
7f9ac5e3c000-7f9ac5e41000 r-xp 00000000 08:13 1450126                    /usr/lib/x86_64-linux-gnu/libXtst.so.6.1.0
7f9ac5e41000-7f9ac6040000 ---p 00005000 08:13 1450126                    /usr/lib/x86_64-linux-gnu/libXtst.so.6.1.0
7f9ac6040000-7f9ac6041000 r--p 00004000 08:13 1450126                    /usr/lib/x86_64-linux-gnu/libXtst.so.6.1.0
7f9ac6041000-7f9ac6042000 rw-p 00005000 08:13 1450126                    /usr/lib/x86_64-linux-gnu/libXtst.so.6.1.0
7f9ac6042000-7f9ac604b000 r-xp 00000000 08:13 1450120                    /usr/lib/x86_64-linux-gnu/libXrender.so.1.3.0
7f9ac604b000-7f9ac624a000 ---p 00009000 08:13 1450120                    /usr/lib/x86_64-linux-gnu/libXrender.so.1.3.0
7f9ac624a000-7f9ac624b000 r--p 00008000 08:13 1450120                    /usr/lib/x86_64-linux-gnu/libXrender.so.1.3.0
7f9ac624b000-7f9ac624c000 rw-p 00009000 08:13 1450120                    /usr/lib/x86_64-linux-gnu/libXrender.so.1.3.0
7f9ac624c000-7f9ac6381000 r-xp 00000000 08:13 1450083                    /usr/lib/x86_64-linux-gnu/libX11.so.6.3.0
7f9ac6381000-7f9ac6581000 ---p 00135000 08:13 1450083                    /usr/lib/x86_64-linux-gnu/libX11.so.6.3.0
7f9ac6581000-7f9ac6582000 r--p 00135000 08:13 1450083                    /usr/lib/x86_64-linux-gnu/libX11.so.6.3.0
7f9ac6582000-7f9ac6586000 rw-p 00136000 08:13 1450083                    /usr/lib/x86_64-linux-gnu/libX11.so.6.3.0
7f9ac6586000-7f9ac6597000 r-xp 00000000 08:13 1450100                    /usr/lib/x86_64-linux-gnu/libXext.so.6.4.0
7f9ac6597000-7f9ac6796000 ---p 00011000 08:13 1450100                    /usr/lib/x86_64-linux-gnu/libXext.so.6.4.0
7f9ac6796000-7f9ac6797000 r--p 00010000 08:13 1450100                    /usr/lib/x86_64-linux-gnu/libXext.so.6.4.0
7f9ac6797000-7f9ac6798000 rw-p 00011000 08:13 1450100                    /usr/lib/x86_64-linux-gnu/libXext.so.6.4.0
7f9ac6798000-7f9ac67ef000 r-xp 00000000 08:13 1460463                    /usr/lib/jvm/java-9-openjdk-amd64/lib/amd64/libawt_xawt.so
7f9ac67ef000-7f9ac69ef000 ---p 00057000 08:13 1460463                    /usr/lib/jvm/java-9-openjdk-amd64/lib/amd64/libawt_xawt.so
7f9ac69ef000-7f9ac69f0000 r--p 00057000 08:13 1460463                    /usr/lib/jvm/java-9-openjdk-amd64/lib/amd64/libawt_xawt.so
7f9ac69f0000-7f9ac69f3000 rw-p 00058000 08:13 1460463                    /usr/lib/jvm/java-9-openjdk-amd64/lib/amd64/libawt_xawt.so
7f9ac69f3000-7f9ac69f4000 rw-p 00000000 00:00 0 
7f9ac69f4000-7f9ac6a94000 r-xp 00000000 08:13 1456362                    /usr/lib/jvm/java-9-openjdk-amd64/lib/amd64/libawt.so
7f9ac6a94000-7f9ac6c93000 ---p 000a0000 08:13 1456362                    /usr/lib/jvm/java-9-openjdk-amd64/lib/amd64/libawt.so
7f9ac6c93000-7f9ac6c94000 r--p 0009f000 08:13 1456362                    /usr/lib/jvm/java-9-openjdk-amd64/lib/amd64/libawt.so
7f9ac6c94000-7f9ac6c9f000 rw-p 000a0000 08:13 1456362                    /usr/lib/jvm/java-9-openjdk-amd64/lib/amd64/libawt.so
7f9ac6c9f000-7f9ac6cc4000 rw-p 00000000 00:00 0 
7f9ac6cc4000-7f9ac6cc5000 ---p 00000000 00:00 0 
7f9ac6cc5000-7f9ac6dc5000 rw-p 00000000 00:00 0 
7f9ac6dc5000-7f9ac6dc9000 ---p 00000000 00:00 0 
7f9ac6dc9000-7f9ac71c7000 rw-p 00000000 00:00 0 
7f9ac71c7000-7f9ac71dd000 r-xp 00000000 08:13 1460437                    /usr/lib/jvm/java-9-openjdk-amd64/lib/amd64/libnet.so
7f9ac71dd000-7f9ac73dc000 ---p 00016000 08:13 1460437                    /usr/lib/jvm/java-9-openjdk-amd64/lib/amd64/libnet.so
7f9ac73dc000-7f9ac73dd000 r--p 00015000 08:13 1460437                    /usr/lib/jvm/java-9-openjdk-amd64/lib/amd64/libnet.so
7f9ac73dd000-7f9ac73de000 rw-p 00016000 08:13 1460437                    /usr/lib/jvm/java-9-openjdk-amd64/lib/amd64/libnet.so
7f9ac73de000-7f9ac73ef000 r-xp 00000000 08:13 1460464                    /usr/lib/jvm/java-9-openjdk-amd64/lib/amd64/libnio.so
7f9ac73ef000-7f9ac75ef000 ---p 00011000 08:13 1460464                    /usr/lib/jvm/java-9-openjdk-amd64/lib/amd64/libnio.so
7f9ac75ef000-7f9ac75f0000 r--p 00011000 08:13 1460464                    /usr/lib/jvm/java-9-openjdk-amd64/lib/amd64/libnio.so
7f9ac75f0000-7f9ac75f1000 rw-p 00012000 08:13 1460464                    /usr/lib/jvm/java-9-openjdk-amd64/lib/amd64/libnio.so
7f9ac75f1000-7f9ac8000000 r--p 00000000 08:13 1449106                    /usr/lib/locale/locale-archive
7f9ac8000000-7f9ac8021000 rw-p 00000000 00:00 0 
7f9ac8021000-7f9acc000000 ---p 00000000 00:00 0 
7f9acc000000-7f9acc021000 rw-p 00000000 00:00 0 
7f9acc021000-7f9ad0000000 ---p 00000000 00:00 0 
7f9ad0000000-7f9ad0021000 rw-p 00000000 00:00 0 
7f9ad0021000-7f9ad4000000 ---p 00000000 00:00 0 
7f9ad4000000-7f9ad4021000 rw-p 00000000 00:00 0 
7f9ad4021000-7f9ad8000000 ---p 00000000 00:00 0 
7f9ad8000000-7f9ad8021000 rw-p 00000000 00:00 0 
7f9ad8021000-7f9adc000000 ---p 00000000 00:00 0 
7f9adc0c6000-7f9adc0ca000 ---p 00000000 00:00 0 
7f9adc0ca000-7f9adc1c7000 rw-p 00000000 00:00 0 
7f9adc1c7000-7f9adc1cb000 ---p 00000000 00:00 0 
7f9adc1cb000-7f9adc2c8000 rw-p 00000000 00:00 0 
7f9adc2c8000-7f9adc2cc000 ---p 00000000 00:00 0 
7f9adc2cc000-7f9adc3c9000 rw-p 00000000 00:00 0 
7f9adc3c9000-7f9adc3cd000 ---p 00000000 00:00 0 
7f9adc3cd000-7f9adc4ca000 rw-p 00000000 00:00 0 
7f9adc4ca000-7f9adc4ce000 ---p 00000000 00:00 0 
7f9adc4ce000-7f9adc5cb000 rw-p 00000000 00:00 0 
7f9adc5cb000-7f9adc5cf000 ---p 00000000 00:00 0 
7f9adc5cf000-7f9adc6cc000 rw-p 00000000 00:00 0 
7f9adc6cc000-7f9adc6d0000 ---p 00000000 00:00 0 
7f9adc6d0000-7f9adc7cd000 rw-p 00000000 00:00 0 
7f9adc7cd000-7f9adc7d1000 ---p 00000000 00:00 0 
7f9adc7d1000-7f9adc8ce000 rw-p 00000000 00:00 0 
7f9adc8ce000-7f9adc8d2000 ---p 00000000 00:00 0 
7f9adc8d2000-7f9adc9cf000 rw-p 00000000 00:00 0 
7f9adc9cf000-7f9adc9d3000 ---p 00000000 00:00 0 
7f9adc9d3000-7f9adcad0000 rw-p 00000000 00:00 0 
7f9adcad0000-7f9adcad1000 ---p 00000000 00:00 0 
7f9adcad1000-7f9add447000 rw-p 00000000 00:00 0 
7f9add447000-7f9ae0017000 rw-p 00000000 00:00 0 
7f9ae0017000-7f9ae3a37000 ---p 00000000 00:00 0 
7f9ae3a37000-7f9ae3e1f000 rw-p 00000000 00:00 0 
7f9ae3e1f000-7f9ae783f000 ---p 00000000 00:00 0 
7f9ae783f000-7f9ae78bc000 rw-p 00000000 00:00 0 
7f9ae78bc000-7f9ae8000000 ---p 00000000 00:00 0 
7f9ae8000000-7f9ae8021000 rw-p 00000000 00:00 0 
7f9ae8021000-7f9aec000000 ---p 00000000 00:00 0 
7f9aec000000-7f9aec021000 rw-p 00000000 00:00 0 
7f9aec021000-7f9af0000000 ---p 00000000 00:00 0 
7f9af0000000-7f9af0021000 rw-p 00000000 00:00 0 
7f9af0021000-7f9af4000000 ---p 00000000 00:00 0 
7f9af4000000-7f9af4021000 rw-p 00000000 00:00 0 
7f9af4021000-7f9af8000000 ---p 00000000 00:00 0 
7f9af8000000-7f9af8021000 rw-p 00000000 00:00 0 
7f9af8021000-7f9afc000000 ---p 00000000 00:00 0 
7f9afc000000-7f9afc021000 rw-p 00000000 00:00 0 
7f9afc021000-7f9b00000000 ---p 00000000 00:00 0 
7f9b00000000-7f9b00021000 rw-p 00000000 00:00 0 
7f9b00021000-7f9b04000000 ---p 00000000 00:00 0 
7f9b04000000-7f9b04021000 rw-p 00000000 00:00 0 
7f9b04021000-7f9b08000000 ---p 00000000 00:00 0 
7f9b08000000-7f9b08021000 rw-p 00000000 00:00 0 
7f9b08021000-7f9b0c000000 ---p 00000000 00:00 0 
7f9b0c000000-7f9b0c021000 rw-p 00000000 00:00 0 
7f9b0c021000-7f9b10000000 ---p 00000000 00:00 0 
7f9b10000000-7f9b10021000 rw-p 00000000 00:00 0 
7f9b10021000-7f9b14000000 ---p 00000000 00:00 0 
7f9b14000000-7f9b14021000 rw-p 00000000 00:00 0 
7f9b14021000-7f9b18000000 ---p 00000000 00:00 0 
7f9b18000000-7f9b18021000 rw-p 00000000 00:00 0 
7f9b18021000-7f9b1c000000 ---p 00000000 00:00 0 
7f9b1c000000-7f9b1c021000 rw-p 00000000 00:00 0 
7f9b1c021000-7f9b20000000 ---p 00000000 00:00 0 
7f9b20000000-7f9b20021000 rw-p 00000000 00:00 0 
7f9b20021000-7f9b24000000 ---p 00000000 00:00 0 
7f9b24000000-7f9b24021000 rw-p 00000000 00:00 0 
7f9b24021000-7f9b28000000 ---p 00000000 00:00 0 
7f9b28000000-7f9b28021000 rw-p 00000000 00:00 0 
7f9b28021000-7f9b2c000000 ---p 00000000 00:00 0 
7f9b2c021000-7f9b2c58b000 rw-p 00000000 00:00 0 
7f9b2c58b000-7f9b2d490000 ---p 00000000 00:00 0 
7f9b2d490000-7f9b2d50d000 rw-p 00000000 00:00 0 
7f9b2d50d000-7f9b2dc51000 ---p 00000000 00:00 0 
7f9b2dc51000-7f9b2dec1000 rwxp 00000000 00:00 0 
7f9b2dec1000-7f9b2e1e2000 ---p 00000000 00:00 0 
7f9b2e1e2000-7f9b2e452000 rwxp 00000000 00:00 0 
7f9b2e452000-7f9b35719000 ---p 00000000 00:00 0 
7f9b35719000-7f9b35989000 rwxp 00000000 00:00 0 
7f9b35989000-7f9b3cc51000 ---p 00000000 00:00 0 
7f9b3cc51000-7f9b44000000 r--s 00000000 08:13 1447908                    /usr/lib/jvm/java-9-openjdk-amd64/lib/modules
7f9b44000000-7f9b4447f000 rw-p 00000000 00:00 0 
7f9b4447f000-7f9b48000000 ---p 00000000 00:00 0 
7f9b48055000-7f9b48350000 rw-p 00000000 00:00 0 
7f9b48350000-7f9b48351000 ---p 00000000 00:00 0 
7f9b48351000-7f9b48451000 rw-p 00000000 00:00 0 
7f9b48451000-7f9b48452000 ---p 00000000 00:00 0 
7f9b48452000-7f9b48552000 rw-p 00000000 00:00 0 
7f9b48552000-7f9b48553000 ---p 00000000 00:00 0 
7f9b48553000-7f9b4874c000 rw-p 00000000 00:00 0 
7f9b4874c000-7f9b4874d000 ---p 00000000 00:00 0 
7f9b4874d000-7f9b4884d000 rw-p 00000000 00:00 0 
7f9b4884d000-7f9b4884e000 ---p 00000000 00:00 0 
7f9b4884e000-7f9b4894e000 rw-p 00000000 00:00 0 
7f9b4894e000-7f9b4894f000 ---p 00000000 00:00 0 
7f9b4894f000-7f9b48a4f000 rw-p 00000000 00:00 0 
7f9b48a4f000-7f9b48a50000 ---p 00000000 00:00 0 
7f9b48a50000-7f9b48b50000 rw-p 00000000 00:00 0 
7f9b48b50000-7f9b48b51000 ---p 00000000 00:00 0 
7f9b48b51000-7f9b48c51000 rw-p 00000000 00:00 0 
7f9b48c51000-7f9b48c52000 ---p 00000000 00:00 0 
7f9b48c52000-7f9b48d52000 rw-p 00000000 00:00 0 
7f9b48d52000-7f9b48d53000 ---p 00000000 00:00 0 
7f9b48d53000-7f9b48e53000 rw-p 00000000 00:00 0 
7f9b48e53000-7f9b48e54000 ---p 00000000 00:00 0 
7f9b48e54000-7f9b48f54000 rw-p 00000000 00:00 0 
7f9b48f54000-7f9b48f55000 ---p 00000000 00:00 0 
7f9b48f55000-7f9b4985d000 rw-p 00000000 00:00 0 
7f9b4985d000-7f9b4985e000 ---p 00000000 00:00 0 
7f9b4985e000-7f9b4995e000 rw-p 00000000 00:00 0 
7f9b4995e000-7f9b4995f000 ---p 00000000 00:00 0 
7f9b4995f000-7f9b49a5f000 rw-p 00000000 00:00 0 
7f9b49a5f000-7f9b49a60000 ---p 00000000 00:00 0 
7f9b49a60000-7f9b49b60000 rw-p 00000000 00:00 0 
7f9b49b60000-7f9b49b61000 ---p 00000000 00:00 0 
7f9b49b61000-7f9b49c61000 rw-p 00000000 00:00 0 
7f9b49c61000-7f9b49c62000 ---p 00000000 00:00 0 
7f9b49c62000-7f9b49d62000 rw-p 00000000 00:00 0 
7f9b49d62000-7f9b49d63000 ---p 00000000 00:00 0 
7f9b49d63000-7f9b49e63000 rw-p 00000000 00:00 0 
7f9b49e63000-7f9b49e64000 ---p 00000000 00:00 0 
7f9b49e64000-7f9b49f64000 rw-p 00000000 00:00 0 
7f9b49f64000-7f9b49f65000 ---p 00000000 00:00 0 
7f9b49f65000-7f9b4a06a000 rw-p 00000000 00:00 0 
7f9b4a06a000-7f9b4a150000 ---p 00000000 00:00 0 
7f9b4a150000-7f9b4a155000 rw-p 00000000 00:00 0 
7f9b4a155000-7f9b4a23b000 ---p 00000000 00:00 0 
7f9b4a23b000-7f9b4a240000 r-xp 00000000 08:13 1460451                    /usr/lib/jvm/java-9-openjdk-amd64/lib/amd64/libjimage.so
7f9b4a240000-7f9b4a43f000 ---p 00005000 08:13 1460451                    /usr/lib/jvm/java-9-openjdk-amd64/lib/amd64/libjimage.so
7f9b4a43f000-7f9b4a440000 r--p 00004000 08:13 1460451                    /usr/lib/jvm/java-9-openjdk-amd64/lib/amd64/libjimage.so
7f9b4a440000-7f9b4a441000 rw-p 00005000 08:13 1460451                    /usr/lib/jvm/java-9-openjdk-amd64/lib/amd64/libjimage.so
7f9b4a441000-7f9b4a448000 r-xp 00000000 08:13 1460447                    /usr/lib/jvm/java-9-openjdk-amd64/lib/amd64/libzip.so
7f9b4a448000-7f9b4a647000 ---p 00007000 08:13 1460447                    /usr/lib/jvm/java-9-openjdk-amd64/lib/amd64/libzip.so
7f9b4a647000-7f9b4a648000 r--p 00006000 08:13 1460447                    /usr/lib/jvm/java-9-openjdk-amd64/lib/amd64/libzip.so
7f9b4a648000-7f9b4a649000 rw-p 00007000 08:13 1460447                    /usr/lib/jvm/java-9-openjdk-amd64/lib/amd64/libzip.so
7f9b4a649000-7f9b4a654000 r-xp 00000000 08:13 5378622                    /lib/x86_64-linux-gnu/libnss_files-2.23.so
7f9b4a654000-7f9b4a853000 ---p 0000b000 08:13 5378622                    /lib/x86_64-linux-gnu/libnss_files-2.23.so
7f9b4a853000-7f9b4a854000 r--p 0000a000 08:13 5378622                    /lib/x86_64-linux-gnu/libnss_files-2.23.so
7f9b4a854000-7f9b4a855000 rw-p 0000b000 08:13 5378622                    /lib/x86_64-linux-gnu/libnss_files-2.23.so
7f9b4a855000-7f9b4a85b000 rw-p 00000000 00:00 0 
7f9b4a85b000-7f9b4a866000 r-xp 00000000 08:13 5378632                    /lib/x86_64-linux-gnu/libnss_nis-2.23.so
7f9b4a866000-7f9b4aa65000 ---p 0000b000 08:13 5378632                    /lib/x86_64-linux-gnu/libnss_nis-2.23.so
7f9b4aa65000-7f9b4aa66000 r--p 0000a000 08:13 5378632                    /lib/x86_64-linux-gnu/libnss_nis-2.23.so
7f9b4aa66000-7f9b4aa67000 rw-p 0000b000 08:13 5378632                    /lib/x86_64-linux-gnu/libnss_nis-2.23.so
7f9b4aa67000-7f9b4aa7d000 r-xp 00000000 08:13 5378616                    /lib/x86_64-linux-gnu/libnsl-2.23.so
7f9b4aa7d000-7f9b4ac7c000 ---p 00016000 08:13 5378616                    /lib/x86_64-linux-gnu/libnsl-2.23.so
7f9b4ac7c000-7f9b4ac7d000 r--p 00015000 08:13 5378616                    /lib/x86_64-linux-gnu/libnsl-2.23.so
7f9b4ac7d000-7f9b4ac7e000 rw-p 00016000 08:13 5378616                    /lib/x86_64-linux-gnu/libnsl-2.23.so
7f9b4ac7e000-7f9b4ac80000 rw-p 00000000 00:00 0 
7f9b4ac80000-7f9b4ac88000 r-xp 00000000 08:13 5378618                    /lib/x86_64-linux-gnu/libnss_compat-2.23.so
7f9b4ac88000-7f9b4ae87000 ---p 00008000 08:13 5378618                    /lib/x86_64-linux-gnu/libnss_compat-2.23.so
7f9b4ae87000-7f9b4ae88000 r--p 00007000 08:13 5378618                    /lib/x86_64-linux-gnu/libnss_compat-2.23.so
7f9b4ae88000-7f9b4ae89000 rw-p 00008000 08:13 5378618                    /lib/x86_64-linux-gnu/libnss_compat-2.23.so
7f9b4ae89000-7f9b4aeb4000 r-xp 00000000 08:13 1447919                    /usr/lib/jvm/java-9-openjdk-amd64/lib/amd64/libjava.so
7f9b4aeb4000-7f9b4b0b3000 ---p 0002b000 08:13 1447919                    /usr/lib/jvm/java-9-openjdk-amd64/lib/amd64/libjava.so
7f9b4b0b3000-7f9b4b0b4000 r--p 0002a000 08:13 1447919                    /usr/lib/jvm/java-9-openjdk-amd64/lib/amd64/libjava.so
7f9b4b0b4000-7f9b4b0b6000 rw-p 0002b000 08:13 1447919                    /usr/lib/jvm/java-9-openjdk-amd64/lib/amd64/libjava.so
7f9b4b0b6000-7f9b4b0c3000 r-xp 00000000 08:13 1447921                    /usr/lib/jvm/java-9-openjdk-amd64/lib/amd64/libverify.so
7f9b4b0c3000-7f9b4b2c2000 ---p 0000d000 08:13 1447921                    /usr/lib/jvm/java-9-openjdk-amd64/lib/amd64/libverify.so
7f9b4b2c2000-7f9b4b2c4000 r--p 0000c000 08:13 1447921                    /usr/lib/jvm/java-9-openjdk-amd64/lib/amd64/libverify.so
7f9b4b2c4000-7f9b4b2c5000 rw-p 0000e000 08:13 1447921                    /usr/lib/jvm/java-9-openjdk-amd64/lib/amd64/libverify.so
7f9b4b2c5000-7f9b4b2cc000 r-xp 00000000 08:13 5378677                    /lib/x86_64-linux-gnu/librt-2.23.so
7f9b4b2cc000-7f9b4b4cb000 ---p 00007000 08:13 5378677                    /lib/x86_64-linux-gnu/librt-2.23.so
7f9b4b4cb000-7f9b4b4cc000 r--p 00006000 08:13 5378677                    /lib/x86_64-linux-gnu/librt-2.23.so
7f9b4b4cc000-7f9b4b4cd000 rw-p 00007000 08:13 5378677                    /lib/x86_64-linux-gnu/librt-2.23.so
7f9b4b4cd000-7f9b4b4e3000 r-xp 00000000 08:13 5378561                    /lib/x86_64-linux-gnu/libgcc_s.so.1
7f9b4b4e3000-7f9b4b6e2000 ---p 00016000 08:13 5378561                    /lib/x86_64-linux-gnu/libgcc_s.so.1
7f9b4b6e2000-7f9b4b6e3000 rw-p 00015000 08:13 5378561                    /lib/x86_64-linux-gnu/libgcc_s.so.1
7f9b4b6e3000-7f9b4b7eb000 r-xp 00000000 08:13 5378593                    /lib/x86_64-linux-gnu/libm-2.23.so
7f9b4b7eb000-7f9b4b9ea000 ---p 00108000 08:13 5378593                    /lib/x86_64-linux-gnu/libm-2.23.so
7f9b4b9ea000-7f9b4b9eb000 r--p 00107000 08:13 5378593                    /lib/x86_64-linux-gnu/libm-2.23.so
7f9b4b9eb000-7f9b4b9ec000 rw-p 00108000 08:13 5378593                    /lib/x86_64-linux-gnu/libm-2.23.so
7f9b4b9ec000-7f9b4bb5e000 r-xp 00000000 08:13 1444690                    /usr/lib/x86_64-linux-gnu/libstdc++.so.6.0.21
7f9b4bb5e000-7f9b4bd5e000 ---p 00172000 08:13 1444690                    /usr/lib/x86_64-linux-gnu/libstdc++.so.6.0.21
7f9b4bd5e000-7f9b4bd68000 r--p 00172000 08:13 1444690                    /usr/lib/x86_64-linux-gnu/libstdc++.so.6.0.21
7f9b4bd68000-7f9b4bd6a000 rw-p 0017c000 08:13 1444690                    /usr/lib/x86_64-linux-gnu/libstdc++.so.6.0.21
7f9b4bd6a000-7f9b4bd6e000 rw-p 00000000 00:00 0 
7f9b4bd6e000-7f9b4cbcc000 r-xp 00000000 08:13 1460444                    /usr/lib/jvm/java-9-openjdk-amd64/lib/amd64/server/libjvm.so
7f9b4cbcc000-7f9b4cdcc000 ---p 00e5e000 08:13 1460444                    /usr/lib/jvm/java-9-openjdk-amd64/lib/amd64/server/libjvm.so
7f9b4cdcc000-7f9b4ce7e000 r--p 00e5e000 08:13 1460444                    /usr/lib/jvm/java-9-openjdk-amd64/lib/amd64/server/libjvm.so
7f9b4ce7e000-7f9b4ceb0000 rw-p 00f10000 08:13 1460444                    /usr/lib/jvm/java-9-openjdk-amd64/lib/amd64/server/libjvm.so
7f9b4ceb0000-7f9b4cef5000 rw-p 00000000 00:00 0 
7f9b4cef5000-7f9b4cf0d000 r-xp 00000000 08:13 5378669                    /lib/x86_64-linux-gnu/libpthread-2.23.so
7f9b4cf0d000-7f9b4d10c000 ---p 00018000 08:13 5378669                    /lib/x86_64-linux-gnu/libpthread-2.23.so
7f9b4d10c000-7f9b4d10d000 r--p 00017000 08:13 5378669                    /lib/x86_64-linux-gnu/libpthread-2.23.so
7f9b4d10d000-7f9b4d10e000 rw-p 00018000 08:13 5378669                    /lib/x86_64-linux-gnu/libpthread-2.23.so
7f9b4d10e000-7f9b4d112000 rw-p 00000000 00:00 0 
7f9b4d112000-7f9b4d115000 r-xp 00000000 08:13 5378547                    /lib/x86_64-linux-gnu/libdl-2.23.so
7f9b4d115000-7f9b4d314000 ---p 00003000 08:13 5378547                    /lib/x86_64-linux-gnu/libdl-2.23.so
7f9b4d314000-7f9b4d315000 r--p 00002000 08:13 5378547                    /lib/x86_64-linux-gnu/libdl-2.23.so
7f9b4d315000-7f9b4d316000 rw-p 00003000 08:13 5378547                    /lib/x86_64-linux-gnu/libdl-2.23.so
7f9b4d316000-7f9b4d32f000 r-xp 00000000 08:13 5378714                    /lib/x86_64-linux-gnu/libz.so.1.2.8
7f9b4d32f000-7f9b4d52e000 ---p 00019000 08:13 5378714                    /lib/x86_64-linux-gnu/libz.so.1.2.8
7f9b4d52e000-7f9b4d52f000 r--p 00018000 08:13 5378714                    /lib/x86_64-linux-gnu/libz.so.1.2.8
7f9b4d52f000-7f9b4d530000 rw-p 00019000 08:13 5378714                    /lib/x86_64-linux-gnu/libz.so.1.2.8
7f9b4d530000-7f9b4d6f0000 r-xp 00000000 08:13 5378523                    /lib/x86_64-linux-gnu/libc-2.23.so
7f9b4d6f0000-7f9b4d8ef000 ---p 001c0000 08:13 5378523                    /lib/x86_64-linux-gnu/libc-2.23.so
7f9b4d8ef000-7f9b4d8f3000 r--p 001bf000 08:13 5378523                    /lib/x86_64-linux-gnu/libc-2.23.so
7f9b4d8f3000-7f9b4d8f5000 rw-p 001c3000 08:13 5378523                    /lib/x86_64-linux-gnu/libc-2.23.so
7f9b4d8f5000-7f9b4d8f9000 rw-p 00000000 00:00 0 
7f9b4d8f9000-7f9b4d907000 r-xp 00000000 08:13 1460461                    /usr/lib/jvm/java-9-openjdk-amd64/lib/amd64/jli/libjli.so
7f9b4d907000-7f9b4db06000 ---p 0000e000 08:13 1460461                    /usr/lib/jvm/java-9-openjdk-amd64/lib/amd64/jli/libjli.so
7f9b4db06000-7f9b4db07000 r--p 0000d000 08:13 1460461                    /usr/lib/jvm/java-9-openjdk-amd64/lib/amd64/jli/libjli.so
7f9b4db07000-7f9b4db08000 rw-p 0000e000 08:13 1460461                    /usr/lib/jvm/java-9-openjdk-amd64/lib/amd64/jli/libjli.so
7f9b4db08000-7f9b4db2e000 r-xp 00000000 08:13 5378495                    /lib/x86_64-linux-gnu/ld-2.23.so
7f9b4db44000-7f9b4dbde000 rw-p 00000000 00:00 0 
7f9b4dbde000-7f9b4dbe2000 ---p 00000000 00:00 0 
7f9b4dbe2000-7f9b4dce4000 rw-p 00000000 00:00 0 
7f9b4dced000-7f9b4dd1a000 rw-p 00000000 00:00 0 
7f9b4dd1a000-7f9b4dd21000 ---p 00000000 00:00 0 
7f9b4dd21000-7f9b4dd29000 rw-s 00000000 08:13 6168091                    /tmp/hsperfdata_orgho/20993
7f9b4dd29000-7f9b4dd2a000 rw-p 00000000 00:00 0 
7f9b4dd2a000-7f9b4dd2b000 r--p 00000000 00:00 0 
7f9b4dd2b000-7f9b4dd2d000 rw-p 00000000 00:00 0 
7f9b4dd2d000-7f9b4dd2e000 r--p 00025000 08:13 5378495                    /lib/x86_64-linux-gnu/ld-2.23.so
7f9b4dd2e000-7f9b4dd2f000 rw-p 00026000 08:13 5378495                    /lib/x86_64-linux-gnu/ld-2.23.so
7f9b4dd2f000-7f9b4dd30000 rw-p 00000000 00:00 0 
7ffe666ff000-7ffe66721000 rw-p 00000000 00:00 0                          [stack]
7ffe66798000-7ffe6679a000 r--p 00000000 00:00 0                          [vvar]
7ffe6679a000-7ffe6679c000 r-xp 00000000 00:00 0                          [vdso]
ffffffffff600000-ffffffffff601000 r-xp 00000000 00:00 0                  [vsyscall]

VM Arguments:
java_command: HardwareSimulatorMain
java_class_path (initial): :bin/classes:BuiltIn:bin/lib/Hack.jar:bin/lib/HackGUI.jar:bin/lib/Simulators.jar:bin/lib/SimulatorsGUI.jar:bin/lib/Compilers.jar
Launcher Type: SUN_STANDARD

Environment Variables:
PATH=/opt/ros/kinetic/bin:/home/orgho/Documents/ROOT/bin:/usr/local/sbin:/usr/local/bin:/usr/sbin:/usr/bin:/sbin:/bin:/usr/games:/usr/local/games:/snap/bin
LD_LIBRARY_PATH=/opt/ros/kinetic/lib:/home/orgho/Documents/ROOT/lib
SHELL=/bin/bash
DISPLAY=:0
DYLD_LIBRARY_PATH=/home/orgho/Documents/ROOT/lib

Signal Handlers:
SIGSEGV: [libjvm.so+0xc12c20], sa_mask[0]=11111111011111111101111111111110, sa_flags=SA_RESTART|SA_SIGINFO
SIGBUS: [libjvm.so+0xc12c20], sa_mask[0]=11111111011111111101111111111110, sa_flags=SA_RESTART|SA_SIGINFO
SIGFPE: [libjvm.so+0xc12c20], sa_mask[0]=11111111011111111101111111111110, sa_flags=SA_RESTART|SA_SIGINFO
SIGPIPE: [libjvm.so+0xa3b600], sa_mask[0]=11111111011111111101111111111110, sa_flags=SA_RESTART|SA_SIGINFO
SIGXFSZ: [libjvm.so+0xa3b600], sa_mask[0]=11111111011111111101111111111110, sa_flags=SA_RESTART|SA_SIGINFO
SIGILL: [libjvm.so+0xc12c20], sa_mask[0]=11111111011111111101111111111110, sa_flags=SA_RESTART|SA_SIGINFO
SIGUSR2: [libjvm.so+0xa3b4a0], sa_mask[0]=00000000000000000000000000000000, sa_flags=SA_RESTART|SA_SIGINFO
SIGHUP: [libjvm.so+0xa3b870], sa_mask[0]=11111111011111111101111111111110, sa_flags=SA_RESTART|SA_SIGINFO
SIGINT: [libjvm.so+0xa3b870], sa_mask[0]=11111111011111111101111111111110, sa_flags=SA_RESTART|SA_SIGINFO
SIGTERM: [libjvm.so+0xa3b870], sa_mask[0]=11111111011111111101111111111110, sa_flags=SA_RESTART|SA_SIGINFO
SIGQUIT: [libjvm.so+0xa3b870], sa_mask[0]=11111111011111111101111111111110, sa_flags=SA_RESTART|SA_SIGINFO


---------------  S Y S T E M  ---------------

OS:DISTRIB_ID=Ubuntu
DISTRIB_RELEASE=16.04
DISTRIB_CODENAME=xenial
DISTRIB_DESCRIPTION="Ubuntu 16.04 LTS"
uname:Linux 4.4.0-45-generic #66-Ubuntu SMP Wed Oct 19 14:12:37 UTC 2016 x86_64
libc:glibc 2.23 NPTL 2.23 
rlimit: STACK 8192k, CORE 0k, NPROC 63172, NOFILE 65536, AS infinity
load average:6.06 2.25 1.31

/proc/meminfo:
MemTotal:       16256028 kB
MemFree:         6828028 kB
MemAvailable:   10768208 kB
Buffers:          337724 kB
Cached:          3759012 kB
SwapCached:            0 kB
Active:          6731272 kB
Inactive:        2159124 kB
Active(anon):    4803832 kB
Inactive(anon):    90960 kB
Active(file):    1927440 kB
Inactive(file):  2068164 kB
Unevictable:         120 kB
Mlocked:             120 kB
SwapTotal:      16600060 kB
SwapFree:       16600060 kB
Dirty:             10844 kB
Writeback:           192 kB
AnonPages:       4793812 kB
Mapped:           600528 kB
Shmem:            101136 kB
Slab:             338236 kB
SReclaimable:     286916 kB
SUnreclaim:        51320 kB
KernelStack:       10464 kB
PageTables:        44664 kB
NFS_Unstable:          0 kB
Bounce:                0 kB
WritebackTmp:          0 kB
CommitLimit:    24728072 kB
Committed_AS:    9862452 kB
VmallocTotal:   34359738367 kB
VmallocUsed:           0 kB
VmallocChunk:          0 kB
HardwareCorrupted:     0 kB
AnonHugePages:   1624064 kB
CmaTotal:              0 kB
CmaFree:               0 kB
HugePages_Total:       0
HugePages_Free:        0
HugePages_Rsvd:        0
HugePages_Surp:        0
Hugepagesize:       2048 kB
DirectMap4k:      295184 kB
DirectMap2M:    13160448 kB
DirectMap1G:     4194304 kB


CPU:total 8 (4 cores per cpu, 2 threads per core) family 6 model 94 stepping 3, cmov, cx8, fxsr, mmx, sse, sse2, sse3, ssse3, sse4.1, sse4.2, popcnt, avx, avx2, aes, clmul, erms, rtm, 3dnowpref, lzcnt, ht, tsc, tscinvbit, bmi1, bmi2, adx

CPU Model and flags from /proc/cpuinfo:
model name	: Intel(R) Core(TM) i7-6700HQ CPU @ 2.60GHz
flags		: fpu vme de pse tsc msr pae mce cx8 apic sep mtrr pge mca cmov pat pse36 clflush dts acpi mmx fxsr sse sse2 ss ht tm pbe syscall nx pdpe1gb rdtscp lm constant_tsc art arch_perfmon pebs bts rep_good nopl xtopology nonstop_tsc aperfmperf eagerfpu pni pclmulqdq dtes64 monitor ds_cpl vmx est tm2 ssse3 sdbg fma cx16 xtpr pdcm pcid sse4_1 sse4_2 x2apic movbe popcnt tsc_deadline_timer aes xsave avx f16c rdrand lahf_lm abm 3dnowprefetch epb intel_pt tpr_shadow vnmi flexpriority ept vpid fsgsbase tsc_adjust bmi1 hle avx2 smep bmi2 erms invpcid rtm mpx rdseed adx smap clflushopt xsaveopt xsavec xgetbv1 dtherm ida arat pln pts hwp hwp_notify hwp_act_window hwp_epp

Memory: 4k page, physical 16256028k(6828028k free), swap 16600060k(16600060k free)

vm_info: OpenJDK 64-Bit Server VM (9-internal+0-2016-04-14-195246.buildd.src) for linux-amd64 JRE (9-internal+0-2016-04-14-195246.buildd.src), built on Apr 14 2016 20:05:37 by "buildd" with gcc 5.3.1 20160413

END.
